#
# There is insufficient memory for the Java Runtime Environment to continue.
# Native memory allocation (malloc) failed to allocate 1164816 bytes for Chunk::new
# Possible reasons:
#   The system is out of physical RAM or swap space
#   The process is running with CompressedOops enabled, and the Java Heap may be blocking the growth of the native heap
# Possible solutions:
#   Reduce memory load on the system
#   Increase physical memory or swap space
#   Check if swap backing store is full
#   Decrease Java heap size (-Xmx/-Xms)
#   Decrease number of Java threads
#   Decrease Java thread stack sizes (-Xss)
#   Set larger code cache with -XX:ReservedCodeCacheSize=
#   JVM is running with Unscaled Compressed Oops mode in which the Java heap is
#     placed in the first 4GB address space. The Java Heap base address is the
#     maximum limit for the native heap growth. Please use -XX:HeapBaseMinAddress
#     to set the Java Heap base and to place the Java Heap above 4GB virtual address.
# This output file may be truncated or incomplete.
#
#  Out of Memory Error (./open/src/hotspot/share/memory/arena.cpp:197), pid=4340, tid=8052
#
# JRE version: Java(TM) SE Runtime Environment 18.9 (11.0.13+10) (build 11.0.13+10-LTS-370)
# Java VM: Java HotSpot(TM) 64-Bit Server VM 18.9 (11.0.13+10-LTS-370, mixed mode, tiered, compressed oops, g1 gc, windows-amd64)
# No core dump will be written. Minidumps are not enabled by default on client versions of Windows
#

---------------  S U M M A R Y ------------

Command Line: -javaagent:C:\Program Files\JetBrains\IntelliJ IDEA Community Edition 2021.2.3\lib\idea_rt.jar=50972:C:\Program Files\JetBrains\IntelliJ IDEA Community Edition 2021.2.3\bin -Dfile.encoding=UTF-8 Main

Host: Intel(R) Core(TM) i5-5257U CPU @ 2.70GHz, 4 cores, 7G,  Windows 10 , 64 bit Build 19041 (10.0.19041.1320)
Time: Thu Nov 11 12:10:22 2021 Pacific Standard Time elapsed time: 19.430366 seconds (0d 0h 0m 19s)

---------------  T H R E A D  ---------------

Current thread (0x00000298b13e5800):  JavaThread "C2 CompilerThread1" daemon [_thread_in_native, id=8052, stack(0x000000fa41700000,0x000000fa41800000)]


Current CompileTask:
C2:  19430 8837       4       org.apache.derby.impl.store.access.btree.BTreeForwardScan::fetchRows (689 bytes)

Stack: [0x000000fa41700000,0x000000fa41800000]
Native frames: (J=compiled Java code, j=interpreted, Vv=VM code, C=native code)
V  [jvm.dll+0x62870a]
V  [jvm.dll+0x761f2f]
V  [jvm.dll+0x7635d9]
V  [jvm.dll+0x763c63]
V  [jvm.dll+0x23d728]
V  [jvm.dll+0xb293c]
V  [jvm.dll+0xb2efc]
V  [jvm.dll+0x2ae384]
V  [jvm.dll+0x53bfd6]
V  [jvm.dll+0x20058d]
V  [jvm.dll+0x1fa33a]
V  [jvm.dll+0x1f731d]
V  [jvm.dll+0x177991]
V  [jvm.dll+0x206d84]
V  [jvm.dll+0x204ebb]
V  [jvm.dll+0x727e70]
V  [jvm.dll+0x720a54]
V  [jvm.dll+0x627606]
C  [ucrtbase.dll+0x21bb2]
C  [KERNEL32.DLL+0x17034]
C  [ntdll.dll+0x52651]


---------------  P R O C E S S  ---------------

Threads class SMR info:
_java_thread_list=0x00000298b0b1e070, length=58, elements={
0x000002988e052000, 0x00000298ab6a6800, 0x00000298ab6aa000, 0x00000298ab6bc800,
0x00000298ab6be000, 0x00000298ab6bf000, 0x00000298ab6c4000, 0x00000298ab6c7800,
0x00000298ab6ce000, 0x00000298ac298000, 0x00000298ac948800, 0x00000298ac58b000,
0x00000298ad87f000, 0x00000298afece800, 0x00000298af495000, 0x00000298afe60000,
0x00000298af547800, 0x00000298afe60800, 0x00000298af3c9000, 0x00000298b0002800,
0x00000298b0003800, 0x00000298afffd800, 0x00000298b0002000, 0x00000298afffe800,
0x00000298b0000000, 0x00000298affff800, 0x00000298b0001000, 0x00000298b0004000,
0x00000298b250c000, 0x00000298b2508000, 0x00000298b250a800, 0x00000298b250e000,
0x00000298b2509000, 0x00000298b250a000, 0x00000298b2511000, 0x00000298b250d000,
0x00000298b250f800, 0x00000298b250b800, 0x00000298b250e800, 0x00000298b2516000,
0x00000298b2514800, 0x00000298b2512000, 0x00000298b2512800, 0x00000298b2513800,
0x00000298b2515000, 0x00000298b2510800, 0x00000298b2517000, 0x00000298b2eb1800,
0x00000298b2eb0800, 0x00000298b2eb3000, 0x00000298b2eaf800, 0x00000298b2eb4000,
0x00000298b2eae000, 0x00000298b2eb4800, 0x00000298b2fee000, 0x00000298b2fef000,
0x00000298b2fef800, 0x00000298b13e5800
}

Java Threads: ( => current thread )
  0x000002988e052000 JavaThread "main" [_thread_in_Java, id=8792, stack(0x000000fa3dd00000,0x000000fa3de00000)]
  0x00000298ab6a6800 JavaThread "Reference Handler" daemon [_thread_blocked, id=10792, stack(0x000000fa3e400000,0x000000fa3e500000)]
  0x00000298ab6aa000 JavaThread "Finalizer" daemon [_thread_blocked, id=8688, stack(0x000000fa3e500000,0x000000fa3e600000)]
  0x00000298ab6bc800 JavaThread "Signal Dispatcher" daemon [_thread_blocked, id=4396, stack(0x000000fa3e600000,0x000000fa3e700000)]
  0x00000298ab6be000 JavaThread "Attach Listener" daemon [_thread_blocked, id=7568, stack(0x000000fa3e700000,0x000000fa3e800000)]
  0x00000298ab6bf000 JavaThread "Service Thread" daemon [_thread_blocked, id=1896, stack(0x000000fa3e800000,0x000000fa3e900000)]
  0x00000298ab6c4000 JavaThread "C2 CompilerThread0" daemon [_thread_in_native, id=1012, stack(0x000000fa3e900000,0x000000fa3ea00000)]
  0x00000298ab6c7800 JavaThread "C1 CompilerThread0" daemon [_thread_blocked, id=12256, stack(0x000000fa3ea00000,0x000000fa3eb00000)]
  0x00000298ab6ce000 JavaThread "Sweeper thread" daemon [_thread_blocked, id=1428, stack(0x000000fa3eb00000,0x000000fa3ec00000)]
  0x00000298ac298000 JavaThread "Common-Cleaner" daemon [_thread_blocked, id=12668, stack(0x000000fa3ec00000,0x000000fa3ed00000)]
  0x00000298ac948800 JavaThread "Monitor Ctrl-Break" daemon [_thread_in_native, id=1480, stack(0x000000fa3ee00000,0x000000fa3ef00000)]
  0x00000298ac58b000 JavaThread "mysql-cj-abandoned-connection-cleanup" daemon [_thread_blocked, id=6932, stack(0x000000fa3f100000,0x000000fa3f200000)]
  0x00000298ad87f000 JavaThread "rpc-boss-3-1" daemon [_thread_in_native, id=13296, stack(0x000000fa3ed00000,0x000000fa3ee00000)]
  0x00000298afece800 JavaThread "dispatcher-event-loop-0" daemon [_thread_blocked, id=2468, stack(0x000000fa3f300000,0x000000fa3f400000)]
  0x00000298af495000 JavaThread "dispatcher-event-loop-1" daemon [_thread_blocked, id=7564, stack(0x000000fa3f400000,0x000000fa3f500000)]
  0x00000298afe60000 JavaThread "map-output-dispatcher-0" daemon [_thread_blocked, id=6884, stack(0x000000fa3f500000,0x000000fa3f600000)]
  0x00000298af547800 JavaThread "map-output-dispatcher-1" daemon [_thread_blocked, id=4012, stack(0x000000fa3f600000,0x000000fa3f700000)]
  0x00000298afe60800 JavaThread "map-output-dispatcher-2" daemon [_thread_blocked, id=9792, stack(0x000000fa3f700000,0x000000fa3f800000)]
  0x00000298af3c9000 JavaThread "map-output-dispatcher-3" daemon [_thread_blocked, id=1292, stack(0x000000fa3f800000,0x000000fa3f900000)]
  0x00000298b0002800 JavaThread "map-output-dispatcher-4" daemon [_thread_blocked, id=4264, stack(0x000000fa3f900000,0x000000fa3fa00000)]
  0x00000298b0003800 JavaThread "map-output-dispatcher-5" daemon [_thread_blocked, id=13196, stack(0x000000fa3fa00000,0x000000fa3fb00000)]
  0x00000298afffd800 JavaThread "map-output-dispatcher-6" daemon [_thread_blocked, id=12352, stack(0x000000fa3fb00000,0x000000fa3fc00000)]
  0x00000298b0002000 JavaThread "map-output-dispatcher-7" daemon [_thread_blocked, id=13128, stack(0x000000fa3fc00000,0x000000fa3fd00000)]
  0x00000298afffe800 JavaThread "dispatcher-BlockManagerMaster" daemon [_thread_blocked, id=9580, stack(0x000000fa3fd00000,0x000000fa3fe00000)]
  0x00000298b0000000 JavaThread "dispatcher-BlockManagerEndpoint1" daemon [_thread_blocked, id=6364, stack(0x000000fa3ff00000,0x000000fa40000000)]
  0x00000298affff800 JavaThread "RemoteBlock-temp-file-clean-thread" daemon [_thread_blocked, id=10016, stack(0x000000fa40000000,0x000000fa40100000)]
  0x00000298b0001000 JavaThread "SparkUI-31" daemon [_thread_in_native, id=10096, stack(0x000000fa40100000,0x000000fa40200000)]
  0x00000298b0004000 JavaThread "SparkUI-32" daemon [_thread_blocked, id=5340, stack(0x000000fa40200000,0x000000fa40300000)]
  0x00000298b250c000 JavaThread "SparkUI-33" daemon [_thread_blocked, id=10548, stack(0x000000fa40300000,0x000000fa40400000)]
  0x00000298b2508000 JavaThread "SparkUI-34" daemon [_thread_blocked, id=8752, stack(0x000000fa40400000,0x000000fa40500000)]
  0x00000298b250a800 JavaThread "SparkUI-35" daemon [_thread_blocked, id=12592, stack(0x000000fa40500000,0x000000fa40600000)]
  0x00000298b250e000 JavaThread "SparkUI-36" daemon [_thread_blocked, id=12424, stack(0x000000fa40600000,0x000000fa40700000)]
  0x00000298b2509000 JavaThread "SparkUI-37-acceptor-0@183d06a6-ServerConnector@16fafbd1{HTTP/1.1, (http/1.1)}{0.0.0.0:4040}" daemon [_thread_in_native, id=9388, stack(0x000000fa40700000,0x000000fa40800000)]
  0x00000298b250a000 JavaThread "SparkUI-38" daemon [_thread_in_native, id=11512, stack(0x000000fa40800000,0x000000fa40900000)]
  0x00000298b2511000 JavaThread "heartbeat-receiver-event-loop-thread" daemon [_thread_blocked, id=120, stack(0x000000fa40900000,0x000000fa40a00000)]
  0x00000298b250d000 JavaThread "task-starvation-timer" daemon [_thread_blocked, id=9468, stack(0x000000fa40a00000,0x000000fa40b00000)]
  0x00000298b250f800 JavaThread "task-abort-timer" daemon [_thread_blocked, id=12952, stack(0x000000fa40b00000,0x000000fa40c00000)]
  0x00000298b250b800 JavaThread "netty-rpc-env-timeout" daemon [_thread_blocked, id=10444, stack(0x000000fa40c00000,0x000000fa40d00000)]
  0x00000298b250e800 JavaThread "dag-scheduler-event-loop" daemon [_thread_blocked, id=9056, stack(0x000000fa40d00000,0x000000fa40e00000)]
  0x00000298b2516000 JavaThread "driver-heartbeater" daemon [_thread_blocked, id=3032, stack(0x000000fa40e00000,0x000000fa40f00000)]
  0x00000298b2514800 JavaThread "executor-heartbeater" daemon [_thread_blocked, id=11004, stack(0x000000fa40f00000,0x000000fa41000000)]
  0x00000298b2512000 JavaThread "shuffle-boss-6-1" daemon [_thread_in_native, id=9588, stack(0x000000fa41000000,0x000000fa41100000)]
  0x00000298b2512800 JavaThread "Spark Context Cleaner" daemon [_thread_blocked, id=2108, stack(0x000000fa3fe00000,0x000000fa3ff00000)]
  0x00000298b2513800 JavaThread "context-cleaner-periodic-gc" daemon [_thread_blocked, id=8248, stack(0x000000fa41100000,0x000000fa41200000)]
  0x00000298b2515000 JavaThread "spark-listener-group-appStatus" daemon [_thread_blocked, id=10388, stack(0x000000fa41200000,0x000000fa41300000)]
  0x00000298b2510800 JavaThread "spark-listener-group-executorManagement" daemon [_thread_blocked, id=5432, stack(0x000000fa41300000,0x000000fa41400000)]
  0x00000298b2517000 JavaThread "element-tracking-store-worker" daemon [_thread_blocked, id=7456, stack(0x000000fa41400000,0x000000fa41500000)]
  0x00000298b2eb1800 JavaThread "spark-listener-group-shared" daemon [_thread_blocked, id=13212, stack(0x000000fa41500000,0x000000fa41600000)]
  0x00000298b2eb0800 JavaThread "org.apache.hadoop.fs.FileSystem$Statistics$StatisticsDataReferenceCleaner" daemon [_thread_blocked, id=3508, stack(0x000000fa41600000,0x000000fa41700000)]
  0x00000298b2eb3000 JavaThread "Timer-0" daemon [_thread_blocked, id=11760, stack(0x000000fa41800000,0x000000fa41900000)]
  0x00000298b2eaf800 JavaThread "derby.rawStoreDaemon" daemon [_thread_blocked, id=2236, stack(0x000000fa41900000,0x000000fa41a00000)]
  0x00000298b2eb4000 JavaThread "com.google.common.base.internal.Finalizer" daemon [_thread_blocked, id=4572, stack(0x000000fa41a00000,0x000000fa41b00000)]
  0x00000298b2eae000 JavaThread "BoneCP-keep-alive-scheduler" daemon [_thread_blocked, id=11608, stack(0x000000fa41b00000,0x000000fa41c00000)]
  0x00000298b2eb4800 JavaThread "BoneCP-pool-watch-thread" daemon [_thread_blocked, id=9752, stack(0x000000fa41c00000,0x000000fa41d00000)]
  0x00000298b2fee000 JavaThread "com.google.common.base.internal.Finalizer" daemon [_thread_blocked, id=2812, stack(0x000000fa41d00000,0x000000fa41e00000)]
  0x00000298b2fef000 JavaThread "BoneCP-keep-alive-scheduler" daemon [_thread_blocked, id=10908, stack(0x000000fa41e00000,0x000000fa41f00000)]
  0x00000298b2fef800 JavaThread "BoneCP-pool-watch-thread" daemon [_thread_blocked, id=11400, stack(0x000000fa41f00000,0x000000fa42000000)]
=>0x00000298b13e5800 JavaThread "C2 CompilerThread1" daemon [_thread_in_native, id=8052, stack(0x000000fa41700000,0x000000fa41800000)]

Other Threads:
  0x00000298ab681000 VMThread "VM Thread" [stack: 0x000000fa3e300000,0x000000fa3e400000] [id=1920]
  0x00000298accb5000 WatcherThread [stack: 0x000000fa3ef00000,0x000000fa3f000000] [id=1372]
  0x000002988e06b000 GCTaskThread "GC Thread#0" [stack: 0x000000fa3de00000,0x000000fa3df00000] [id=6356]
  0x00000298ac8a9800 GCTaskThread "GC Thread#1" [stack: 0x000000fa3f000000,0x000000fa3f100000] [id=2780]
  0x00000298ac8aa800 GCTaskThread "GC Thread#2" [stack: 0x000000fa3f200000,0x000000fa3f300000] [id=9364]
  0x000002988befe000 ConcurrentGCThread "G1 Main Marker" [stack: 0x000000fa3df00000,0x000000fa3e000000] [id=10292]
  0x000002988e097000 ConcurrentGCThread "G1 Conc#0" [stack: 0x000000fa3e000000,0x000000fa3e100000] [id=9424]
  0x00000298ab4f1800 ConcurrentGCThread "G1 Refine#0" [stack: 0x000000fa3e100000,0x000000fa3e200000] [id=2164]
  0x000002988e108800 ConcurrentGCThread "G1 Young RemSet Sampling" [stack: 0x000000fa3e200000,0x000000fa3e300000] [id=4232]

Threads with active compile tasks:
C2 CompilerThread0  19469 8888       4       org.antlr.v4.runtime.atn.ParserATNSimulator::closure_ (311 bytes)
C2 CompilerThread1  19469 8837       4       org.apache.derby.impl.store.access.btree.BTreeForwardScan::fetchRows (689 bytes)

VM state:not at safepoint (normal execution)

VM Mutex/Monitor currently owned by a thread: None

Heap address: 0x0000000081800000, size: 2024 MB, Compressed Oops mode: 32-bit
Narrow klass base: 0x0000000000000000, Narrow klass shift: 3
Compressed class space size: 1073741824 Address: 0x0000000100000000

Heap:
 garbage-first heap   total 157696K, used 83662K [0x0000000081800000, 0x0000000100000000)
  region size 1024K, 40 young (40960K), 5 survivors (5120K)
 Metaspace       used 122399K, capacity 128068K, committed 128308K, reserved 1159168K
  class space    used 15288K, capacity 18911K, committed 18924K, reserved 1048576K
Heap Regions: E=young(eden), S=young(survivor), O=old, HS=humongous(starts), HC=humongous(continues), CS=collection set, F=free, A=archive, TAMS=top-at-mark-start (previous, next)
|   0|0x0000000081800000, 0x0000000081900000, 0x0000000081900000|100%|HS|  |TAMS 0x0000000081900000, 0x0000000081800000| Complete 
|   1|0x0000000081900000, 0x0000000081a00000, 0x0000000081a00000|100%|HC|  |TAMS 0x0000000081a00000, 0x0000000081900000| Complete 
|   2|0x0000000081a00000, 0x0000000081b00000, 0x0000000081b00000|100%|HS|  |TAMS 0x0000000081b00000, 0x0000000081a00000| Complete 
|   3|0x0000000081b00000, 0x0000000081c00000, 0x0000000081c00000|100%|HC|  |TAMS 0x0000000081c00000, 0x0000000081b00000| Complete 
|   4|0x0000000081c00000, 0x0000000081d00000, 0x0000000081d00000|100%|HC|  |TAMS 0x0000000081d00000, 0x0000000081c00000| Complete 
|   5|0x0000000081d00000, 0x0000000081e00000, 0x0000000081e00000|100%|HS|  |TAMS 0x0000000081e00000, 0x0000000081d00000| Complete 
|   6|0x0000000081e00000, 0x0000000081f00000, 0x0000000081f00000|100%|HS|  |TAMS 0x0000000081f00000, 0x0000000081e00000| Complete 
|   7|0x0000000081f00000, 0x0000000082000000, 0x0000000082000000|100%| O|  |TAMS 0x0000000082000000, 0x0000000081f00000| Untracked 
|   8|0x0000000082000000, 0x0000000082100000, 0x0000000082100000|100%| O|  |TAMS 0x0000000082100000, 0x0000000082000000| Untracked 
|   9|0x0000000082100000, 0x0000000082200000, 0x0000000082200000|100%| O|  |TAMS 0x0000000082200000, 0x0000000082100000| Untracked 
|  10|0x0000000082200000, 0x0000000082300000, 0x0000000082300000|100%| O|  |TAMS 0x0000000082300000, 0x0000000082200000| Untracked 
|  11|0x0000000082300000, 0x0000000082400000, 0x0000000082400000|100%| O|  |TAMS 0x0000000082400000, 0x0000000082300000| Untracked 
|  12|0x0000000082400000, 0x0000000082500000, 0x0000000082500000|100%| O|  |TAMS 0x0000000082500000, 0x0000000082400000| Untracked 
|  13|0x0000000082500000, 0x0000000082600000, 0x0000000082600000|100%| O|  |TAMS 0x0000000082600000, 0x0000000082500000| Untracked 
|  14|0x0000000082600000, 0x0000000082700000, 0x0000000082700000|100%| O|  |TAMS 0x0000000082700000, 0x0000000082600000| Untracked 
|  15|0x0000000082700000, 0x0000000082800000, 0x0000000082800000|100%| O|  |TAMS 0x0000000082800000, 0x0000000082700000| Untracked 
|  16|0x0000000082800000, 0x0000000082900000, 0x0000000082900000|100%| O|  |TAMS 0x0000000082900000, 0x0000000082800000| Untracked 
|  17|0x0000000082900000, 0x0000000082a00000, 0x0000000082a00000|100%| O|  |TAMS 0x0000000082a00000, 0x0000000082900000| Untracked 
|  18|0x0000000082a00000, 0x0000000082b00000, 0x0000000082b00000|100%| O|  |TAMS 0x0000000082b00000, 0x0000000082a00000| Untracked 
|  19|0x0000000082b00000, 0x0000000082c00000, 0x0000000082c00000|100%| O|  |TAMS 0x0000000082c00000, 0x0000000082b00000| Untracked 
|  20|0x0000000082c00000, 0x0000000082d00000, 0x0000000082d00000|100%| O|  |TAMS 0x0000000082d00000, 0x0000000082c00000| Untracked 
|  21|0x0000000082d00000, 0x0000000082e00000, 0x0000000082e00000|100%| O|  |TAMS 0x0000000082e00000, 0x0000000082d00000| Untracked 
|  22|0x0000000082e00000, 0x0000000082f00000, 0x0000000082f00000|100%| O|  |TAMS 0x0000000082f00000, 0x0000000082e00000| Untracked 
|  23|0x0000000082f00000, 0x0000000083000000, 0x0000000083000000|100%| O|  |TAMS 0x0000000083000000, 0x0000000082f00000| Untracked 
|  24|0x0000000083000000, 0x0000000083100000, 0x0000000083100000|100%| O|  |TAMS 0x0000000083100000, 0x0000000083000000| Untracked 
|  25|0x0000000083100000, 0x0000000083200000, 0x0000000083200000|100%| O|  |TAMS 0x0000000083200000, 0x0000000083100000| Untracked 
|  26|0x0000000083200000, 0x0000000083300000, 0x0000000083300000|100%| O|  |TAMS 0x0000000083300000, 0x0000000083200000| Untracked 
|  27|0x0000000083300000, 0x0000000083400000, 0x0000000083400000|100%| O|  |TAMS 0x0000000083400000, 0x0000000083300000| Untracked 
|  28|0x0000000083400000, 0x0000000083500000, 0x0000000083500000|100%| O|  |TAMS 0x0000000083500000, 0x0000000083400000| Untracked 
|  29|0x0000000083500000, 0x0000000083600000, 0x0000000083600000|100%| O|  |TAMS 0x0000000083600000, 0x0000000083500000| Untracked 
|  30|0x0000000083600000, 0x0000000083700000, 0x0000000083700000|100%| O|  |TAMS 0x0000000083700000, 0x0000000083600000| Untracked 
|  31|0x0000000083700000, 0x0000000083800000, 0x0000000083800000|100%| O|  |TAMS 0x0000000083800000, 0x0000000083700000| Untracked 
|  32|0x0000000083800000, 0x0000000083900000, 0x0000000083900000|100%| O|  |TAMS 0x0000000083900000, 0x0000000083800000| Untracked 
|  33|0x0000000083900000, 0x0000000083a00000, 0x0000000083a00000|100%| O|  |TAMS 0x0000000083a00000, 0x0000000083900000| Untracked 
|  34|0x0000000083a00000, 0x0000000083b00000, 0x0000000083b00000|100%| O|  |TAMS 0x0000000083b00000, 0x0000000083a00000| Untracked 
|  35|0x0000000083b00000, 0x0000000083c00000, 0x0000000083c00000|100%| O|  |TAMS 0x0000000083c00000, 0x0000000083b00000| Untracked 
|  36|0x0000000083c00000, 0x0000000083d00000, 0x0000000083d00000|100%| O|  |TAMS 0x0000000083d00000, 0x0000000083c00000| Untracked 
|  37|0x0000000083d00000, 0x0000000083e00000, 0x0000000083e00000|100%| O|  |TAMS 0x0000000083e00000, 0x0000000083d00000| Untracked 
|  38|0x0000000083e00000, 0x0000000083f00000, 0x0000000083f00000|100%| O|  |TAMS 0x0000000083f00000, 0x0000000083e00000| Untracked 
|  39|0x0000000083f00000, 0x0000000084000000, 0x0000000084000000|100%| O|  |TAMS 0x0000000084000000, 0x0000000083f00000| Untracked 
|  40|0x0000000084000000, 0x0000000084100000, 0x0000000084100000|100%| O|  |TAMS 0x0000000084100000, 0x0000000084000000| Untracked 
|  41|0x0000000084100000, 0x0000000084200000, 0x0000000084200000|100%| O|  |TAMS 0x0000000084200000, 0x0000000084100000| Untracked 
|  42|0x0000000084200000, 0x0000000084300000, 0x0000000084300000|100%| O|  |TAMS 0x0000000084300000, 0x0000000084200000| Untracked 
|  43|0x0000000084300000, 0x0000000084337200, 0x0000000084400000| 21%| O|  |TAMS 0x0000000084337200, 0x0000000084300000| Untracked 
|  44|0x0000000084400000, 0x0000000084400000, 0x0000000084500000|  0%| F|  |TAMS 0x0000000084400000, 0x0000000084400000| Untracked 
|  45|0x0000000084500000, 0x0000000084500000, 0x0000000084600000|  0%| F|  |TAMS 0x0000000084500000, 0x0000000084500000| Untracked 
|  46|0x0000000084600000, 0x0000000084600000, 0x0000000084700000|  0%| F|  |TAMS 0x0000000084600000, 0x0000000084600000| Untracked 
|  47|0x0000000084700000, 0x0000000084700000, 0x0000000084800000|  0%| F|  |TAMS 0x0000000084700000, 0x0000000084700000| Untracked 
|  48|0x0000000084800000, 0x0000000084800000, 0x0000000084900000|  0%| F|  |TAMS 0x0000000084800000, 0x0000000084800000| Untracked 
|  49|0x0000000084900000, 0x0000000084900000, 0x0000000084a00000|  0%| F|  |TAMS 0x0000000084900000, 0x0000000084900000| Untracked 
|  50|0x0000000084a00000, 0x0000000084a00000, 0x0000000084b00000|  0%| F|  |TAMS 0x0000000084a00000, 0x0000000084a00000| Untracked 
|  51|0x0000000084b00000, 0x0000000084b00000, 0x0000000084c00000|  0%| F|  |TAMS 0x0000000084b00000, 0x0000000084b00000| Untracked 
|  52|0x0000000084c00000, 0x0000000084c00000, 0x0000000084d00000|  0%| F|  |TAMS 0x0000000084c00000, 0x0000000084c00000| Untracked 
|  53|0x0000000084d00000, 0x0000000084d00000, 0x0000000084e00000|  0%| F|  |TAMS 0x0000000084d00000, 0x0000000084d00000| Untracked 
|  54|0x0000000084e00000, 0x0000000084e00000, 0x0000000084f00000|  0%| F|  |TAMS 0x0000000084e00000, 0x0000000084e00000| Untracked 
|  55|0x0000000084f00000, 0x0000000084f00000, 0x0000000085000000|  0%| F|  |TAMS 0x0000000084f00000, 0x0000000084f00000| Untracked 
|  56|0x0000000085000000, 0x0000000085000000, 0x0000000085100000|  0%| F|  |TAMS 0x0000000085000000, 0x0000000085000000| Untracked 
|  57|0x0000000085100000, 0x0000000085100000, 0x0000000085200000|  0%| F|  |TAMS 0x0000000085100000, 0x0000000085100000| Untracked 
|  58|0x0000000085200000, 0x0000000085200000, 0x0000000085300000|  0%| F|  |TAMS 0x0000000085200000, 0x0000000085200000| Untracked 
|  59|0x0000000085300000, 0x0000000085300000, 0x0000000085400000|  0%| F|  |TAMS 0x0000000085300000, 0x0000000085300000| Untracked 
|  60|0x0000000085400000, 0x0000000085400000, 0x0000000085500000|  0%| F|  |TAMS 0x0000000085400000, 0x0000000085400000| Untracked 
|  61|0x0000000085500000, 0x0000000085500000, 0x0000000085600000|  0%| F|  |TAMS 0x0000000085500000, 0x0000000085500000| Untracked 
|  62|0x0000000085600000, 0x0000000085600000, 0x0000000085700000|  0%| F|  |TAMS 0x0000000085600000, 0x0000000085600000| Untracked 
|  63|0x0000000085700000, 0x0000000085700000, 0x0000000085800000|  0%| F|  |TAMS 0x0000000085700000, 0x0000000085700000| Untracked 
|  64|0x0000000085800000, 0x0000000085800000, 0x0000000085900000|  0%| F|  |TAMS 0x0000000085800000, 0x0000000085800000| Untracked 
|  65|0x0000000085900000, 0x0000000085900000, 0x0000000085a00000|  0%| F|  |TAMS 0x0000000085900000, 0x0000000085900000| Untracked 
|  66|0x0000000085a00000, 0x0000000085a00000, 0x0000000085b00000|  0%| F|  |TAMS 0x0000000085a00000, 0x0000000085a00000| Untracked 
|  67|0x0000000085b00000, 0x0000000085b00000, 0x0000000085c00000|  0%| F|  |TAMS 0x0000000085b00000, 0x0000000085b00000| Untracked 
|  68|0x0000000085c00000, 0x0000000085c00000, 0x0000000085d00000|  0%| F|  |TAMS 0x0000000085c00000, 0x0000000085c00000| Untracked 
|  69|0x0000000085d00000, 0x0000000085d00000, 0x0000000085e00000|  0%| F|  |TAMS 0x0000000085d00000, 0x0000000085d00000| Untracked 
|  70|0x0000000085e00000, 0x0000000085e00000, 0x0000000085f00000|  0%| F|  |TAMS 0x0000000085e00000, 0x0000000085e00000| Untracked 
|  71|0x0000000085f00000, 0x0000000085f00000, 0x0000000086000000|  0%| F|  |TAMS 0x0000000085f00000, 0x0000000085f00000| Untracked 
|  72|0x0000000086000000, 0x0000000086000000, 0x0000000086100000|  0%| F|  |TAMS 0x0000000086000000, 0x0000000086000000| Untracked 
|  73|0x0000000086100000, 0x0000000086100000, 0x0000000086200000|  0%| F|  |TAMS 0x0000000086100000, 0x0000000086100000| Untracked 
|  74|0x0000000086200000, 0x0000000086200000, 0x0000000086300000|  0%| F|  |TAMS 0x0000000086200000, 0x0000000086200000| Untracked 
|  75|0x0000000086300000, 0x0000000086300000, 0x0000000086400000|  0%| F|  |TAMS 0x0000000086300000, 0x0000000086300000| Untracked 
|  76|0x0000000086400000, 0x0000000086400000, 0x0000000086500000|  0%| F|  |TAMS 0x0000000086400000, 0x0000000086400000| Untracked 
|  77|0x0000000086500000, 0x0000000086500000, 0x0000000086600000|  0%| F|  |TAMS 0x0000000086500000, 0x0000000086500000| Untracked 
|  78|0x0000000086600000, 0x0000000086600000, 0x0000000086700000|  0%| F|  |TAMS 0x0000000086600000, 0x0000000086600000| Untracked 
|  79|0x0000000086700000, 0x0000000086700000, 0x0000000086800000|  0%| F|  |TAMS 0x0000000086700000, 0x0000000086700000| Untracked 
|  80|0x0000000086800000, 0x0000000086800000, 0x0000000086900000|  0%| F|  |TAMS 0x0000000086800000, 0x0000000086800000| Untracked 
|  81|0x0000000086900000, 0x0000000086900000, 0x0000000086a00000|  0%| F|  |TAMS 0x0000000086900000, 0x0000000086900000| Untracked 
|  82|0x0000000086a00000, 0x0000000086a00000, 0x0000000086b00000|  0%| F|  |TAMS 0x0000000086a00000, 0x0000000086a00000| Untracked 
|  83|0x0000000086b00000, 0x0000000086b00000, 0x0000000086c00000|  0%| F|  |TAMS 0x0000000086b00000, 0x0000000086b00000| Untracked 
|  84|0x0000000086c00000, 0x0000000086c00000, 0x0000000086d00000|  0%| F|  |TAMS 0x0000000086c00000, 0x0000000086c00000| Untracked 
|  85|0x0000000086d00000, 0x0000000086d00000, 0x0000000086e00000|  0%| F|  |TAMS 0x0000000086d00000, 0x0000000086d00000| Untracked 
|  86|0x0000000086e00000, 0x0000000086e00000, 0x0000000086f00000|  0%| F|  |TAMS 0x0000000086e00000, 0x0000000086e00000| Untracked 
|  87|0x0000000086f00000, 0x0000000086f00000, 0x0000000087000000|  0%| F|  |TAMS 0x0000000086f00000, 0x0000000086f00000| Untracked 
|  88|0x0000000087000000, 0x0000000087000000, 0x0000000087100000|  0%| F|  |TAMS 0x0000000087000000, 0x0000000087000000| Untracked 
|  89|0x0000000087100000, 0x0000000087100000, 0x0000000087200000|  0%| F|  |TAMS 0x0000000087100000, 0x0000000087100000| Untracked 
|  90|0x0000000087200000, 0x0000000087200000, 0x0000000087300000|  0%| F|  |TAMS 0x0000000087200000, 0x0000000087200000| Untracked 
|  91|0x0000000087300000, 0x0000000087300000, 0x0000000087400000|  0%| F|  |TAMS 0x0000000087300000, 0x0000000087300000| Untracked 
|  92|0x0000000087400000, 0x0000000087400000, 0x0000000087500000|  0%| F|  |TAMS 0x0000000087400000, 0x0000000087400000| Untracked 
|  93|0x0000000087500000, 0x0000000087500000, 0x0000000087600000|  0%| F|  |TAMS 0x0000000087500000, 0x0000000087500000| Untracked 
|  94|0x0000000087600000, 0x0000000087600000, 0x0000000087700000|  0%| F|  |TAMS 0x0000000087600000, 0x0000000087600000| Untracked 
|  95|0x0000000087700000, 0x000000008777c860, 0x0000000087800000| 48%| S|CS|TAMS 0x0000000087700000, 0x0000000087700000| Complete 
|  96|0x0000000087800000, 0x0000000087900000, 0x0000000087900000|100%| S|CS|TAMS 0x0000000087800000, 0x0000000087800000| Complete 
|  97|0x0000000087900000, 0x0000000087a00000, 0x0000000087a00000|100%| S|CS|TAMS 0x0000000087900000, 0x0000000087900000| Complete 
|  98|0x0000000087a00000, 0x0000000087b00000, 0x0000000087b00000|100%| S|CS|TAMS 0x0000000087a00000, 0x0000000087a00000| Complete 
|  99|0x0000000087b00000, 0x0000000087c00000, 0x0000000087c00000|100%| S|CS|TAMS 0x0000000087b00000, 0x0000000087b00000| Complete 
| 100|0x0000000087c00000, 0x0000000087c00000, 0x0000000087d00000|  0%| F|  |TAMS 0x0000000087c00000, 0x0000000087c00000| Untracked 
| 101|0x0000000087d00000, 0x0000000087d00000, 0x0000000087e00000|  0%| F|  |TAMS 0x0000000087d00000, 0x0000000087d00000| Untracked 
| 102|0x0000000087e00000, 0x0000000087e00000, 0x0000000087f00000|  0%| F|  |TAMS 0x0000000087e00000, 0x0000000087e00000| Untracked 
| 103|0x0000000087f00000, 0x0000000087f00000, 0x0000000088000000|  0%| F|  |TAMS 0x0000000087f00000, 0x0000000087f00000| Untracked 
| 104|0x0000000088000000, 0x0000000088000000, 0x0000000088100000|  0%| F|  |TAMS 0x0000000088000000, 0x0000000088000000| Untracked 
| 105|0x0000000088100000, 0x0000000088100000, 0x0000000088200000|  0%| F|  |TAMS 0x0000000088100000, 0x0000000088100000| Untracked 
| 106|0x0000000088200000, 0x0000000088200000, 0x0000000088300000|  0%| F|  |TAMS 0x0000000088200000, 0x0000000088200000| Untracked 
| 107|0x0000000088300000, 0x0000000088300000, 0x0000000088400000|  0%| F|  |TAMS 0x0000000088300000, 0x0000000088300000| Untracked 
| 108|0x0000000088400000, 0x0000000088400000, 0x0000000088500000|  0%| F|  |TAMS 0x0000000088400000, 0x0000000088400000| Untracked 
| 109|0x0000000088500000, 0x0000000088500000, 0x0000000088600000|  0%| F|  |TAMS 0x0000000088500000, 0x0000000088500000| Untracked 
| 110|0x0000000088600000, 0x0000000088600000, 0x0000000088700000|  0%| F|  |TAMS 0x0000000088600000, 0x0000000088600000| Untracked 
| 111|0x0000000088700000, 0x0000000088700000, 0x0000000088800000|  0%| F|  |TAMS 0x0000000088700000, 0x0000000088700000| Untracked 
| 112|0x0000000088800000, 0x0000000088800000, 0x0000000088900000|  0%| F|  |TAMS 0x0000000088800000, 0x0000000088800000| Untracked 
| 113|0x0000000088900000, 0x0000000088900000, 0x0000000088a00000|  0%| F|  |TAMS 0x0000000088900000, 0x0000000088900000| Untracked 
| 114|0x0000000088a00000, 0x0000000088a00000, 0x0000000088b00000|  0%| F|  |TAMS 0x0000000088a00000, 0x0000000088a00000| Untracked 
| 115|0x0000000088b00000, 0x0000000088b00000, 0x0000000088c00000|  0%| F|  |TAMS 0x0000000088b00000, 0x0000000088b00000| Untracked 
| 116|0x0000000088c00000, 0x0000000088c00000, 0x0000000088d00000|  0%| F|  |TAMS 0x0000000088c00000, 0x0000000088c00000| Untracked 
| 117|0x0000000088d00000, 0x0000000088d00000, 0x0000000088e00000|  0%| F|  |TAMS 0x0000000088d00000, 0x0000000088d00000| Untracked 
| 118|0x0000000088e00000, 0x0000000088e00000, 0x0000000088f00000|  0%| F|  |TAMS 0x0000000088e00000, 0x0000000088e00000| Untracked 
| 119|0x0000000088f00000, 0x0000000089000000, 0x0000000089000000|100%| E|  |TAMS 0x0000000088f00000, 0x0000000088f00000| Complete 
| 120|0x0000000089000000, 0x0000000089100000, 0x0000000089100000|100%| E|CS|TAMS 0x0000000089000000, 0x0000000089000000| Complete 
| 121|0x0000000089100000, 0x0000000089200000, 0x0000000089200000|100%| E|CS|TAMS 0x0000000089100000, 0x0000000089100000| Complete 
| 122|0x0000000089200000, 0x0000000089300000, 0x0000000089300000|100%| E|CS|TAMS 0x0000000089200000, 0x0000000089200000| Complete 
| 123|0x0000000089300000, 0x0000000089400000, 0x0000000089400000|100%| E|CS|TAMS 0x0000000089300000, 0x0000000089300000| Complete 
| 124|0x0000000089400000, 0x0000000089500000, 0x0000000089500000|100%| E|CS|TAMS 0x0000000089400000, 0x0000000089400000| Complete 
| 125|0x0000000089500000, 0x0000000089600000, 0x0000000089600000|100%| E|CS|TAMS 0x0000000089500000, 0x0000000089500000| Complete 
| 126|0x0000000089600000, 0x0000000089700000, 0x0000000089700000|100%| E|CS|TAMS 0x0000000089600000, 0x0000000089600000| Complete 
| 127|0x0000000089700000, 0x0000000089800000, 0x0000000089800000|100%| E|CS|TAMS 0x0000000089700000, 0x0000000089700000| Complete 
| 128|0x0000000089800000, 0x0000000089900000, 0x0000000089900000|100%| E|CS|TAMS 0x0000000089800000, 0x0000000089800000| Complete 
| 129|0x0000000089900000, 0x0000000089a00000, 0x0000000089a00000|100%| E|CS|TAMS 0x0000000089900000, 0x0000000089900000| Complete 
| 130|0x0000000089a00000, 0x0000000089b00000, 0x0000000089b00000|100%| E|CS|TAMS 0x0000000089a00000, 0x0000000089a00000| Complete 
| 131|0x0000000089b00000, 0x0000000089c00000, 0x0000000089c00000|100%| E|CS|TAMS 0x0000000089b00000, 0x0000000089b00000| Complete 
| 132|0x0000000089c00000, 0x0000000089d00000, 0x0000000089d00000|100%| E|CS|TAMS 0x0000000089c00000, 0x0000000089c00000| Complete 
| 133|0x0000000089d00000, 0x0000000089e00000, 0x0000000089e00000|100%| E|CS|TAMS 0x0000000089d00000, 0x0000000089d00000| Complete 
| 134|0x0000000089e00000, 0x0000000089f00000, 0x0000000089f00000|100%| E|CS|TAMS 0x0000000089e00000, 0x0000000089e00000| Complete 
| 135|0x0000000089f00000, 0x000000008a000000, 0x000000008a000000|100%| E|CS|TAMS 0x0000000089f00000, 0x0000000089f00000| Complete 
| 136|0x000000008a000000, 0x000000008a100000, 0x000000008a100000|100%| E|CS|TAMS 0x000000008a000000, 0x000000008a000000| Complete 
| 137|0x000000008a100000, 0x000000008a200000, 0x000000008a200000|100%| E|CS|TAMS 0x000000008a100000, 0x000000008a100000| Complete 
| 138|0x000000008a200000, 0x000000008a300000, 0x000000008a300000|100%| E|CS|TAMS 0x000000008a200000, 0x000000008a200000| Complete 
| 139|0x000000008a300000, 0x000000008a400000, 0x000000008a400000|100%| E|CS|TAMS 0x000000008a300000, 0x000000008a300000| Complete 
| 140|0x000000008a400000, 0x000000008a500000, 0x000000008a500000|100%| E|CS|TAMS 0x000000008a400000, 0x000000008a400000| Complete 
| 141|0x000000008a500000, 0x000000008a600000, 0x000000008a600000|100%| E|CS|TAMS 0x000000008a500000, 0x000000008a500000| Complete 
| 142|0x000000008a600000, 0x000000008a700000, 0x000000008a700000|100%| E|CS|TAMS 0x000000008a600000, 0x000000008a600000| Complete 
| 143|0x000000008a700000, 0x000000008a800000, 0x000000008a800000|100%| E|CS|TAMS 0x000000008a700000, 0x000000008a700000| Complete 
| 144|0x000000008a800000, 0x000000008a900000, 0x000000008a900000|100%| E|CS|TAMS 0x000000008a800000, 0x000000008a800000| Complete 
| 145|0x000000008a900000, 0x000000008aa00000, 0x000000008aa00000|100%| E|CS|TAMS 0x000000008a900000, 0x000000008a900000| Complete 
| 146|0x000000008aa00000, 0x000000008ab00000, 0x000000008ab00000|100%| E|CS|TAMS 0x000000008aa00000, 0x000000008aa00000| Complete 
| 147|0x000000008ab00000, 0x000000008ac00000, 0x000000008ac00000|100%| E|CS|TAMS 0x000000008ab00000, 0x000000008ab00000| Complete 
| 148|0x000000008ac00000, 0x000000008ad00000, 0x000000008ad00000|100%| E|CS|TAMS 0x000000008ac00000, 0x000000008ac00000| Complete 
| 149|0x000000008ad00000, 0x000000008ae00000, 0x000000008ae00000|100%| E|CS|TAMS 0x000000008ad00000, 0x000000008ad00000| Complete 
| 150|0x000000008ae00000, 0x000000008af00000, 0x000000008af00000|100%| E|CS|TAMS 0x000000008ae00000, 0x000000008ae00000| Complete 
| 151|0x000000008af00000, 0x000000008b000000, 0x000000008b000000|100%| E|CS|TAMS 0x000000008af00000, 0x000000008af00000| Complete 
| 152|0x000000008b000000, 0x000000008b100000, 0x000000008b100000|100%| E|CS|TAMS 0x000000008b000000, 0x000000008b000000| Complete 
| 153|0x000000008b100000, 0x000000008b200000, 0x000000008b200000|100%| E|CS|TAMS 0x000000008b100000, 0x000000008b100000| Complete 

Card table byte_map: [0x00000298a4a60000,0x00000298a4e60000] _byte_map_base: 0x00000298a4654000

Marking Bits (Prev, Next): (CMBitMap*) 0x000002988e08e920, (CMBitMap*) 0x000002988e08e8e8
 Prev Bits: [0x00000298a7200000, 0x00000298a91a0000)
 Next Bits: [0x00000298a5260000, 0x00000298a7200000)

Polling page: 0x000002988bfe0000

Metaspace:

Usage:
  Non-class:    106.62 MB capacity,   104.63 MB ( 98%) used,     1.57 MB (  1%) free+waste,   432.31 KB ( <1%) overhead. 
      Class:     18.49 MB capacity,    14.94 MB ( 81%) used,     3.32 MB ( 18%) free+waste,   233.56 KB (  1%) overhead. 
       Both:    125.11 MB capacity,   119.57 MB ( 96%) used,     4.89 MB (  4%) free+waste,   665.88 KB ( <1%) overhead. 

Virtual space:
  Non-class space:      108.00 MB reserved,     106.82 MB ( 99%) committed 
      Class space:        1.00 GB reserved,      18.61 MB (  2%) committed 
             Both:        1.11 GB reserved,     125.43 MB ( 11%) committed 

Chunk freelists:
   Non-Class:  1.13 KB
       Class:  0 bytes
        Both:  1.13 KB

CodeHeap 'non-profiled nmethods': size=120064Kb used=5187Kb max_used=5187Kb free=114876Kb
 bounds [0x000002989d120000, 0x000002989d640000, 0x00000298a4660000]
CodeHeap 'profiled nmethods': size=120000Kb used=20485Kb max_used=20485Kb free=99515Kb
 bounds [0x0000029895bf0000, 0x0000029897000000, 0x000002989d120000]
CodeHeap 'non-nmethods': size=5696Kb used=1482Kb max_used=1516Kb free=4213Kb
 bounds [0x0000029895660000, 0x00000298958d0000, 0x0000029895bf0000]
 total_blobs=9845 nmethods=8881 adapters=872
 compilation: enabled
              stopped_count=0, restarted_count=0
 full_count=0

Compilation events (10 events):
Event: 19.403 Thread 0x00000298ab6c7800 8930       3       org.antlr.v4.runtime.misc.Array2DHashSet::<init> (59 bytes)
Event: 19.403 Thread 0x00000298ab6c7800 nmethod 8930 0x0000029896febf90 code [0x0000029896fec1a0, 0x0000029896fec658]
Event: 19.403 Thread 0x00000298ab6c7800 8929       3       org.antlr.v4.runtime.atn.ATNConfigSet$AbstractConfigHashSet::<init> (9 bytes)
Event: 19.403 Thread 0x00000298ab6c7800 nmethod 8929 0x0000029896fec810 code [0x0000029896fec9c0, 0x0000029896fecb48]
Event: 19.403 Thread 0x00000298ab6c7800 8931       3       org.antlr.v4.runtime.atn.ATNConfigSet::<init> (6 bytes)
Event: 19.404 Thread 0x00000298ab6c7800 nmethod 8931 0x0000029896fecc10 code [0x0000029896fecdc0, 0x0000029896fecee8]
Event: 19.414 Thread 0x00000298ab6c7800 8933       3       org.antlr.v4.runtime.ParserRuleContext::getChildCount (21 bytes)
Event: 19.414 Thread 0x00000298ab6c7800 nmethod 8933 0x0000029896fecf90 code [0x0000029896fed140, 0x0000029896fed368]
Event: 19.414 Thread 0x00000298ab6c7800 8934       2       java.lang.StringCoding$Result::with (12 bytes)
Event: 19.414 Thread 0x00000298ab6c7800 nmethod 8934 0x0000029896fed410 code [0x0000029896fed5a0, 0x0000029896fed6f8]

GC Heap History (10 events):
Event: 11.512 GC heap before
{Heap before GC invocations=14 (full 0):
 garbage-first heap   total 157696K, used 117016K [0x0000000081800000, 0x0000000100000000)
  region size 1024K, 89 young (91136K), 8 survivors (8192K)
 Metaspace       used 85727K, capacity 87807K, committed 87940K, reserved 1126400K
  class space    used 10411K, capacity 11462K, committed 11500K, reserved 1048576K
}
Event: 11.529 GC heap after
{Heap after GC invocations=15 (full 0):
 garbage-first heap   total 157696K, used 40229K [0x0000000081800000, 0x0000000100000000)
  region size 1024K, 10 young (10240K), 10 survivors (10240K)
 Metaspace       used 85727K, capacity 87807K, committed 87940K, reserved 1126400K
  class space    used 10411K, capacity 11462K, committed 11500K, reserved 1048576K
}
Event: 12.383 GC heap before
{Heap before GC invocations=15 (full 0):
 garbage-first heap   total 157696K, used 122149K [0x0000000081800000, 0x0000000100000000)
  region size 1024K, 90 young (92160K), 10 survivors (10240K)
 Metaspace       used 89009K, capacity 91116K, committed 91396K, reserved 1128448K
  class space    used 10685K, capacity 11753K, committed 11884K, reserved 1048576K
}
Event: 12.396 GC heap after
{Heap after GC invocations=16 (full 0):
 garbage-first heap   total 157696K, used 40798K [0x0000000081800000, 0x0000000100000000)
  region size 1024K, 6 young (6144K), 6 survivors (6144K)
 Metaspace       used 89009K, capacity 91116K, committed 91396K, reserved 1128448K
  class space    used 10685K, capacity 11753K, committed 11884K, reserved 1048576K
}
Event: 14.502 GC heap before
{Heap before GC invocations=16 (full 0):
 garbage-first heap   total 157696K, used 124766K [0x0000000081800000, 0x0000000100000000)
  region size 1024K, 88 young (90112K), 6 survivors (6144K)
 Metaspace       used 97093K, capacity 100539K, committed 100612K, reserved 1136640K
  class space    used 11573K, capacity 13637K, committed 13676K, reserved 1048576K
}
Event: 14.514 GC heap after
{Heap after GC invocations=17 (full 0):
 garbage-first heap   total 157696K, used 45724K [0x0000000081800000, 0x0000000100000000)
  region size 1024K, 11 young (11264K), 11 survivors (11264K)
 Metaspace       used 97093K, capacity 100539K, committed 100612K, reserved 1136640K
  class space    used 11573K, capacity 13637K, committed 13676K, reserved 1048576K
}
Event: 16.015 GC heap before
{Heap before GC invocations=17 (full 0):
 garbage-first heap   total 157696K, used 125596K [0x0000000081800000, 0x0000000100000000)
  region size 1024K, 90 young (92160K), 11 survivors (11264K)
 Metaspace       used 111660K, capacity 115621K, committed 115716K, reserved 1148928K
  class space    used 13599K, capacity 15946K, committed 15980K, reserved 1048576K
}
Event: 16.030 GC heap after
{Heap after GC invocations=18 (full 0):
 garbage-first heap   total 157696K, used 47033K [0x0000000081800000, 0x0000000100000000)
  region size 1024K, 8 young (8192K), 8 survivors (8192K)
 Metaspace       used 111660K, capacity 115621K, committed 115716K, reserved 1148928K
  class space    used 13599K, capacity 15946K, committed 15980K, reserved 1048576K
}
Event: 17.185 GC heap before
{Heap before GC invocations=18 (full 0):
 garbage-first heap   total 157696K, used 101305K [0x0000000081800000, 0x0000000100000000)
  region size 1024K, 62 young (63488K), 8 survivors (8192K)
 Metaspace       used 120014K, capacity 124404K, committed 124596K, reserved 1157120K
  class space    used 14852K, capacity 17434K, committed 17516K, reserved 1048576K
}
Event: 17.200 GC heap after
{Heap after GC invocations=19 (full 0):
 garbage-first heap   total 157696K, used 48846K [0x0000000081800000, 0x0000000100000000)
  region size 1024K, 5 young (5120K), 5 survivors (5120K)
 Metaspace       used 120014K, capacity 124404K, committed 124596K, reserved 1157120K
  class space    used 14852K, capacity 17434K, committed 17516K, reserved 1048576K
}

Deoptimization events (10 events):
Event: 19.058 Thread 0x000002988e052000 Uncommon trap: reason=unstable_if action=reinterpret pc=0x000002989d241348 method=java.util.HashMap.getNode(ILjava/lang/Object;)Ljava/util/HashMap$Node; @ 84 c2
Event: 19.078 Thread 0x000002988e052000 Uncommon trap: reason=unstable_if action=reinterpret pc=0x000002989d47050c method=java.util.HashMap.getNode(ILjava/lang/Object;)Ljava/util/HashMap$Node; @ 84 c2
Event: 19.078 Thread 0x000002988e052000 Uncommon trap: reason=unstable_if action=reinterpret pc=0x000002989d2468e4 method=java.util.HashMap.getNode(ILjava/lang/Object;)Ljava/util/HashMap$Node; @ 84 c2
Event: 19.370 Thread 0x00000298b2515000 Uncommon trap: reason=bimorphic_or_optimized_type_check action=maybe_recompile pc=0x000002989d545ba4 method=java.util.concurrent.ConcurrentHashMap.putVal(Ljava/lang/Object;Ljava/lang/Object;Z)Ljava/lang/Object; @ 242 c2
Event: 19.373 Thread 0x000002988e052000 Uncommon trap: reason=array_check action=maybe_recompile pc=0x000002989d500198 method=org.antlr.v4.runtime.misc.Array2DHashSet.getOrAddImpl(Ljava/lang/Object;)Ljava/lang/Object; @ 36 c2
Event: 19.373 Thread 0x000002988e052000 Uncommon trap: reason=array_check action=maybe_recompile pc=0x000002989d500a28 method=org.antlr.v4.runtime.misc.Array2DHashSet.getOrAddImpl(Ljava/lang/Object;)Ljava/lang/Object; @ 36 c2
Event: 19.373 Thread 0x000002988e052000 Uncommon trap: reason=array_check action=maybe_recompile pc=0x000002989d500198 method=org.antlr.v4.runtime.misc.Array2DHashSet.getOrAddImpl(Ljava/lang/Object;)Ljava/lang/Object; @ 36 c2
Event: 19.373 Thread 0x000002988e052000 Uncommon trap: reason=array_check action=maybe_recompile pc=0x000002989d500a28 method=org.antlr.v4.runtime.misc.Array2DHashSet.getOrAddImpl(Ljava/lang/Object;)Ljava/lang/Object; @ 36 c2
Event: 19.374 Thread 0x000002988e052000 Uncommon trap: reason=array_check action=maybe_recompile pc=0x000002989d50a410 method=org.antlr.v4.runtime.misc.Array2DHashSet.getOrAddImpl(Ljava/lang/Object;)Ljava/lang/Object; @ 36 c2
Event: 19.388 Thread 0x00000298b2517000 Uncommon trap: reason=bimorphic_or_optimized_type_check action=maybe_recompile pc=0x000002989d545ba4 method=java.util.concurrent.ConcurrentHashMap.putVal(Ljava/lang/Object;Ljava/lang/Object;Z)Ljava/lang/Object; @ 242 c2

Classes redefined (0 events):
No events

Internal exceptions (10 events):
Event: 16.336 Thread 0x000002988e052000 Exception <a 'java/lang/ClassNotFoundException'{0x000000008a2763a8}: java/lang/annotation/package> (0x000000008a2763a8) thrown at [./open/src/hotspot/share/classfile/systemDictionary.cpp, line 227]
Event: 16.485 Thread 0x000002988e052000 Exception <a 'java/lang/NoSuchMethodError'{0x0000000089be07b8}: java.lang.invoke.DirectMethodHandle$Holder.invokeStatic(Ljava/lang/Object;Ljava/lang/Object;Ljava/lang/Object;ILjava/lang/Object;Ljava/lang/Object;)Ljava/lang/Object;> (0x0000000089be07b8) th
Event: 16.486 Thread 0x000002988e052000 Exception <a 'java/lang/NoSuchMethodError'{0x0000000089be9480}: java.lang.invoke.DirectMethodHandle$Holder.invokeStatic(Ljava/lang/Object;Ljava/lang/Object;Ljava/lang/Object;ILjava/lang/Object;)Ljava/lang/Object;> (0x0000000089be9480) thrown at [./open/sr
Event: 16.486 Thread 0x000002988e052000 Exception <a 'java/lang/NoSuchMethodError'{0x0000000089bece78}: java.lang.invoke.DirectMethodHandle$Holder.invokeSpecial(Ljava/lang/Object;Ljava/lang/Object;Ljava/lang/Object;Ljava/lang/Object;ILjava/lang/Object;)Ljava/lang/Object;> (0x0000000089bece78) t
Event: 16.486 Thread 0x000002988e052000 Exception <a 'java/lang/NoSuchMethodError'{0x0000000089bf0310}: java.lang.invoke.Invokers$Holder.linkToTargetMethod(Ljava/lang/Object;Ljava/lang/Object;ILjava/lang/Object;Ljava/lang/Object;)Ljava/lang/Object;> (0x0000000089bf0310) thrown at [./open/src/ho
Event: 16.994 Thread 0x000002988e052000 Exception <a 'java/lang/reflect/InvocationTargetException'{0x00000000881c26d8}> (0x00000000881c26d8) thrown at [./open/src/hotspot/share/runtime/reflection.cpp, line 1242]
Event: 16.994 Thread 0x000002988e052000 Exception <a 'java/lang/reflect/InvocationTargetException'{0x00000000881c2f30}> (0x00000000881c2f30) thrown at [./open/src/hotspot/share/runtime/reflection.cpp, line 1242]
Event: 16.995 Thread 0x000002988e052000 Exception <a 'java/lang/reflect/InvocationTargetException'{0x00000000881c3888}> (0x00000000881c3888) thrown at [./open/src/hotspot/share/runtime/reflection.cpp, line 1242]
Event: 17.554 Thread 0x000002988e052000 Exception <a 'java/lang/NoSuchMethodError'{0x000000008ab133c8}: java.lang.invoke.DirectMethodHandle$Holder.invokeSpecial(Ljava/lang/Object;Ljava/lang/Object;Ljava/lang/Object;Ljava/lang/Object;Ljava/lang/Object;II)Ljava/lang/Object;> (0x000000008ab133c8) 
Event: 17.554 Thread 0x000002988e052000 Exception <a 'java/lang/NoSuchMethodError'{0x000000008ab16898}: java.lang.invoke.Invokers$Holder.linkToTargetMethod(Ljava/lang/Object;Ljava/lang/Object;Ljava/lang/Object;IILjava/lang/Object;)Ljava/lang/Object;> (0x000000008ab16898) thrown at [./open/src/h

Events (10 events):
Event: 19.424 loading class org/apache/spark/sql/catalyst/parser/AstBuilder
Event: 19.424 loading class org/apache/spark/sql/catalyst/parser/AstBuilder done
Event: 19.424 loading class org/apache/spark/sql/catalyst/parser/SqlBaseParser$LocationSpecContext
Event: 19.424 loading class org/apache/spark/sql/catalyst/parser/SqlBaseParser$LocationSpecContext done
Event: 19.424 loading class org/apache/spark/sql/catalyst/parser/AstBuilder
Event: 19.424 loading class org/apache/spark/sql/catalyst/parser/AstBuilder done
Event: 19.425 loading class scala/runtime/ObjectRef
Event: 19.425 loading class scala/runtime/ObjectRef done
Event: 19.425 loading class scala/runtime/ObjectRef
Event: 19.425 loading class scala/runtime/ObjectRef done


Dynamic libraries:
0x00007ff751ce0000 - 0x00007ff751cef000 	C:\Program Files\Java\jdk-11.0.13\bin\java.exe
0x00007fffc8630000 - 0x00007fffc8825000 	C:\Windows\SYSTEM32\ntdll.dll
0x00007fffc76d0000 - 0x00007fffc778e000 	C:\Windows\System32\KERNEL32.DLL
0x00007fffc6280000 - 0x00007fffc6548000 	C:\Windows\System32\KERNELBASE.dll
0x00007fffc6550000 - 0x00007fffc6650000 	C:\Windows\System32\ucrtbase.dll
0x00007fffc15e0000 - 0x00007fffc15f8000 	C:\Program Files\Java\jdk-11.0.13\bin\jli.dll
0x00007fffc7900000 - 0x00007fffc79ac000 	C:\Windows\System32\ADVAPI32.dll
0x00007fffc66e0000 - 0x00007fffc677e000 	C:\Windows\System32\msvcrt.dll
0x00007fffc7850000 - 0x00007fffc78eb000 	C:\Windows\System32\sechost.dll
0x00007fffc83a0000 - 0x00007fffc84ca000 	C:\Windows\System32\RPCRT4.dll
0x00007fffc68b0000 - 0x00007fffc6a51000 	C:\Windows\System32\USER32.dll
0x00007fffc6650000 - 0x00007fffc6672000 	C:\Windows\System32\win32u.dll
0x00007fffc6b90000 - 0x00007fffc6bbb000 	C:\Windows\System32\GDI32.dll
0x00007fffc6170000 - 0x00007fffc627b000 	C:\Windows\System32\gdi32full.dll
0x00007fffc6010000 - 0x00007fffc60ad000 	C:\Windows\System32\msvcp_win.dll
0x00007fffb5ce0000 - 0x00007fffb5f7a000 	C:\Windows\WinSxS\amd64_microsoft.windows.common-controls_6595b64144ccf1df_6.0.19041.1110_none_60b5254171f9507e\COMCTL32.dll
0x00007fffba7a0000 - 0x00007fffba7aa000 	C:\Windows\SYSTEM32\VERSION.dll
0x00007fffc1600000 - 0x00007fffc1615000 	C:\Program Files\Java\jdk-11.0.13\bin\VCRUNTIME140.dll
0x00007fffc7a40000 - 0x00007fffc7a70000 	C:\Windows\System32\IMM32.DLL
0x00007fffc1540000 - 0x00007fffc15db000 	C:\Program Files\Java\jdk-11.0.13\bin\msvcp140.dll
0x00007fff667a0000 - 0x00007fff672b3000 	C:\Program Files\Java\jdk-11.0.13\bin\server\jvm.dll
0x00007fffc78f0000 - 0x00007fffc78f8000 	C:\Windows\System32\PSAPI.DLL
0x00007fff71300000 - 0x00007fff71309000 	C:\Windows\SYSTEM32\WSOCK32.dll
0x00007fffc84d0000 - 0x00007fffc853b000 	C:\Windows\System32\WS2_32.dll
0x00007fffb2f50000 - 0x00007fffb2f77000 	C:\Windows\SYSTEM32\WINMM.dll
0x00007fffc45d0000 - 0x00007fffc45e2000 	C:\Windows\SYSTEM32\kernel.appcore.dll
0x00007fffc1530000 - 0x00007fffc1540000 	C:\Program Files\Java\jdk-11.0.13\bin\verify.dll
0x00007fffb2fd0000 - 0x00007fffb31b4000 	C:\Windows\SYSTEM32\DBGHELP.DLL
0x00007fffb29c0000 - 0x00007fffb29ec000 	C:\Windows\SYSTEM32\dbgcore.DLL
0x00007fffc60e0000 - 0x00007fffc6163000 	C:\Windows\System32\bcryptPrimitives.dll
0x00007fffadaa0000 - 0x00007fffadac8000 	C:\Program Files\Java\jdk-11.0.13\bin\java.dll
0x00007fffbff50000 - 0x00007fffbff5a000 	C:\Program Files\Java\jdk-11.0.13\bin\jimage.dll
0x00007fffbe7f0000 - 0x00007fffbe7fe000 	C:\Program Files\Java\jdk-11.0.13\bin\instrument.dll
0x00007fffb1e00000 - 0x00007fffb1e16000 	C:\Program Files\Java\jdk-11.0.13\bin\zip.dll
0x00007fffc7c60000 - 0x00007fffc839f000 	C:\Windows\System32\SHELL32.dll
0x00007fffc3e30000 - 0x00007fffc45c0000 	C:\Windows\SYSTEM32\windows.storage.dll
0x00007fffc6ca0000 - 0x00007fffc6ff5000 	C:\Windows\System32\combase.dll
0x00007fffc56d0000 - 0x00007fffc56fe000 	C:\Windows\SYSTEM32\Wldp.dll
0x00007fffc6ae0000 - 0x00007fffc6b8d000 	C:\Windows\System32\SHCORE.dll
0x00007fffc6680000 - 0x00007fffc66d5000 	C:\Windows\System32\shlwapi.dll
0x00007fffc5c90000 - 0x00007fffc5caf000 	C:\Windows\SYSTEM32\profapi.dll
0x00007fffaf430000 - 0x00007fffaf449000 	C:\Program Files\Java\jdk-11.0.13\bin\net.dll
0x00007fffb7b80000 - 0x00007fffb7c8c000 	C:\Windows\SYSTEM32\WINHTTP.dll
0x00007fffc5430000 - 0x00007fffc549a000 	C:\Windows\system32\mswsock.dll
0x00007fffada80000 - 0x00007fffada92000 	C:\Program Files\Java\jdk-11.0.13\bin\nio.dll
0x00007fffb3f80000 - 0x00007fffb3f9a000 	C:\Program Files\JetBrains\IntelliJ IDEA Community Edition 2021.2.3\bin\breakgen64.dll
0x00007fffc5160000 - 0x00007fffc522b000 	C:\Windows\SYSTEM32\DNSAPI.dll
0x00007fffc5120000 - 0x00007fffc515b000 	C:\Windows\SYSTEM32\IPHLPAPI.DLL
0x00007fffc7000000 - 0x00007fffc7008000 	C:\Windows\System32\NSI.dll
0x00007fffb61a0000 - 0x00007fffb61aa000 	C:\Windows\System32\rasadhlp.dll
0x00007fffb6f50000 - 0x00007fffb6fcf000 	C:\Windows\System32\fwpuclnt.dll
0x00007fffc60b0000 - 0x00007fffc60d7000 	C:\Windows\System32\bcrypt.dll
0x00007fffb3d10000 - 0x00007fffb3d1d000 	C:\Program Files\Java\jdk-11.0.13\bin\sunmscapi.dll
0x00007fffc5eb0000 - 0x00007fffc6006000 	C:\Windows\System32\CRYPT32.dll
0x00007fffc5740000 - 0x00007fffc5767000 	C:\Windows\SYSTEM32\ncrypt.dll
0x00007fffc5700000 - 0x00007fffc573b000 	C:\Windows\SYSTEM32\NTASN1.dll
0x00007fffb0e40000 - 0x00007fffb0e65000 	C:\Program Files\Java\jdk-11.0.13\bin\sunec.dll
0x00007fffc5620000 - 0x00007fffc5638000 	C:\Windows\SYSTEM32\CRYPTSP.dll
0x00007fffc4db0000 - 0x00007fffc4de4000 	C:\Windows\system32\rsaenh.dll
0x00007fffc5c50000 - 0x00007fffc5c7e000 	C:\Windows\SYSTEM32\USERENV.dll
0x00007fffc5640000 - 0x00007fffc564c000 	C:\Windows\SYSTEM32\CRYPTBASE.dll
0x00007fffbc720000 - 0x00007fffbc737000 	C:\Windows\SYSTEM32\dhcpcsvc6.DLL
0x00007fffbb5e0000 - 0x00007fffbb5fd000 	C:\Windows\SYSTEM32\dhcpcsvc.DLL
0x00007fffb0fd0000 - 0x00007fffb0fe7000 	C:\Windows\system32\napinsp.dll
0x00007fffb0f10000 - 0x00007fffb0f2b000 	C:\Windows\system32\pnrpnsp.dll
0x00007fffc0ab0000 - 0x00007fffc0ac5000 	C:\Windows\system32\wshbth.dll
0x00007fffc1510000 - 0x00007fffc152d000 	C:\Windows\system32\NLAapi.dll
0x00007fffb0d20000 - 0x00007fffb0d32000 	C:\Windows\System32\winrnr.dll
0x00007fffbfe20000 - 0x00007fffbfe29000 	C:\Program Files\Java\jdk-11.0.13\bin\management.dll
0x00007fffbdda0000 - 0x00007fffbddab000 	C:\Program Files\Java\jdk-11.0.13\bin\management_ext.dll
0x00007fffb2560000 - 0x00007fffb257a000 	C:\hadoop\bin\hadoop.dll
0x000000005c120000 - 0x000000005c1f2000 	C:\Windows\SYSTEM32\MSVCR100.dll
0x00007fffac790000 - 0x00007fffac7a8000 	C:\Windows\SYSTEM32\NETAPI32.dll
0x00007fffc4af0000 - 0x00007fffc4b3c000 	C:\Windows\SYSTEM32\AUTHZ.dll
0x00007fffc5230000 - 0x00007fffc523c000 	C:\Windows\SYSTEM32\NETUTILS.DLL
0x00007fffb9ba0000 - 0x00007fffb9bb9000 	C:\Windows\SYSTEM32\SAMCLI.DLL
0x00007fffb5ae0000 - 0x00007fffb5ae9000 	C:\Program Files\Java\jdk-11.0.13\bin\jaas.dll

dbghelp: loaded successfully - version: 4.0.5 - missing functions: none
symbol engine: initialized successfully - sym options: 0x614 - pdb path: .;C:\Program Files\Java\jdk-11.0.13\bin;C:\Windows\SYSTEM32;C:\Windows\WinSxS\amd64_microsoft.windows.common-controls_6595b64144ccf1df_6.0.19041.1110_none_60b5254171f9507e;C:\Program Files\Java\jdk-11.0.13\bin\server;C:\Program Files\JetBrains\IntelliJ IDEA Community Edition 2021.2.3\bin;C:\hadoop\bin

VM Arguments:
jvm_args: -javaagent:C:\Program Files\JetBrains\IntelliJ IDEA Community Edition 2021.2.3\lib\idea_rt.jar=50972:C:\Program Files\JetBrains\IntelliJ IDEA Community Edition 2021.2.3\bin -Dfile.encoding=UTF-8 
java_command: Main
java_class_path (initial): C:\Users\Korey\IdeaProjects\RevatureP1\target\scala-2.13\classes;C:\Users\Korey\AppData\Local\Coursier\cache\v1\https\repo1.maven.org\maven2\com\clearspring\analytics\stream\2.9.6\stream-2.9.6.jar;C:\Users\Korey\AppData\Local\Coursier\cache\v1\https\repo1.maven.org\maven2\com\esotericsoftware\kryo-shaded\4.0.2\kryo-shaded-4.0.2.jar;C:\Users\Korey\AppData\Local\Coursier\cache\v1\https\repo1.maven.org\maven2\com\esotericsoftware\minlog\1.3.0\minlog-1.3.0.jar;C:\Users\Korey\AppData\Local\Coursier\cache\v1\https\repo1.maven.org\maven2\com\fasterxml\jackson\core\jackson-annotations\2.12.3\jackson-annotations-2.12.3.jar;C:\Users\Korey\AppData\Local\Coursier\cache\v1\https\repo1.maven.org\maven2\com\fasterxml\jackson\core\jackson-core\2.12.3\jackson-core-2.12.3.jar;C:\Users\Korey\AppData\Local\Coursier\cache\v1\https\repo1.maven.org\maven2\com\fasterxml\jackson\core\jackson-databind\2.12.3\jackson-databind-2.12.3.jar;C:\Users\Korey\AppData\Local\Coursier\cache\v1\https\repo1.maven.org\maven2\com\fasterxml\jackson\module\jackson-module-scala_2.13\2.12.3\jackson-module-scala_2.13-2.12.3.jar;C:\Users\Korey\AppData\Local\Coursier\cache\v1\https\repo1.maven.org\maven2\com\github\joshelser\dropwizard-metrics-hadoop-metrics2-reporter\0.1.2\dropwizard-metrics-hadoop-metrics2-reporter-0.1.2.jar;C:\Users\Korey\AppData\Local\Coursier\cache\v1\https\repo1.maven.org\maven2\com\github\luben\zstd-jni\1.5.0-4\zstd-jni-1.5.0-4.jar;C:\Users\Korey\AppData\Local\Coursier\cache\v1\https\repo1.maven.org\maven2\com\google\code\findbugs\jsr305\3.0.2\jsr305-3.0.2.jar;C:\Users\Korey\AppData\Local\Coursier\cache\v1\https\repo1.maven.org\maven2\com\google\code\gson\gson\2.8.6\gson-2.8.6.jar;C:\Users\Korey\AppData\Local\Coursier\cache\v1\https\repo1.maven.org\maven2\com\google\crypto\tink\tink\1.6.0\tink-1.6.0.jar;C:\Users\Korey\AppData\Local\Coursier\cache\v1\https\repo1.maven.org\maven2\com\google\flatbuffers\flatbuffers-java\1.9.0\flatbuffers-java-1.9.0.jar;C:\Users\Kor
Launcher Type: SUN_STANDARD

[Global flags]
     intx CICompilerCount                          = 3                                         {product} {ergonomic}
     uint ConcGCThreads                            = 1                                         {product} {ergonomic}
     uint G1ConcRefinementThreads                  = 4                                         {product} {ergonomic}
   size_t G1HeapRegionSize                         = 1048576                                   {product} {ergonomic}
    uintx GCDrainStackTargetSize                   = 64                                        {product} {ergonomic}
   size_t InitialHeapSize                          = 134217728                                 {product} {ergonomic}
   size_t MarkStackSize                            = 4194304                                   {product} {ergonomic}
   size_t MaxHeapSize                              = 2122317824                                {product} {ergonomic}
   size_t MaxNewSize                               = 1272971264                                {product} {ergonomic}
   size_t MinHeapDeltaBytes                        = 1048576                                   {product} {ergonomic}
    uintx NonNMethodCodeHeapSize                   = 5830732                                {pd product} {ergonomic}
    uintx NonProfiledCodeHeapSize                  = 122913754                              {pd product} {ergonomic}
    uintx ProfiledCodeHeapSize                     = 122913754                              {pd product} {ergonomic}
    uintx ReservedCodeCacheSize                    = 251658240                              {pd product} {ergonomic}
     bool SegmentedCodeCache                       = true                                      {product} {ergonomic}
     bool UseCompressedClassPointers               = true                                 {lp64_product} {ergonomic}
     bool UseCompressedOops                        = true                                 {lp64_product} {ergonomic}
     bool UseG1GC                                  = true                                      {product} {ergonomic}
     bool UseLargePagesIndividualAllocation        = false                                  {pd product} {ergonomic}

Logging:
Log output configuration:
 #0: stdout all=warning uptime,level,tags
 #1: stderr all=off uptime,level,tags

Environment Variables:
PATH=C:\Program Files\Common Files\Oracle\Java\javapath;C:\Program Files (x86)\Intel\iCLS Client\;C:\Program Files\Intel\iCLS Client\;C:\Windows\system32;C:\Windows;C:\Windows\System32\Wbem;C:\Windows\System32\WindowsPowerShell\v1.0\;C:\Windows\System32\OpenSSH\;C:\Program Files (x86)\sbt\bin;C:\Program Files (x86)\scala\bin;C:\Program Files\Git\cmd;C:\hadoop\bin;C:\spark-3.2.0-bin-hadoop3.2\bin;C:\Program Files\MySQL\MySQL Shell 8.0\bin\;C:\Users\Korey\AppData\Local\Microsoft\WindowsApps;;C:\Program Files\JetBrains\IntelliJ IDEA Community Edition 2021.2.3\bin;
USERNAME=Korey
OS=Windows_NT
PROCESSOR_IDENTIFIER=Intel64 Family 6 Model 61 Stepping 4, GenuineIntel



---------------  S Y S T E M  ---------------

OS: Windows 10 , 64 bit Build 19041 (10.0.19041.1320)
Hyper-V role detected

CPU:total 4 (initial active 4) (2 cores per cpu, 2 threads per core) family 6 model 61 stepping 4 microcode 0x2f, cmov, cx8, fxsr, mmx, sse, sse2, sse3, ssse3, sse4.1, sse4.2, popcnt, avx, avx2, aes, clmul, erms, 3dnowpref, lzcnt, ht, tsc, tscinvbit, bmi1, bmi2, adx, fma

Memory: 4k page, system-wide physical 8094M (1206M free)
TotalPageFile size 10142M (AvailPageFile size 4M)
current process WorkingSet (physical memory assigned to process): 422M, peak: 422M
current process commit charge ("private bytes"): 467M, peak: 467M

vm_info: Java HotSpot(TM) 64-Bit Server VM (11.0.13+10-LTS-370) for windows-amd64 JRE (11.0.13+10-LTS-370), built on Sep 15 2021 22:10:36 by "mach5one" with MS VC++ 15.9 (VS2017)

END.
