#
# There is insufficient memory for the Java Runtime Environment to continue.
# Native memory allocation (malloc) failed to allocate 792976 bytes for Chunk::new
# Possible reasons:
#   The system is out of physical RAM or swap space
#   The process is running with CompressedOops enabled, and the Java Heap may be blocking the growth of the native heap
# Possible solutions:
#   Reduce memory load on the system
#   Increase physical memory or swap space
#   Check if swap backing store is full
#   Decrease Java heap size (-Xmx/-Xms)
#   Decrease number of Java threads
#   Decrease Java thread stack sizes (-Xss)
#   Set larger code cache with -XX:ReservedCodeCacheSize=
#   JVM is running with Unscaled Compressed Oops mode in which the Java heap is
#     placed in the first 4GB address space. The Java Heap base address is the
#     maximum limit for the native heap growth. Please use -XX:HeapBaseMinAddress
#     to set the Java Heap base and to place the Java Heap above 4GB virtual address.
# This output file may be truncated or incomplete.
#
#  Out of Memory Error (./open/src/hotspot/share/memory/arena.cpp:197), pid=248, tid=3716
#
# JRE version: Java(TM) SE Runtime Environment 18.9 (11.0.13+10) (build 11.0.13+10-LTS-370)
# Java VM: Java HotSpot(TM) 64-Bit Server VM 18.9 (11.0.13+10-LTS-370, mixed mode, tiered, compressed oops, g1 gc, windows-amd64)
# No core dump will be written. Minidumps are not enabled by default on client versions of Windows
#

---------------  S U M M A R Y ------------

Command Line: -javaagent:C:\Program Files\JetBrains\IntelliJ IDEA Community Edition 2021.2.3\lib\idea_rt.jar=51884:C:\Program Files\JetBrains\IntelliJ IDEA Community Edition 2021.2.3\bin -Dfile.encoding=UTF-8 Main

Host: Intel(R) Core(TM) i5-5257U CPU @ 2.70GHz, 4 cores, 7G,  Windows 10 , 64 bit Build 19041 (10.0.19041.1320)
Time: Thu Nov 11 14:12:57 2021 Pacific Standard Time elapsed time: 20.032319 seconds (0d 0h 0m 20s)

---------------  T H R E A D  ---------------

Current thread (0x000001fdc1f2f000):  JavaThread "C2 CompilerThread1" daemon [_thread_in_native, id=3716, stack(0x0000004dc7d00000,0x0000004dc7e00000)]


Current CompileTask:
C2:  20032 9131   !   4       org.apache.derby.impl.store.raw.data.BaseDataFileFactory::openContainer (359 bytes)

Stack: [0x0000004dc7d00000,0x0000004dc7e00000]
Native frames: (J=compiled Java code, j=interpreted, Vv=VM code, C=native code)
V  [jvm.dll+0x62870a]
V  [jvm.dll+0x761f2f]
V  [jvm.dll+0x7635d9]
V  [jvm.dll+0x763c63]
V  [jvm.dll+0x23d728]
V  [jvm.dll+0xb293c]
V  [jvm.dll+0xb2efc]
V  [jvm.dll+0x3408b7]
V  [jvm.dll+0x30e603]
V  [jvm.dll+0x30d94a]
V  [jvm.dll+0x1f8255]
V  [jvm.dll+0x1f743d]
V  [jvm.dll+0x177991]
V  [jvm.dll+0x206d84]
V  [jvm.dll+0x204ebb]
V  [jvm.dll+0x727e70]
V  [jvm.dll+0x720a54]
V  [jvm.dll+0x627606]
C  [ucrtbase.dll+0x21bb2]
C  [KERNEL32.DLL+0x17034]
C  [ntdll.dll+0x52651]


---------------  P R O C E S S  ---------------

Threads class SMR info:
_java_thread_list=0x000001fdc9c3a040, length=58, elements={
0x000001fda30d5000, 0x000001fdc0727000, 0x000001fdc0728800, 0x000001fdc073b800,
0x000001fdc073c800, 0x000001fdc073d800, 0x000001fdc0741000, 0x000001fdc0742000,
0x000001fdc074a800, 0x000001fdc1316800, 0x000001fdc152e800, 0x000001fdc1cc2800,
0x000001fdc2820800, 0x000001fdc3efa800, 0x000001fdc254a800, 0x000001fdc4c55000,
0x000001fdc4219000, 0x000001fdc2b54000, 0x000001fdc2b55000, 0x000001fdc481d800,
0x000001fdc481e800, 0x000001fdc481f000, 0x000001fdc4820000, 0x000001fdc481c800,
0x000001fdc4821000, 0x000001fdc481b000, 0x000001fdc4821800, 0x000001fdc481c000,
0x000001fdc6462000, 0x000001fdc6468800, 0x000001fdc6467800, 0x000001fdc6463000,
0x000001fdc6465000, 0x000001fdc6469800, 0x000001fdc6466000, 0x000001fdc6463800,
0x000001fdc6467000, 0x000001fdc646a000, 0x000001fdc6464800, 0x000001fdc6470800,
0x000001fdc646d800, 0x000001fdc646e000, 0x000001fdc646c800, 0x000001fdc646f000,
0x000001fdc6470000, 0x000001fdc646b000, 0x000001fdc646b800, 0x000001fdc69cd800,
0x000001fdc69ce800, 0x000001fdc69cb800, 0x000001fdc69cf800, 0x000001fdc69cc000,
0x000001fdc69d4800, 0x000001fdc69d2000, 0x000001fdc69d6000, 0x000001fdc69d0000,
0x000001fdc69d3800, 0x000001fdc1f2f000
}

Java Threads: ( => current thread )
  0x000001fda30d5000 JavaThread "main" [_thread_in_Java, id=11104, stack(0x0000004dc3a00000,0x0000004dc3b00000)]
  0x000001fdc0727000 JavaThread "Reference Handler" daemon [_thread_blocked, id=6880, stack(0x0000004dc4100000,0x0000004dc4200000)]
  0x000001fdc0728800 JavaThread "Finalizer" daemon [_thread_blocked, id=10464, stack(0x0000004dc4200000,0x0000004dc4300000)]
  0x000001fdc073b800 JavaThread "Signal Dispatcher" daemon [_thread_blocked, id=10364, stack(0x0000004dc4300000,0x0000004dc4400000)]
  0x000001fdc073c800 JavaThread "Attach Listener" daemon [_thread_blocked, id=7604, stack(0x0000004dc4400000,0x0000004dc4500000)]
  0x000001fdc073d800 JavaThread "Service Thread" daemon [_thread_blocked, id=908, stack(0x0000004dc4500000,0x0000004dc4600000)]
  0x000001fdc0741000 JavaThread "C2 CompilerThread0" daemon [_thread_in_native, id=5652, stack(0x0000004dc4600000,0x0000004dc4700000)]
  0x000001fdc0742000 JavaThread "C1 CompilerThread0" daemon [_thread_in_vm, id=6636, stack(0x0000004dc4700000,0x0000004dc4800000)]
  0x000001fdc074a800 JavaThread "Sweeper thread" daemon [_thread_blocked, id=2376, stack(0x0000004dc4800000,0x0000004dc4900000)]
  0x000001fdc1316800 JavaThread "Common-Cleaner" daemon [_thread_blocked, id=984, stack(0x0000004dc4900000,0x0000004dc4a00000)]
  0x000001fdc152e800 JavaThread "Monitor Ctrl-Break" daemon [_thread_in_native, id=1888, stack(0x0000004dc4a00000,0x0000004dc4b00000)]
  0x000001fdc1cc2800 JavaThread "mysql-cj-abandoned-connection-cleanup" daemon [_thread_blocked, id=4516, stack(0x0000004dc4f00000,0x0000004dc5000000)]
  0x000001fdc2820800 JavaThread "rpc-boss-3-1" daemon [_thread_in_native, id=12828, stack(0x0000004dc4e00000,0x0000004dc4f00000)]
  0x000001fdc3efa800 JavaThread "dispatcher-event-loop-0" daemon [_thread_blocked, id=680, stack(0x0000004dc5000000,0x0000004dc5100000)]
  0x000001fdc254a800 JavaThread "dispatcher-event-loop-1" daemon [_thread_blocked, id=10008, stack(0x0000004dc5100000,0x0000004dc5200000)]
  0x000001fdc4c55000 JavaThread "map-output-dispatcher-0" daemon [_thread_blocked, id=9388, stack(0x0000004dc5200000,0x0000004dc5300000)]
  0x000001fdc4219000 JavaThread "map-output-dispatcher-1" daemon [_thread_blocked, id=12428, stack(0x0000004dc5300000,0x0000004dc5400000)]
  0x000001fdc2b54000 JavaThread "map-output-dispatcher-2" daemon [_thread_blocked, id=8200, stack(0x0000004dc5400000,0x0000004dc5500000)]
  0x000001fdc2b55000 JavaThread "map-output-dispatcher-3" daemon [_thread_blocked, id=7256, stack(0x0000004dc5500000,0x0000004dc5600000)]
  0x000001fdc481d800 JavaThread "map-output-dispatcher-4" daemon [_thread_blocked, id=660, stack(0x0000004dc5600000,0x0000004dc5700000)]
  0x000001fdc481e800 JavaThread "map-output-dispatcher-5" daemon [_thread_blocked, id=3876, stack(0x0000004dc5700000,0x0000004dc5800000)]
  0x000001fdc481f000 JavaThread "map-output-dispatcher-6" daemon [_thread_blocked, id=9936, stack(0x0000004dc5800000,0x0000004dc5900000)]
  0x000001fdc4820000 JavaThread "map-output-dispatcher-7" daemon [_thread_blocked, id=1268, stack(0x0000004dc5900000,0x0000004dc5a00000)]
  0x000001fdc481c800 JavaThread "dispatcher-BlockManagerMaster" daemon [_thread_blocked, id=6036, stack(0x0000004dc5a00000,0x0000004dc5b00000)]
  0x000001fdc4821000 JavaThread "dispatcher-BlockManagerEndpoint1" daemon [_thread_blocked, id=7976, stack(0x0000004dc5c00000,0x0000004dc5d00000)]
  0x000001fdc481b000 JavaThread "RemoteBlock-temp-file-clean-thread" daemon [_thread_blocked, id=11540, stack(0x0000004dc5d00000,0x0000004dc5e00000)]
  0x000001fdc4821800 JavaThread "SparkUI-31" daemon [_thread_in_native, id=9380, stack(0x0000004dc5e00000,0x0000004dc5f00000)]
  0x000001fdc481c000 JavaThread "SparkUI-32" daemon [_thread_blocked, id=5088, stack(0x0000004dc5f00000,0x0000004dc6000000)]
  0x000001fdc6462000 JavaThread "SparkUI-33" daemon [_thread_blocked, id=8864, stack(0x0000004dc6000000,0x0000004dc6100000)]
  0x000001fdc6468800 JavaThread "SparkUI-34" daemon [_thread_blocked, id=12720, stack(0x0000004dc6100000,0x0000004dc6200000)]
  0x000001fdc6467800 JavaThread "SparkUI-35-acceptor-0@50263aba-Spark@5ee1cece{HTTP/1.1, (http/1.1)}{0.0.0.0:4040}" daemon [_thread_in_native, id=2324, stack(0x0000004dc6200000,0x0000004dc6300000)]
  0x000001fdc6463000 JavaThread "SparkUI-36" daemon [_thread_in_native, id=4732, stack(0x0000004dc6300000,0x0000004dc6400000)]
  0x000001fdc6465000 JavaThread "SparkUI-37" daemon [_thread_blocked, id=12992, stack(0x0000004dc6400000,0x0000004dc6500000)]
  0x000001fdc6469800 JavaThread "SparkUI-38" daemon [_thread_blocked, id=5172, stack(0x0000004dc6500000,0x0000004dc6600000)]
  0x000001fdc6466000 JavaThread "heartbeat-receiver-event-loop-thread" daemon [_thread_blocked, id=8544, stack(0x0000004dc6600000,0x0000004dc6700000)]
  0x000001fdc6463800 JavaThread "task-starvation-timer" daemon [_thread_blocked, id=1184, stack(0x0000004dc6700000,0x0000004dc6800000)]
  0x000001fdc6467000 JavaThread "task-abort-timer" daemon [_thread_blocked, id=10960, stack(0x0000004dc6800000,0x0000004dc6900000)]
  0x000001fdc646a000 JavaThread "netty-rpc-env-timeout" daemon [_thread_blocked, id=6896, stack(0x0000004dc6900000,0x0000004dc6a00000)]
  0x000001fdc6464800 JavaThread "dag-scheduler-event-loop" daemon [_thread_blocked, id=1468, stack(0x0000004dc6a00000,0x0000004dc6b00000)]
  0x000001fdc6470800 JavaThread "driver-heartbeater" daemon [_thread_blocked, id=12416, stack(0x0000004dc6b00000,0x0000004dc6c00000)]
  0x000001fdc646d800 JavaThread "executor-heartbeater" daemon [_thread_blocked, id=12300, stack(0x0000004dc6c00000,0x0000004dc6d00000)]
  0x000001fdc646e000 JavaThread "shuffle-boss-6-1" daemon [_thread_in_native, id=12864, stack(0x0000004dc6d00000,0x0000004dc6e00000)]
  0x000001fdc646c800 JavaThread "Spark Context Cleaner" daemon [_thread_blocked, id=11332, stack(0x0000004dc6e00000,0x0000004dc6f00000)]
  0x000001fdc646f000 JavaThread "context-cleaner-periodic-gc" daemon [_thread_blocked, id=6236, stack(0x0000004dc6f00000,0x0000004dc7000000)]
  0x000001fdc6470000 JavaThread "spark-listener-group-appStatus" daemon [_thread_blocked, id=8456, stack(0x0000004dc7000000,0x0000004dc7100000)]
  0x000001fdc646b000 JavaThread "spark-listener-group-executorManagement" daemon [_thread_blocked, id=2512, stack(0x0000004dc7100000,0x0000004dc7200000)]
  0x000001fdc646b800 JavaThread "element-tracking-store-worker" daemon [_thread_blocked, id=5784, stack(0x0000004dc7200000,0x0000004dc7300000)]
  0x000001fdc69cd800 JavaThread "spark-listener-group-shared" daemon [_thread_blocked, id=9692, stack(0x0000004dc7300000,0x0000004dc7400000)]
  0x000001fdc69ce800 JavaThread "org.apache.hadoop.fs.FileSystem$Statistics$StatisticsDataReferenceCleaner" daemon [_thread_blocked, id=3376, stack(0x0000004dc5b00000,0x0000004dc5c00000)]
  0x000001fdc69cb800 JavaThread "Timer-0" daemon [_thread_blocked, id=6972, stack(0x0000004dc7500000,0x0000004dc7600000)]
  0x000001fdc69cf800 JavaThread "derby.rawStoreDaemon" daemon [_thread_blocked, id=2136, stack(0x0000004dc7600000,0x0000004dc7700000)]
  0x000001fdc69cc000 JavaThread "com.google.common.base.internal.Finalizer" daemon [_thread_blocked, id=11232, stack(0x0000004dc7700000,0x0000004dc7800000)]
  0x000001fdc69d4800 JavaThread "BoneCP-keep-alive-scheduler" daemon [_thread_blocked, id=13204, stack(0x0000004dc7800000,0x0000004dc7900000)]
  0x000001fdc69d2000 JavaThread "BoneCP-pool-watch-thread" daemon [_thread_blocked, id=4728, stack(0x0000004dc7900000,0x0000004dc7a00000)]
  0x000001fdc69d6000 JavaThread "com.google.common.base.internal.Finalizer" daemon [_thread_blocked, id=12704, stack(0x0000004dc7a00000,0x0000004dc7b00000)]
  0x000001fdc69d0000 JavaThread "BoneCP-keep-alive-scheduler" daemon [_thread_blocked, id=7944, stack(0x0000004dc7b00000,0x0000004dc7c00000)]
  0x000001fdc69d3800 JavaThread "BoneCP-pool-watch-thread" daemon [_thread_blocked, id=11612, stack(0x0000004dc7c00000,0x0000004dc7d00000)]
=>0x000001fdc1f2f000 JavaThread "C2 CompilerThread1" daemon [_thread_in_native, id=3716, stack(0x0000004dc7d00000,0x0000004dc7e00000)]

Other Threads:
  0x000001fdc0700000 VMThread "VM Thread" [stack: 0x0000004dc4000000,0x0000004dc4100000] [id=8652]
  0x000001fdc152f800 WatcherThread [stack: 0x0000004dc4b00000,0x0000004dc4c00000] [id=1264]
  0x000001fda30ea800 GCTaskThread "GC Thread#0" [stack: 0x0000004dc3b00000,0x0000004dc3c00000] [id=9996]
  0x000001fdc1a50800 GCTaskThread "GC Thread#1" [stack: 0x0000004dc4c00000,0x0000004dc4d00000] [id=9904]
  0x000001fdc19c1800 GCTaskThread "GC Thread#2" [stack: 0x0000004dc4d00000,0x0000004dc4e00000] [id=2372]
  0x000001fdc4ce3000 GCTaskThread "GC Thread#3" [stack: 0x0000004dc7400000,0x0000004dc7500000] [id=8572]
  0x000001fda0fce000 ConcurrentGCThread "G1 Main Marker" [stack: 0x0000004dc3c00000,0x0000004dc3d00000] [id=4336]
  0x000001fda3117000 ConcurrentGCThread "G1 Conc#0" [stack: 0x0000004dc3d00000,0x0000004dc3e00000] [id=3972]
  0x000001fdc0568800 ConcurrentGCThread "G1 Refine#0" [stack: 0x0000004dc3e00000,0x0000004dc3f00000] [id=9076]
  0x000001fdc0569000 ConcurrentGCThread "G1 Young RemSet Sampling" [stack: 0x0000004dc3f00000,0x0000004dc4000000] [id=11584]

Threads with active compile tasks:
C2 CompilerThread0  20069 9238   !   4       java.util.regex.Pattern::matcher (44 bytes)
C1 CompilerThread0  20069 9289   !   3       org.datanucleus.store.rdbms.mapping.java.PersistableMapping::setObjectAsValue (1273 bytes)
C2 CompilerThread1  20069 9131   !   4       org.apache.derby.impl.store.raw.data.BaseDataFileFactory::openContainer (359 bytes)

VM state:not at safepoint (normal execution)

VM Mutex/Monitor currently owned by a thread: None

Heap address: 0x0000000081800000, size: 2024 MB, Compressed Oops mode: 32-bit
Narrow klass base: 0x0000000000000000, Narrow klass shift: 3
Compressed class space size: 1073741824 Address: 0x0000000100000000

Heap:
 garbage-first heap   total 189440K, used 136395K [0x0000000081800000, 0x0000000100000000)
  region size 1024K, 95 young (97280K), 8 survivors (8192K)
 Metaspace       used 125107K, capacity 131309K, committed 131668K, reserved 1161216K
  class space    used 15683K, capacity 19819K, committed 19952K, reserved 1048576K
Heap Regions: E=young(eden), S=young(survivor), O=old, HS=humongous(starts), HC=humongous(continues), CS=collection set, F=free, A=archive, TAMS=top-at-mark-start (previous, next)
|   0|0x0000000081800000, 0x0000000081900000, 0x0000000081900000|100%|HS|  |TAMS 0x0000000081900000, 0x0000000081800000| Complete 
|   1|0x0000000081900000, 0x0000000081a00000, 0x0000000081a00000|100%|HC|  |TAMS 0x0000000081a00000, 0x0000000081900000| Complete 
|   2|0x0000000081a00000, 0x0000000081b00000, 0x0000000081b00000|100%|HS|  |TAMS 0x0000000081b00000, 0x0000000081a00000| Complete 
|   3|0x0000000081b00000, 0x0000000081c00000, 0x0000000081c00000|100%|HC|  |TAMS 0x0000000081c00000, 0x0000000081b00000| Complete 
|   4|0x0000000081c00000, 0x0000000081d00000, 0x0000000081d00000|100%|HC|  |TAMS 0x0000000081d00000, 0x0000000081c00000| Complete 
|   5|0x0000000081d00000, 0x0000000081e00000, 0x0000000081e00000|100%|HS|  |TAMS 0x0000000081e00000, 0x0000000081d00000| Complete 
|   6|0x0000000081e00000, 0x0000000081f00000, 0x0000000081f00000|100%|HS|  |TAMS 0x0000000081f00000, 0x0000000081e00000| Complete 
|   7|0x0000000081f00000, 0x0000000082000000, 0x0000000082000000|100%| O|  |TAMS 0x0000000082000000, 0x0000000081f00000| Untracked 
|   8|0x0000000082000000, 0x0000000082100000, 0x0000000082100000|100%| O|  |TAMS 0x0000000082100000, 0x0000000082000000| Untracked 
|   9|0x0000000082100000, 0x0000000082200000, 0x0000000082200000|100%| O|  |TAMS 0x0000000082200000, 0x0000000082100000| Untracked 
|  10|0x0000000082200000, 0x0000000082300000, 0x0000000082300000|100%| O|  |TAMS 0x0000000082300000, 0x0000000082200000| Untracked 
|  11|0x0000000082300000, 0x0000000082400000, 0x0000000082400000|100%| O|  |TAMS 0x0000000082400000, 0x0000000082300000| Untracked 
|  12|0x0000000082400000, 0x0000000082500000, 0x0000000082500000|100%| O|  |TAMS 0x0000000082500000, 0x0000000082400000| Untracked 
|  13|0x0000000082500000, 0x0000000082600000, 0x0000000082600000|100%| O|  |TAMS 0x0000000082600000, 0x0000000082500000| Untracked 
|  14|0x0000000082600000, 0x0000000082700000, 0x0000000082700000|100%| O|  |TAMS 0x0000000082700000, 0x0000000082600000| Untracked 
|  15|0x0000000082700000, 0x0000000082800000, 0x0000000082800000|100%| O|  |TAMS 0x0000000082800000, 0x0000000082700000| Untracked 
|  16|0x0000000082800000, 0x0000000082900000, 0x0000000082900000|100%| O|  |TAMS 0x0000000082900000, 0x0000000082800000| Untracked 
|  17|0x0000000082900000, 0x0000000082a00000, 0x0000000082a00000|100%| O|  |TAMS 0x0000000082a00000, 0x0000000082900000| Untracked 
|  18|0x0000000082a00000, 0x0000000082b00000, 0x0000000082b00000|100%| O|  |TAMS 0x0000000082b00000, 0x0000000082a00000| Untracked 
|  19|0x0000000082b00000, 0x0000000082c00000, 0x0000000082c00000|100%| O|  |TAMS 0x0000000082c00000, 0x0000000082b00000| Untracked 
|  20|0x0000000082c00000, 0x0000000082d00000, 0x0000000082d00000|100%| O|  |TAMS 0x0000000082d00000, 0x0000000082c00000| Untracked 
|  21|0x0000000082d00000, 0x0000000082e00000, 0x0000000082e00000|100%| O|  |TAMS 0x0000000082e00000, 0x0000000082d00000| Untracked 
|  22|0x0000000082e00000, 0x0000000082f00000, 0x0000000082f00000|100%| O|  |TAMS 0x0000000082f00000, 0x0000000082e00000| Untracked 
|  23|0x0000000082f00000, 0x0000000083000000, 0x0000000083000000|100%| O|  |TAMS 0x0000000083000000, 0x0000000082f00000| Untracked 
|  24|0x0000000083000000, 0x0000000083100000, 0x0000000083100000|100%| O|  |TAMS 0x0000000083100000, 0x0000000083000000| Untracked 
|  25|0x0000000083100000, 0x0000000083200000, 0x0000000083200000|100%| O|  |TAMS 0x0000000083200000, 0x0000000083100000| Untracked 
|  26|0x0000000083200000, 0x0000000083300000, 0x0000000083300000|100%| O|  |TAMS 0x0000000083300000, 0x0000000083200000| Untracked 
|  27|0x0000000083300000, 0x0000000083400000, 0x0000000083400000|100%| O|  |TAMS 0x0000000083400000, 0x0000000083300000| Untracked 
|  28|0x0000000083400000, 0x0000000083500000, 0x0000000083500000|100%| O|  |TAMS 0x0000000083500000, 0x0000000083400000| Untracked 
|  29|0x0000000083500000, 0x0000000083600000, 0x0000000083600000|100%| O|  |TAMS 0x0000000083600000, 0x0000000083500000| Untracked 
|  30|0x0000000083600000, 0x0000000083700000, 0x0000000083700000|100%| O|  |TAMS 0x0000000083700000, 0x0000000083600000| Untracked 
|  31|0x0000000083700000, 0x0000000083800000, 0x0000000083800000|100%| O|  |TAMS 0x0000000083800000, 0x0000000083700000| Untracked 
|  32|0x0000000083800000, 0x0000000083900000, 0x0000000083900000|100%| O|  |TAMS 0x0000000083900000, 0x0000000083800000| Untracked 
|  33|0x0000000083900000, 0x0000000083a00000, 0x0000000083a00000|100%| O|  |TAMS 0x0000000083a00000, 0x0000000083900000| Untracked 
|  34|0x0000000083a00000, 0x0000000083b00000, 0x0000000083b00000|100%| O|  |TAMS 0x0000000083b00000, 0x0000000083a00000| Untracked 
|  35|0x0000000083b00000, 0x0000000083c00000, 0x0000000083c00000|100%| O|  |TAMS 0x0000000083c00000, 0x0000000083b00000| Untracked 
|  36|0x0000000083c00000, 0x0000000083d00000, 0x0000000083d00000|100%| O|  |TAMS 0x0000000083d00000, 0x0000000083c00000| Untracked 
|  37|0x0000000083d00000, 0x0000000083e00000, 0x0000000083e00000|100%| O|  |TAMS 0x0000000083e00000, 0x0000000083d00000| Untracked 
|  38|0x0000000083e00000, 0x0000000083f00000, 0x0000000083f00000|100%| O|  |TAMS 0x0000000083f00000, 0x0000000083e00000| Untracked 
|  39|0x0000000083f00000, 0x0000000083fb7c00, 0x0000000084000000| 71%| O|  |TAMS 0x0000000083fb7c00, 0x0000000083f00000| Untracked 
|  40|0x0000000084000000, 0x0000000084000000, 0x0000000084100000|  0%| F|  |TAMS 0x0000000084000000, 0x0000000084000000| Untracked 
|  41|0x0000000084100000, 0x0000000084100000, 0x0000000084200000|  0%| F|  |TAMS 0x0000000084100000, 0x0000000084100000| Untracked 
|  42|0x0000000084200000, 0x0000000084200000, 0x0000000084300000|  0%| F|  |TAMS 0x0000000084200000, 0x0000000084200000| Untracked 
|  43|0x0000000084300000, 0x0000000084300000, 0x0000000084400000|  0%| F|  |TAMS 0x0000000084300000, 0x0000000084300000| Untracked 
|  44|0x0000000084400000, 0x0000000084400000, 0x0000000084500000|  0%| F|  |TAMS 0x0000000084400000, 0x0000000084400000| Untracked 
|  45|0x0000000084500000, 0x0000000084500000, 0x0000000084600000|  0%| F|  |TAMS 0x0000000084500000, 0x0000000084500000| Untracked 
|  46|0x0000000084600000, 0x0000000084600000, 0x0000000084700000|  0%| F|  |TAMS 0x0000000084600000, 0x0000000084600000| Untracked 
|  47|0x0000000084700000, 0x0000000084700000, 0x0000000084800000|  0%| F|  |TAMS 0x0000000084700000, 0x0000000084700000| Untracked 
|  48|0x0000000084800000, 0x0000000084800000, 0x0000000084900000|  0%| F|  |TAMS 0x0000000084800000, 0x0000000084800000| Untracked 
|  49|0x0000000084900000, 0x0000000084900000, 0x0000000084a00000|  0%| F|  |TAMS 0x0000000084900000, 0x0000000084900000| Untracked 
|  50|0x0000000084a00000, 0x0000000084a00000, 0x0000000084b00000|  0%| F|  |TAMS 0x0000000084a00000, 0x0000000084a00000| Untracked 
|  51|0x0000000084b00000, 0x0000000084b00000, 0x0000000084c00000|  0%| F|  |TAMS 0x0000000084b00000, 0x0000000084b00000| Untracked 
|  52|0x0000000084c00000, 0x0000000084c00000, 0x0000000084d00000|  0%| F|  |TAMS 0x0000000084c00000, 0x0000000084c00000| Untracked 
|  53|0x0000000084d00000, 0x0000000084d00000, 0x0000000084e00000|  0%| F|  |TAMS 0x0000000084d00000, 0x0000000084d00000| Untracked 
|  54|0x0000000084e00000, 0x0000000084e00000, 0x0000000084f00000|  0%| F|  |TAMS 0x0000000084e00000, 0x0000000084e00000| Untracked 
|  55|0x0000000084f00000, 0x0000000084f00000, 0x0000000085000000|  0%| F|  |TAMS 0x0000000084f00000, 0x0000000084f00000| Untracked 
|  56|0x0000000085000000, 0x0000000085000000, 0x0000000085100000|  0%| F|  |TAMS 0x0000000085000000, 0x0000000085000000| Untracked 
|  57|0x0000000085100000, 0x0000000085100000, 0x0000000085200000|  0%| F|  |TAMS 0x0000000085100000, 0x0000000085100000| Untracked 
|  58|0x0000000085200000, 0x0000000085200000, 0x0000000085300000|  0%| F|  |TAMS 0x0000000085200000, 0x0000000085200000| Untracked 
|  59|0x0000000085300000, 0x0000000085300000, 0x0000000085400000|  0%| F|  |TAMS 0x0000000085300000, 0x0000000085300000| Untracked 
|  60|0x0000000085400000, 0x0000000085400000, 0x0000000085500000|  0%| F|  |TAMS 0x0000000085400000, 0x0000000085400000| Untracked 
|  61|0x0000000085500000, 0x0000000085500000, 0x0000000085600000|  0%| F|  |TAMS 0x0000000085500000, 0x0000000085500000| Untracked 
|  62|0x0000000085600000, 0x0000000085600000, 0x0000000085700000|  0%| F|  |TAMS 0x0000000085600000, 0x0000000085600000| Untracked 
|  63|0x0000000085700000, 0x0000000085700000, 0x0000000085800000|  0%| F|  |TAMS 0x0000000085700000, 0x0000000085700000| Untracked 
|  64|0x0000000085800000, 0x0000000085800000, 0x0000000085900000|  0%| F|  |TAMS 0x0000000085800000, 0x0000000085800000| Untracked 
|  65|0x0000000085900000, 0x0000000085900000, 0x0000000085a00000|  0%| F|  |TAMS 0x0000000085900000, 0x0000000085900000| Untracked 
|  66|0x0000000085a00000, 0x0000000085a00000, 0x0000000085b00000|  0%| F|  |TAMS 0x0000000085a00000, 0x0000000085a00000| Untracked 
|  67|0x0000000085b00000, 0x0000000085b00000, 0x0000000085c00000|  0%| F|  |TAMS 0x0000000085b00000, 0x0000000085b00000| Untracked 
|  68|0x0000000085c00000, 0x0000000085c00000, 0x0000000085d00000|  0%| F|  |TAMS 0x0000000085c00000, 0x0000000085c00000| Untracked 
|  69|0x0000000085d00000, 0x0000000085d00000, 0x0000000085e00000|  0%| F|  |TAMS 0x0000000085d00000, 0x0000000085d00000| Untracked 
|  70|0x0000000085e00000, 0x0000000085e00000, 0x0000000085f00000|  0%| F|  |TAMS 0x0000000085e00000, 0x0000000085e00000| Untracked 
|  71|0x0000000085f00000, 0x0000000085f00000, 0x0000000086000000|  0%| F|  |TAMS 0x0000000085f00000, 0x0000000085f00000| Untracked 
|  72|0x0000000086000000, 0x0000000086000000, 0x0000000086100000|  0%| F|  |TAMS 0x0000000086000000, 0x0000000086000000| Untracked 
|  73|0x0000000086100000, 0x0000000086100000, 0x0000000086200000|  0%| F|  |TAMS 0x0000000086100000, 0x0000000086100000| Untracked 
|  74|0x0000000086200000, 0x0000000086200000, 0x0000000086300000|  0%| F|  |TAMS 0x0000000086200000, 0x0000000086200000| Untracked 
|  75|0x0000000086300000, 0x0000000086300000, 0x0000000086400000|  0%| F|  |TAMS 0x0000000086300000, 0x0000000086300000| Untracked 
|  76|0x0000000086400000, 0x0000000086400000, 0x0000000086500000|  0%| F|  |TAMS 0x0000000086400000, 0x0000000086400000| Untracked 
|  77|0x0000000086500000, 0x0000000086500000, 0x0000000086600000|  0%| F|  |TAMS 0x0000000086500000, 0x0000000086500000| Untracked 
|  78|0x0000000086600000, 0x0000000086600000, 0x0000000086700000|  0%| F|  |TAMS 0x0000000086600000, 0x0000000086600000| Untracked 
|  79|0x0000000086700000, 0x0000000086700000, 0x0000000086800000|  0%| F|  |TAMS 0x0000000086700000, 0x0000000086700000| Untracked 
|  80|0x0000000086800000, 0x0000000086800000, 0x0000000086900000|  0%| F|  |TAMS 0x0000000086800000, 0x0000000086800000| Untracked 
|  81|0x0000000086900000, 0x0000000086900000, 0x0000000086a00000|  0%| F|  |TAMS 0x0000000086900000, 0x0000000086900000| Untracked 
|  82|0x0000000086a00000, 0x0000000086a00000, 0x0000000086b00000|  0%| F|  |TAMS 0x0000000086a00000, 0x0000000086a00000| Untracked 
|  83|0x0000000086b00000, 0x0000000086b00000, 0x0000000086c00000|  0%| F|  |TAMS 0x0000000086b00000, 0x0000000086b00000| Untracked 
|  84|0x0000000086c00000, 0x0000000086c00000, 0x0000000086d00000|  0%| F|  |TAMS 0x0000000086c00000, 0x0000000086c00000| Untracked 
|  85|0x0000000086d00000, 0x0000000086d00000, 0x0000000086e00000|  0%| F|  |TAMS 0x0000000086d00000, 0x0000000086d00000| Untracked 
|  86|0x0000000086e00000, 0x0000000086e00000, 0x0000000086f00000|  0%| F|  |TAMS 0x0000000086e00000, 0x0000000086e00000| Untracked 
|  87|0x0000000086f00000, 0x0000000086f00000, 0x0000000087000000|  0%| F|  |TAMS 0x0000000086f00000, 0x0000000086f00000| Untracked 
|  88|0x0000000087000000, 0x0000000087000000, 0x0000000087100000|  0%| F|  |TAMS 0x0000000087000000, 0x0000000087000000| Untracked 
|  89|0x0000000087100000, 0x0000000087100000, 0x0000000087200000|  0%| F|  |TAMS 0x0000000087100000, 0x0000000087100000| Untracked 
|  90|0x0000000087200000, 0x0000000087300000, 0x0000000087300000|100%| E|  |TAMS 0x0000000087200000, 0x0000000087200000| Complete 
|  91|0x0000000087300000, 0x0000000087400000, 0x0000000087400000|100%| E|CS|TAMS 0x0000000087300000, 0x0000000087300000| Complete 
|  92|0x0000000087400000, 0x0000000087500000, 0x0000000087500000|100%| E|CS|TAMS 0x0000000087400000, 0x0000000087400000| Complete 
|  93|0x0000000087500000, 0x0000000087600000, 0x0000000087600000|100%| E|CS|TAMS 0x0000000087500000, 0x0000000087500000| Complete 
|  94|0x0000000087600000, 0x0000000087700000, 0x0000000087700000|100%| E|CS|TAMS 0x0000000087600000, 0x0000000087600000| Complete 
|  95|0x0000000087700000, 0x0000000087800000, 0x0000000087800000|100%| E|CS|TAMS 0x0000000087700000, 0x0000000087700000| Complete 
|  96|0x0000000087800000, 0x0000000087900000, 0x0000000087900000|100%| E|CS|TAMS 0x0000000087800000, 0x0000000087800000| Complete 
|  97|0x0000000087900000, 0x0000000087a00000, 0x0000000087a00000|100%| E|CS|TAMS 0x0000000087900000, 0x0000000087900000| Complete 
|  98|0x0000000087a00000, 0x0000000087b00000, 0x0000000087b00000|100%| E|CS|TAMS 0x0000000087a00000, 0x0000000087a00000| Complete 
|  99|0x0000000087b00000, 0x0000000087c00000, 0x0000000087c00000|100%| E|CS|TAMS 0x0000000087b00000, 0x0000000087b00000| Complete 
| 100|0x0000000087c00000, 0x0000000087d00000, 0x0000000087d00000|100%| E|CS|TAMS 0x0000000087c00000, 0x0000000087c00000| Complete 
| 101|0x0000000087d00000, 0x0000000087e00000, 0x0000000087e00000|100%| E|CS|TAMS 0x0000000087d00000, 0x0000000087d00000| Complete 
| 102|0x0000000087e00000, 0x0000000087f00000, 0x0000000087f00000|100%| E|CS|TAMS 0x0000000087e00000, 0x0000000087e00000| Complete 
| 103|0x0000000087f00000, 0x0000000088000000, 0x0000000088000000|100%| E|CS|TAMS 0x0000000087f00000, 0x0000000087f00000| Complete 
| 104|0x0000000088000000, 0x000000008807b0e0, 0x0000000088100000| 48%| S|CS|TAMS 0x0000000088000000, 0x0000000088000000| Complete 
| 105|0x0000000088100000, 0x0000000088200000, 0x0000000088200000|100%| S|CS|TAMS 0x0000000088100000, 0x0000000088100000| Complete 
| 106|0x0000000088200000, 0x0000000088300000, 0x0000000088300000|100%| S|CS|TAMS 0x0000000088200000, 0x0000000088200000| Complete 
| 107|0x0000000088300000, 0x0000000088400000, 0x0000000088400000|100%| S|CS|TAMS 0x0000000088300000, 0x0000000088300000| Complete 
| 108|0x0000000088400000, 0x0000000088500000, 0x0000000088500000|100%| S|CS|TAMS 0x0000000088400000, 0x0000000088400000| Complete 
| 109|0x0000000088500000, 0x0000000088600000, 0x0000000088600000|100%| S|CS|TAMS 0x0000000088500000, 0x0000000088500000| Complete 
| 110|0x0000000088600000, 0x0000000088700000, 0x0000000088700000|100%| S|CS|TAMS 0x0000000088600000, 0x0000000088600000| Complete 
| 111|0x0000000088700000, 0x0000000088800000, 0x0000000088800000|100%| S|CS|TAMS 0x0000000088700000, 0x0000000088700000| Complete 
| 112|0x0000000088800000, 0x0000000088900000, 0x0000000088900000|100%| E|CS|TAMS 0x0000000088800000, 0x0000000088800000| Complete 
| 113|0x0000000088900000, 0x0000000088a00000, 0x0000000088a00000|100%| E|CS|TAMS 0x0000000088900000, 0x0000000088900000| Complete 
| 114|0x0000000088a00000, 0x0000000088b00000, 0x0000000088b00000|100%| E|CS|TAMS 0x0000000088a00000, 0x0000000088a00000| Complete 
| 115|0x0000000088b00000, 0x0000000088c00000, 0x0000000088c00000|100%| E|CS|TAMS 0x0000000088b00000, 0x0000000088b00000| Complete 
| 116|0x0000000088c00000, 0x0000000088d00000, 0x0000000088d00000|100%| E|CS|TAMS 0x0000000088c00000, 0x0000000088c00000| Complete 
| 117|0x0000000088d00000, 0x0000000088e00000, 0x0000000088e00000|100%| E|CS|TAMS 0x0000000088d00000, 0x0000000088d00000| Complete 
| 118|0x0000000088e00000, 0x0000000088f00000, 0x0000000088f00000|100%| E|CS|TAMS 0x0000000088e00000, 0x0000000088e00000| Complete 
| 119|0x0000000088f00000, 0x0000000089000000, 0x0000000089000000|100%| E|CS|TAMS 0x0000000088f00000, 0x0000000088f00000| Complete 
| 120|0x0000000089000000, 0x0000000089100000, 0x0000000089100000|100%| E|CS|TAMS 0x0000000089000000, 0x0000000089000000| Complete 
| 121|0x0000000089100000, 0x0000000089200000, 0x0000000089200000|100%| E|CS|TAMS 0x0000000089100000, 0x0000000089100000| Complete 
| 122|0x0000000089200000, 0x0000000089300000, 0x0000000089300000|100%| E|CS|TAMS 0x0000000089200000, 0x0000000089200000| Complete 
| 123|0x0000000089300000, 0x0000000089400000, 0x0000000089400000|100%| E|CS|TAMS 0x0000000089300000, 0x0000000089300000| Complete 
| 124|0x0000000089400000, 0x0000000089500000, 0x0000000089500000|100%| E|CS|TAMS 0x0000000089400000, 0x0000000089400000| Complete 
| 125|0x0000000089500000, 0x0000000089600000, 0x0000000089600000|100%| E|CS|TAMS 0x0000000089500000, 0x0000000089500000| Complete 
| 126|0x0000000089600000, 0x0000000089700000, 0x0000000089700000|100%| E|CS|TAMS 0x0000000089600000, 0x0000000089600000| Complete 
| 127|0x0000000089700000, 0x0000000089800000, 0x0000000089800000|100%| E|CS|TAMS 0x0000000089700000, 0x0000000089700000| Complete 
| 128|0x0000000089800000, 0x0000000089900000, 0x0000000089900000|100%| E|CS|TAMS 0x0000000089800000, 0x0000000089800000| Complete 
| 129|0x0000000089900000, 0x0000000089a00000, 0x0000000089a00000|100%| E|CS|TAMS 0x0000000089900000, 0x0000000089900000| Complete 
| 130|0x0000000089a00000, 0x0000000089b00000, 0x0000000089b00000|100%| E|CS|TAMS 0x0000000089a00000, 0x0000000089a00000| Complete 
| 131|0x0000000089b00000, 0x0000000089c00000, 0x0000000089c00000|100%| E|CS|TAMS 0x0000000089b00000, 0x0000000089b00000| Complete 
| 132|0x0000000089c00000, 0x0000000089d00000, 0x0000000089d00000|100%| E|CS|TAMS 0x0000000089c00000, 0x0000000089c00000| Complete 
| 133|0x0000000089d00000, 0x0000000089e00000, 0x0000000089e00000|100%| E|CS|TAMS 0x0000000089d00000, 0x0000000089d00000| Complete 
| 134|0x0000000089e00000, 0x0000000089f00000, 0x0000000089f00000|100%| E|CS|TAMS 0x0000000089e00000, 0x0000000089e00000| Complete 
| 135|0x0000000089f00000, 0x000000008a000000, 0x000000008a000000|100%| E|CS|TAMS 0x0000000089f00000, 0x0000000089f00000| Complete 
| 136|0x000000008a000000, 0x000000008a100000, 0x000000008a100000|100%| E|CS|TAMS 0x000000008a000000, 0x000000008a000000| Complete 
| 137|0x000000008a100000, 0x000000008a200000, 0x000000008a200000|100%| E|CS|TAMS 0x000000008a100000, 0x000000008a100000| Complete 
| 138|0x000000008a200000, 0x000000008a300000, 0x000000008a300000|100%| E|CS|TAMS 0x000000008a200000, 0x000000008a200000| Complete 
| 139|0x000000008a300000, 0x000000008a400000, 0x000000008a400000|100%| E|CS|TAMS 0x000000008a300000, 0x000000008a300000| Complete 
| 140|0x000000008a400000, 0x000000008a500000, 0x000000008a500000|100%| E|CS|TAMS 0x000000008a400000, 0x000000008a400000| Complete 
| 141|0x000000008a500000, 0x000000008a600000, 0x000000008a600000|100%| E|CS|TAMS 0x000000008a500000, 0x000000008a500000| Complete 
| 142|0x000000008a600000, 0x000000008a700000, 0x000000008a700000|100%| E|CS|TAMS 0x000000008a600000, 0x000000008a600000| Complete 
| 143|0x000000008a700000, 0x000000008a800000, 0x000000008a800000|100%| E|CS|TAMS 0x000000008a700000, 0x000000008a700000| Complete 
| 144|0x000000008a800000, 0x000000008a900000, 0x000000008a900000|100%| E|CS|TAMS 0x000000008a800000, 0x000000008a800000| Complete 
| 145|0x000000008a900000, 0x000000008aa00000, 0x000000008aa00000|100%| E|CS|TAMS 0x000000008a900000, 0x000000008a900000| Complete 
| 146|0x000000008aa00000, 0x000000008ab00000, 0x000000008ab00000|100%| E|CS|TAMS 0x000000008aa00000, 0x000000008aa00000| Complete 
| 147|0x000000008ab00000, 0x000000008ac00000, 0x000000008ac00000|100%| E|CS|TAMS 0x000000008ab00000, 0x000000008ab00000| Complete 
| 148|0x000000008ac00000, 0x000000008ad00000, 0x000000008ad00000|100%| E|CS|TAMS 0x000000008ac00000, 0x000000008ac00000| Complete 
| 149|0x000000008ad00000, 0x000000008ae00000, 0x000000008ae00000|100%| E|CS|TAMS 0x000000008ad00000, 0x000000008ad00000| Complete 
| 150|0x000000008ae00000, 0x000000008af00000, 0x000000008af00000|100%| E|CS|TAMS 0x000000008ae00000, 0x000000008ae00000| Complete 
| 151|0x000000008af00000, 0x000000008b000000, 0x000000008b000000|100%| E|CS|TAMS 0x000000008af00000, 0x000000008af00000| Complete 
| 152|0x000000008b000000, 0x000000008b100000, 0x000000008b100000|100%| E|CS|TAMS 0x000000008b000000, 0x000000008b000000| Complete 
| 153|0x000000008b100000, 0x000000008b200000, 0x000000008b200000|100%| E|CS|TAMS 0x000000008b100000, 0x000000008b100000| Complete 
| 154|0x000000008b200000, 0x000000008b300000, 0x000000008b300000|100%| E|CS|TAMS 0x000000008b200000, 0x000000008b200000| Complete 
| 155|0x000000008b300000, 0x000000008b400000, 0x000000008b400000|100%| E|CS|TAMS 0x000000008b300000, 0x000000008b300000| Complete 
| 156|0x000000008b400000, 0x000000008b500000, 0x000000008b500000|100%| E|CS|TAMS 0x000000008b400000, 0x000000008b400000| Complete 
| 157|0x000000008b500000, 0x000000008b600000, 0x000000008b600000|100%| E|CS|TAMS 0x000000008b500000, 0x000000008b500000| Complete 
| 158|0x000000008b600000, 0x000000008b700000, 0x000000008b700000|100%| E|CS|TAMS 0x000000008b600000, 0x000000008b600000| Complete 
| 159|0x000000008b700000, 0x000000008b800000, 0x000000008b800000|100%| E|CS|TAMS 0x000000008b700000, 0x000000008b700000| Complete 
| 160|0x000000008b800000, 0x000000008b900000, 0x000000008b900000|100%| E|CS|TAMS 0x000000008b800000, 0x000000008b800000| Complete 
| 161|0x000000008b900000, 0x000000008ba00000, 0x000000008ba00000|100%| E|CS|TAMS 0x000000008b900000, 0x000000008b900000| Complete 
| 162|0x000000008ba00000, 0x000000008bb00000, 0x000000008bb00000|100%| E|CS|TAMS 0x000000008ba00000, 0x000000008ba00000| Complete 
| 163|0x000000008bb00000, 0x000000008bc00000, 0x000000008bc00000|100%| E|CS|TAMS 0x000000008bb00000, 0x000000008bb00000| Complete 
| 164|0x000000008bc00000, 0x000000008bd00000, 0x000000008bd00000|100%| E|CS|TAMS 0x000000008bc00000, 0x000000008bc00000| Complete 
| 165|0x000000008bd00000, 0x000000008be00000, 0x000000008be00000|100%| E|CS|TAMS 0x000000008bd00000, 0x000000008bd00000| Complete 
| 166|0x000000008be00000, 0x000000008bf00000, 0x000000008bf00000|100%| E|CS|TAMS 0x000000008be00000, 0x000000008be00000| Complete 
| 167|0x000000008bf00000, 0x000000008c000000, 0x000000008c000000|100%| E|CS|TAMS 0x000000008bf00000, 0x000000008bf00000| Complete 
| 168|0x000000008c000000, 0x000000008c100000, 0x000000008c100000|100%| E|CS|TAMS 0x000000008c000000, 0x000000008c000000| Complete 
| 169|0x000000008c100000, 0x000000008c200000, 0x000000008c200000|100%| E|CS|TAMS 0x000000008c100000, 0x000000008c100000| Complete 
| 170|0x000000008c200000, 0x000000008c300000, 0x000000008c300000|100%| E|CS|TAMS 0x000000008c200000, 0x000000008c200000| Complete 
| 171|0x000000008c300000, 0x000000008c400000, 0x000000008c400000|100%| E|CS|TAMS 0x000000008c300000, 0x000000008c300000| Complete 
| 172|0x000000008c400000, 0x000000008c500000, 0x000000008c500000|100%| E|CS|TAMS 0x000000008c400000, 0x000000008c400000| Complete 
| 173|0x000000008c500000, 0x000000008c600000, 0x000000008c600000|100%| E|CS|TAMS 0x000000008c500000, 0x000000008c500000| Complete 
| 174|0x000000008c600000, 0x000000008c700000, 0x000000008c700000|100%| E|CS|TAMS 0x000000008c600000, 0x000000008c600000| Complete 
| 175|0x000000008c700000, 0x000000008c800000, 0x000000008c800000|100%| E|CS|TAMS 0x000000008c700000, 0x000000008c700000| Complete 
| 176|0x000000008c800000, 0x000000008c900000, 0x000000008c900000|100%| E|CS|TAMS 0x000000008c800000, 0x000000008c800000| Complete 
| 177|0x000000008c900000, 0x000000008ca00000, 0x000000008ca00000|100%| E|CS|TAMS 0x000000008c900000, 0x000000008c900000| Complete 
| 178|0x000000008ca00000, 0x000000008cb00000, 0x000000008cb00000|100%| E|CS|TAMS 0x000000008ca00000, 0x000000008ca00000| Complete 
| 179|0x000000008cb00000, 0x000000008cc00000, 0x000000008cc00000|100%| E|CS|TAMS 0x000000008cb00000, 0x000000008cb00000| Complete 
| 180|0x000000008cc00000, 0x000000008cd00000, 0x000000008cd00000|100%| E|CS|TAMS 0x000000008cc00000, 0x000000008cc00000| Complete 
| 181|0x000000008cd00000, 0x000000008ce00000, 0x000000008ce00000|100%| E|CS|TAMS 0x000000008cd00000, 0x000000008cd00000| Complete 
| 182|0x000000008ce00000, 0x000000008cf00000, 0x000000008cf00000|100%| E|CS|TAMS 0x000000008ce00000, 0x000000008ce00000| Complete 
| 183|0x000000008cf00000, 0x000000008d000000, 0x000000008d000000|100%| E|CS|TAMS 0x000000008cf00000, 0x000000008cf00000| Complete 
| 184|0x000000008d000000, 0x000000008d100000, 0x000000008d100000|100%| E|CS|TAMS 0x000000008d000000, 0x000000008d000000| Complete 

Card table byte_map: [0x000001fdb9ae0000,0x000001fdb9ee0000] _byte_map_base: 0x000001fdb96d4000

Marking Bits (Prev, Next): (CMBitMap*) 0x000001fda0fcd080, (CMBitMap*) 0x000001fda0fcd048
 Prev Bits: [0x000001fdbc280000, 0x000001fdbe220000)
 Next Bits: [0x000001fdba2e0000, 0x000001fdbc280000)

Polling page: 0x000001fda1010000

Metaspace:

Usage:
  Non-class:    108.88 MB capacity,   106.86 MB ( 98%) used,     1.58 MB (  1%) free+waste,   450.38 KB ( <1%) overhead. 
      Class:     19.35 MB capacity,    15.32 MB ( 79%) used,     3.80 MB ( 20%) free+waste,   244.25 KB (  1%) overhead. 
       Both:    128.23 MB capacity,   122.17 MB ( 95%) used,     5.38 MB (  4%) free+waste,   694.63 KB ( <1%) overhead. 

Virtual space:
  Non-class space:      110.00 MB reserved,     109.10 MB (>99%) committed 
      Class space:        1.00 GB reserved,      19.48 MB (  2%) committed 
             Both:        1.11 GB reserved,     128.58 MB ( 11%) committed 

Chunk freelists:
   Non-Class:  4.25 KB
       Class:  2.63 KB
        Both:  6.88 KB

CodeHeap 'non-profiled nmethods': size=120064Kb used=5279Kb max_used=5279Kb free=114784Kb
 bounds [0x000001fdb21a0000, 0x000001fdb26d0000, 0x000001fdb96e0000]
CodeHeap 'profiled nmethods': size=120000Kb used=20681Kb max_used=20681Kb free=99318Kb
 bounds [0x000001fdaac70000, 0x000001fdac0b0000, 0x000001fdb21a0000]
CodeHeap 'non-nmethods': size=5696Kb used=1487Kb max_used=1550Kb free=4208Kb
 bounds [0x000001fdaa6e0000, 0x000001fdaa950000, 0x000001fdaac70000]
 total_blobs=10172 nmethods=9206 adapters=875
 compilation: enabled
              stopped_count=0, restarted_count=0
 full_count=0

Compilation events (10 events):
Event: 20.019 Thread 0x000001fdc0742000 nmethod 9249 0x000001fdac082710 code [0x000001fdac0828e0, 0x000001fdac082b48]
Event: 20.019 Thread 0x000001fdc0742000 9250       3       org.apache.spark.sql.catalyst.plans.logical.LogicalPlan::assertNotAnalysisRule (5 bytes)
Event: 20.019 Thread 0x000001fdc0742000 nmethod 9250 0x000001fdac082c90 code [0x000001fdac082e40, 0x000001fdac082fc8]
Event: 20.019 Thread 0x000001fdc0742000 9251       3       org.apache.spark.sql.catalyst.plans.logical.AnalysisHelper::assertNotAnalysisRule$ (5 bytes)
Event: 20.019 Thread 0x000001fdc0742000 nmethod 9251 0x000001fdac083090 code [0x000001fdac083240, 0x000001fdac0833a8]
Event: 20.019 Thread 0x000001fdc0742000 9252       3       org.apache.spark.sql.catalyst.plans.logical.AnalysisHelper::assertNotAnalysisRule (49 bytes)
Event: 20.021 Thread 0x000001fdc0742000 nmethod 9252 0x000001fdac083490 code [0x000001fdac0837a0, 0x000001fdac084958]
Event: 20.021 Thread 0x000001fdc0742000 9253       3       org.apache.spark.sql.catalyst.plans.logical.LogicalPlan::transformDownWithPruning (8 bytes)
Event: 20.022 Thread 0x000001fdc0742000 nmethod 9253 0x000001fdac084e90 code [0x000001fdac085080, 0x000001fdac0856b8]
Event: 20.022 Thread 0x000001fdc0742000 9256       3       org.apache.spark.sql.catalyst.trees.TreeNode::transformDownWithPruning (108 bytes)

GC Heap History (10 events):
Event: 10.755 GC heap before
{Heap before GC invocations=14 (full 0):
 garbage-first heap   total 157696K, used 105852K [0x0000000081800000, 0x0000000100000000)
  region size 1024K, 78 young (79872K), 7 survivors (7168K)
 Metaspace       used 80600K, capacity 82466K, committed 82692K, reserved 1122304K
  class space    used 9792K, capacity 10762K, committed 10860K, reserved 1048576K
}
Event: 10.770 GC heap after
{Heap after GC invocations=15 (full 0):
 garbage-first heap   total 157696K, used 37109K [0x0000000081800000, 0x0000000100000000)
  region size 1024K, 8 young (8192K), 8 survivors (8192K)
 Metaspace       used 80600K, capacity 82466K, committed 82692K, reserved 1122304K
  class space    used 9792K, capacity 10762K, committed 10860K, reserved 1048576K
}
Event: 12.129 GC heap before
{Heap before GC invocations=15 (full 0):
 garbage-first heap   total 157696K, used 110837K [0x0000000081800000, 0x0000000100000000)
  region size 1024K, 80 young (81920K), 8 survivors (8192K)
 Metaspace       used 88677K, capacity 90764K, committed 91012K, reserved 1128448K
  class space    used 10678K, capacity 11721K, committed 11756K, reserved 1048576K
}
Event: 12.144 GC heap after
{Heap after GC invocations=16 (full 0):
 garbage-first heap   total 157696K, used 40586K [0x0000000081800000, 0x0000000100000000)
  region size 1024K, 8 young (8192K), 8 survivors (8192K)
 Metaspace       used 88677K, capacity 90764K, committed 91012K, reserved 1128448K
  class space    used 10678K, capacity 11721K, committed 11756K, reserved 1048576K
}
Event: 13.343 GC heap before
{Heap before GC invocations=16 (full 0):
 garbage-first heap   total 157696K, used 114314K [0x0000000081800000, 0x0000000100000000)
  region size 1024K, 80 young (81920K), 8 survivors (8192K)
 Metaspace       used 92289K, capacity 94843K, committed 94980K, reserved 1132544K
  class space    used 10999K, capacity 12264K, committed 12396K, reserved 1048576K
}
Event: 13.358 GC heap after
{Heap after GC invocations=17 (full 0):
 garbage-first heap   total 157696K, used 43353K [0x0000000081800000, 0x0000000100000000)
  region size 1024K, 6 young (6144K), 6 survivors (6144K)
 Metaspace       used 92289K, capacity 94843K, committed 94980K, reserved 1132544K
  class space    used 10999K, capacity 12264K, committed 12396K, reserved 1048576K
}
Event: 15.100 GC heap before
{Heap before GC invocations=17 (full 0):
 garbage-first heap   total 157696K, used 117081K [0x0000000081800000, 0x0000000100000000)
  region size 1024K, 79 young (80896K), 6 survivors (6144K)
 Metaspace       used 102554K, capacity 106282K, committed 106500K, reserved 1140736K
  class space    used 12343K, capacity 14563K, committed 14700K, reserved 1048576K
}
Event: 15.113 GC heap after
{Heap after GC invocations=18 (full 0):
 garbage-first heap   total 189440K, used 46584K [0x0000000081800000, 0x0000000100000000)
  region size 1024K, 6 young (6144K), 6 survivors (6144K)
 Metaspace       used 102554K, capacity 106282K, committed 106500K, reserved 1140736K
  class space    used 12343K, capacity 14563K, committed 14700K, reserved 1048576K
}
Event: 16.680 GC heap before
{Heap before GC invocations=18 (full 0):
 garbage-first heap   total 189440K, used 120312K [0x0000000081800000, 0x0000000100000000)
  region size 1024K, 79 young (80896K), 6 survivors (6144K)
 Metaspace       used 114327K, capacity 118329K, committed 118408K, reserved 1150976K
  class space    used 13986K, capacity 16368K, committed 16368K, reserved 1048576K
}
Event: 16.690 GC heap after
{Heap after GC invocations=19 (full 0):
 garbage-first heap   total 189440K, used 48331K [0x0000000081800000, 0x0000000100000000)
  region size 1024K, 8 young (8192K), 8 survivors (8192K)
 Metaspace       used 114327K, capacity 118329K, committed 118408K, reserved 1150976K
  class space    used 13986K, capacity 16368K, committed 16368K, reserved 1048576K
}

Deoptimization events (10 events):
Event: 19.900 Thread 0x000001fda30d5000 Uncommon trap: reason=class_check action=maybe_recompile pc=0x000001fdb247c450 method=org.apache.derby.iapi.types.SQLInteger.equals(Lorg/apache/derby/iapi/types/DataValueDescriptor;Lorg/apache/derby/iapi/types/DataValueDescriptor;)Lorg/apache/derby/iapi/t
Event: 19.902 Thread 0x000001fda30d5000 Uncommon trap: reason=bimorphic_or_optimized_type_check action=maybe_recompile pc=0x000001fdb24a9d44 method=org.apache.derby.iapi.types.DataType.in(Lorg/apache/derby/iapi/types/DataValueDescriptor;[Lorg/apache/derby/iapi/types/DataValueDescriptor;Z)Lorg/a
Event: 19.904 Thread 0x000001fda30d5000 Uncommon trap: reason=bimorphic_or_optimized_type_check action=maybe_recompile pc=0x000001fdb24a9d44 method=org.apache.derby.iapi.types.DataType.in(Lorg/apache/derby/iapi/types/DataValueDescriptor;[Lorg/apache/derby/iapi/types/DataValueDescriptor;Z)Lorg/a
Event: 19.911 Thread 0x000001fdc6470000 Uncommon trap: reason=bimorphic_or_optimized_type_check action=maybe_recompile pc=0x000001fdb25c85e8 method=java.util.concurrent.ConcurrentHashMap.putVal(Ljava/lang/Object;Ljava/lang/Object;Z)Ljava/lang/Object; @ 242 c2
Event: 19.912 Thread 0x000001fdc646b800 Uncommon trap: reason=bimorphic_or_optimized_type_check action=maybe_recompile pc=0x000001fdb25c85e8 method=java.util.concurrent.ConcurrentHashMap.putVal(Ljava/lang/Object;Ljava/lang/Object;Z)Ljava/lang/Object; @ 242 c2
Event: 19.915 Thread 0x000001fda30d5000 Uncommon trap: reason=class_check action=maybe_recompile pc=0x000001fdb26a9e38 method=java.util.regex.Matcher.getTextLength()I @ 4 c2
Event: 19.915 Thread 0x000001fda30d5000 Uncommon trap: reason=class_check action=maybe_recompile pc=0x000001fdb26a9e38 method=java.util.regex.Matcher.getTextLength()I @ 4 c2
Event: 19.915 Thread 0x000001fda30d5000 Uncommon trap: reason=class_check action=maybe_recompile pc=0x000001fdb26a9e38 method=java.util.regex.Matcher.getTextLength()I @ 4 c2
Event: 19.915 Thread 0x000001fda30d5000 Uncommon trap: reason=class_check action=maybe_recompile pc=0x000001fdb26a9e38 method=java.util.regex.Matcher.getTextLength()I @ 4 c2
Event: 19.915 Thread 0x000001fda30d5000 Uncommon trap: reason=class_check action=maybe_recompile pc=0x000001fdb26ab9c8 method=java.util.regex.Matcher.getTextLength()I @ 4 c2

Classes redefined (0 events):
No events

Internal exceptions (10 events):
Event: 16.715 Thread 0x000001fda30d5000 Exception <a 'java/lang/NoSuchMethodError'{0x000000008cf00a90}: java.lang.invoke.Invokers$Holder.linkToTargetMethod(Ljava/lang/Object;Ljava/lang/Object;ILjava/lang/Object;Ljava/lang/Object;)Ljava/lang/Object;> (0x000000008cf00a90) thrown at [./open/src/ho
Event: 17.240 Thread 0x000001fda30d5000 Exception <a 'java/lang/reflect/InvocationTargetException'{0x000000008b6d8120}> (0x000000008b6d8120) thrown at [./open/src/hotspot/share/runtime/reflection.cpp, line 1242]
Event: 17.240 Thread 0x000001fda30d5000 Exception <a 'java/lang/reflect/InvocationTargetException'{0x000000008b6d8978}> (0x000000008b6d8978) thrown at [./open/src/hotspot/share/runtime/reflection.cpp, line 1242]
Event: 17.240 Thread 0x000001fda30d5000 Exception <a 'java/lang/reflect/InvocationTargetException'{0x000000008b6d92d0}> (0x000000008b6d92d0) thrown at [./open/src/hotspot/share/runtime/reflection.cpp, line 1242]
Event: 17.666 Thread 0x000001fda30d5000 Exception <a 'java/lang/NoSuchMethodError'{0x000000008ab2cf48}: java.lang.invoke.DirectMethodHandle$Holder.invokeSpecial(Ljava/lang/Object;Ljava/lang/Object;Ljava/lang/Object;Ljava/lang/Object;Ljava/lang/Object;II)Ljava/lang/Object;> (0x000000008ab2cf48) 
Event: 17.667 Thread 0x000001fda30d5000 Exception <a 'java/lang/NoSuchMethodError'{0x000000008ab30418}: java.lang.invoke.Invokers$Holder.linkToTargetMethod(Ljava/lang/Object;Ljava/lang/Object;Ljava/lang/Object;IILjava/lang/Object;)Ljava/lang/Object;> (0x000000008ab30418) thrown at [./open/src/h
Event: 18.985 Thread 0x000001fda30d5000 Exception <a 'java/lang/reflect/InvocationTargetException'{0x0000000088e88cd8}> (0x0000000088e88cd8) thrown at [./open/src/hotspot/share/runtime/reflection.cpp, line 1242]
Event: 18.985 Thread 0x000001fda30d5000 Exception <a 'java/lang/reflect/InvocationTargetException'{0x0000000088e89630}> (0x0000000088e89630) thrown at [./open/src/hotspot/share/runtime/reflection.cpp, line 1242]
Event: 19.044 Thread 0x000001fda30d5000 Exception <a 'java/lang/reflect/InvocationTargetException'{0x0000000088d0baf8}> (0x0000000088d0baf8) thrown at [./open/src/hotspot/share/runtime/reflection.cpp, line 1242]
Event: 19.044 Thread 0x000001fda30d5000 Exception <a 'java/lang/reflect/InvocationTargetException'{0x0000000088d0c450}> (0x0000000088d0c450) thrown at [./open/src/hotspot/share/runtime/reflection.cpp, line 1242]

Events (10 events):
Event: 20.004 loading class scala/Option
Event: 20.004 loading class scala/Option done
Event: 20.005 loading class org/apache/spark/sql/catalyst/analysis/UnresolvedTable
Event: 20.005 loading class org/apache/spark/sql/catalyst/analysis/UnresolvedTable done
Event: 20.005 loading class org/apache/spark/sql/catalyst/analysis/UnresolvedTable
Event: 20.005 loading class org/apache/spark/sql/catalyst/analysis/UnresolvedTable done
Event: 20.005 loading class org/apache/spark/sql/catalyst/analysis/UnresolvedTable
Event: 20.005 loading class org/apache/spark/sql/catalyst/analysis/UnresolvedTable done
Event: 20.008 loading class org/apache/spark/sql/execution/command/LoadDataCommand
Event: 20.008 loading class org/apache/spark/sql/execution/command/LoadDataCommand done


Dynamic libraries:
0x00007ff751ce0000 - 0x00007ff751cef000 	C:\Program Files\Java\jdk-11.0.13\bin\java.exe
0x00007fffc8630000 - 0x00007fffc8825000 	C:\Windows\SYSTEM32\ntdll.dll
0x00007fffc76d0000 - 0x00007fffc778e000 	C:\Windows\System32\KERNEL32.DLL
0x00007fffc6280000 - 0x00007fffc6548000 	C:\Windows\System32\KERNELBASE.dll
0x00007fffc6550000 - 0x00007fffc6650000 	C:\Windows\System32\ucrtbase.dll
0x00007fffc1600000 - 0x00007fffc1615000 	C:\Program Files\Java\jdk-11.0.13\bin\VCRUNTIME140.dll
0x00007fffc15e0000 - 0x00007fffc15f8000 	C:\Program Files\Java\jdk-11.0.13\bin\jli.dll
0x00007fffc7900000 - 0x00007fffc79ac000 	C:\Windows\System32\ADVAPI32.dll
0x00007fffc66e0000 - 0x00007fffc677e000 	C:\Windows\System32\msvcrt.dll
0x00007fffc7850000 - 0x00007fffc78eb000 	C:\Windows\System32\sechost.dll
0x00007fffc83a0000 - 0x00007fffc84ca000 	C:\Windows\System32\RPCRT4.dll
0x00007fffc68b0000 - 0x00007fffc6a51000 	C:\Windows\System32\USER32.dll
0x00007fffc6650000 - 0x00007fffc6672000 	C:\Windows\System32\win32u.dll
0x00007fffc6b90000 - 0x00007fffc6bbb000 	C:\Windows\System32\GDI32.dll
0x00007fffc6170000 - 0x00007fffc627b000 	C:\Windows\System32\gdi32full.dll
0x00007fffc6010000 - 0x00007fffc60ad000 	C:\Windows\System32\msvcp_win.dll
0x00007fffb5ce0000 - 0x00007fffb5f7a000 	C:\Windows\WinSxS\amd64_microsoft.windows.common-controls_6595b64144ccf1df_6.0.19041.1110_none_60b5254171f9507e\COMCTL32.dll
0x00007fffba7a0000 - 0x00007fffba7aa000 	C:\Windows\SYSTEM32\VERSION.dll
0x00007fffc7a40000 - 0x00007fffc7a70000 	C:\Windows\System32\IMM32.DLL
0x00007fffc1540000 - 0x00007fffc15db000 	C:\Program Files\Java\jdk-11.0.13\bin\msvcp140.dll
0x00007fff667a0000 - 0x00007fff672b3000 	C:\Program Files\Java\jdk-11.0.13\bin\server\jvm.dll
0x00007fffc78f0000 - 0x00007fffc78f8000 	C:\Windows\System32\PSAPI.DLL
0x00007fff71300000 - 0x00007fff71309000 	C:\Windows\SYSTEM32\WSOCK32.dll
0x00007fffc84d0000 - 0x00007fffc853b000 	C:\Windows\System32\WS2_32.dll
0x00007fffb2f50000 - 0x00007fffb2f77000 	C:\Windows\SYSTEM32\WINMM.dll
0x00007fffc45d0000 - 0x00007fffc45e2000 	C:\Windows\SYSTEM32\kernel.appcore.dll
0x00007fffc1530000 - 0x00007fffc1540000 	C:\Program Files\Java\jdk-11.0.13\bin\verify.dll
0x00007fffb2fd0000 - 0x00007fffb31b4000 	C:\Windows\SYSTEM32\DBGHELP.DLL
0x00007fffb29c0000 - 0x00007fffb29ec000 	C:\Windows\SYSTEM32\dbgcore.DLL
0x00007fffc60e0000 - 0x00007fffc6163000 	C:\Windows\System32\bcryptPrimitives.dll
0x00007fffadaa0000 - 0x00007fffadac8000 	C:\Program Files\Java\jdk-11.0.13\bin\java.dll
0x00007fffbff50000 - 0x00007fffbff5a000 	C:\Program Files\Java\jdk-11.0.13\bin\jimage.dll
0x00007fffb5ae0000 - 0x00007fffb5aee000 	C:\Program Files\Java\jdk-11.0.13\bin\instrument.dll
0x00007fffb1e00000 - 0x00007fffb1e16000 	C:\Program Files\Java\jdk-11.0.13\bin\zip.dll
0x00007fffc7c60000 - 0x00007fffc839f000 	C:\Windows\System32\SHELL32.dll
0x00007fffc3e30000 - 0x00007fffc45c0000 	C:\Windows\SYSTEM32\windows.storage.dll
0x00007fffc6ca0000 - 0x00007fffc6ff5000 	C:\Windows\System32\combase.dll
0x00007fffc56d0000 - 0x00007fffc56fe000 	C:\Windows\SYSTEM32\Wldp.dll
0x00007fffc6ae0000 - 0x00007fffc6b8d000 	C:\Windows\System32\SHCORE.dll
0x00007fffc6680000 - 0x00007fffc66d5000 	C:\Windows\System32\shlwapi.dll
0x00007fffc5c90000 - 0x00007fffc5caf000 	C:\Windows\SYSTEM32\profapi.dll
0x00007fffaf430000 - 0x00007fffaf449000 	C:\Program Files\Java\jdk-11.0.13\bin\net.dll
0x00007fffb7b80000 - 0x00007fffb7c8c000 	C:\Windows\SYSTEM32\WINHTTP.dll
0x00007fffc5430000 - 0x00007fffc549a000 	C:\Windows\system32\mswsock.dll
0x00007fffada80000 - 0x00007fffada92000 	C:\Program Files\Java\jdk-11.0.13\bin\nio.dll
0x00007fffb3f80000 - 0x00007fffb3f9a000 	C:\Program Files\JetBrains\IntelliJ IDEA Community Edition 2021.2.3\bin\breakgen64.dll
0x00007fffc5160000 - 0x00007fffc522b000 	C:\Windows\SYSTEM32\DNSAPI.dll
0x00007fffc5120000 - 0x00007fffc515b000 	C:\Windows\SYSTEM32\IPHLPAPI.DLL
0x00007fffc7000000 - 0x00007fffc7008000 	C:\Windows\System32\NSI.dll
0x00007fffb61a0000 - 0x00007fffb61aa000 	C:\Windows\System32\rasadhlp.dll
0x00007fffb6f50000 - 0x00007fffb6fcf000 	C:\Windows\System32\fwpuclnt.dll
0x00007fffc60b0000 - 0x00007fffc60d7000 	C:\Windows\System32\bcrypt.dll
0x00007fffb3d10000 - 0x00007fffb3d1d000 	C:\Program Files\Java\jdk-11.0.13\bin\sunmscapi.dll
0x00007fffc5eb0000 - 0x00007fffc6006000 	C:\Windows\System32\CRYPT32.dll
0x00007fffc5740000 - 0x00007fffc5767000 	C:\Windows\SYSTEM32\ncrypt.dll
0x00007fffc5700000 - 0x00007fffc573b000 	C:\Windows\SYSTEM32\NTASN1.dll
0x00007fffb0e40000 - 0x00007fffb0e65000 	C:\Program Files\Java\jdk-11.0.13\bin\sunec.dll
0x00007fffc5620000 - 0x00007fffc5638000 	C:\Windows\SYSTEM32\CRYPTSP.dll
0x00007fffc4db0000 - 0x00007fffc4de4000 	C:\Windows\system32\rsaenh.dll
0x00007fffc5c50000 - 0x00007fffc5c7e000 	C:\Windows\SYSTEM32\USERENV.dll
0x00007fffc5640000 - 0x00007fffc564c000 	C:\Windows\SYSTEM32\CRYPTBASE.dll
0x00007fffbc720000 - 0x00007fffbc737000 	C:\Windows\SYSTEM32\dhcpcsvc6.DLL
0x00007fffbb5e0000 - 0x00007fffbb5fd000 	C:\Windows\SYSTEM32\dhcpcsvc.DLL
0x00007fffb0fd0000 - 0x00007fffb0fe7000 	C:\Windows\system32\napinsp.dll
0x00007fffb0f10000 - 0x00007fffb0f2b000 	C:\Windows\system32\pnrpnsp.dll
0x00007fffc0ab0000 - 0x00007fffc0ac5000 	C:\Windows\system32\wshbth.dll
0x00007fffc1510000 - 0x00007fffc152d000 	C:\Windows\system32\NLAapi.dll
0x00007fffb0d20000 - 0x00007fffb0d32000 	C:\Windows\System32\winrnr.dll
0x00007fffbfe20000 - 0x00007fffbfe29000 	C:\Program Files\Java\jdk-11.0.13\bin\management.dll
0x00007fffbdda0000 - 0x00007fffbddab000 	C:\Program Files\Java\jdk-11.0.13\bin\management_ext.dll
0x00007fffb2510000 - 0x00007fffb252a000 	C:\hadoop\bin\hadoop.dll
0x00007fffc4af0000 - 0x00007fffc4b3c000 	C:\Windows\SYSTEM32\AUTHZ.dll
0x000000005c120000 - 0x000000005c1f2000 	C:\Windows\SYSTEM32\MSVCR100.dll
0x00007fffac790000 - 0x00007fffac7a8000 	C:\Windows\SYSTEM32\NETAPI32.dll
0x00007fffc5230000 - 0x00007fffc523c000 	C:\Windows\SYSTEM32\NETUTILS.DLL
0x00007fffb9ba0000 - 0x00007fffb9bb9000 	C:\Windows\SYSTEM32\SAMCLI.DLL
0x00007fffb3f70000 - 0x00007fffb3f79000 	C:\Program Files\Java\jdk-11.0.13\bin\jaas.dll
0x00007fffc16e0000 - 0x00007fffc1707000 	C:\Windows\SYSTEM32\SAMLIB.dll
0x00007fffc4a40000 - 0x00007fffc4a73000 	C:\Windows\SYSTEM32\ntmarta.dll

dbghelp: loaded successfully - version: 4.0.5 - missing functions: none
symbol engine: initialized successfully - sym options: 0x614 - pdb path: .;C:\Program Files\Java\jdk-11.0.13\bin;C:\Windows\SYSTEM32;C:\Windows\WinSxS\amd64_microsoft.windows.common-controls_6595b64144ccf1df_6.0.19041.1110_none_60b5254171f9507e;C:\Program Files\Java\jdk-11.0.13\bin\server;C:\Program Files\JetBrains\IntelliJ IDEA Community Edition 2021.2.3\bin;C:\hadoop\bin

VM Arguments:
jvm_args: -javaagent:C:\Program Files\JetBrains\IntelliJ IDEA Community Edition 2021.2.3\lib\idea_rt.jar=51884:C:\Program Files\JetBrains\IntelliJ IDEA Community Edition 2021.2.3\bin -Dfile.encoding=UTF-8 
java_command: Main
java_class_path (initial): C:\Users\Korey\IdeaProjects\RevatureP1\target\scala-2.13\classes;C:\Users\Korey\AppData\Local\Coursier\cache\v1\https\repo1.maven.org\maven2\com\clearspring\analytics\stream\2.9.6\stream-2.9.6.jar;C:\Users\Korey\AppData\Local\Coursier\cache\v1\https\repo1.maven.org\maven2\com\esotericsoftware\kryo-shaded\4.0.2\kryo-shaded-4.0.2.jar;C:\Users\Korey\AppData\Local\Coursier\cache\v1\https\repo1.maven.org\maven2\com\esotericsoftware\minlog\1.3.0\minlog-1.3.0.jar;C:\Users\Korey\AppData\Local\Coursier\cache\v1\https\repo1.maven.org\maven2\com\fasterxml\jackson\core\jackson-annotations\2.12.3\jackson-annotations-2.12.3.jar;C:\Users\Korey\AppData\Local\Coursier\cache\v1\https\repo1.maven.org\maven2\com\fasterxml\jackson\core\jackson-core\2.12.3\jackson-core-2.12.3.jar;C:\Users\Korey\AppData\Local\Coursier\cache\v1\https\repo1.maven.org\maven2\com\fasterxml\jackson\core\jackson-databind\2.12.3\jackson-databind-2.12.3.jar;C:\Users\Korey\AppData\Local\Coursier\cache\v1\https\repo1.maven.org\maven2\com\fasterxml\jackson\module\jackson-module-scala_2.13\2.12.3\jackson-module-scala_2.13-2.12.3.jar;C:\Users\Korey\AppData\Local\Coursier\cache\v1\https\repo1.maven.org\maven2\com\github\joshelser\dropwizard-metrics-hadoop-metrics2-reporter\0.1.2\dropwizard-metrics-hadoop-metrics2-reporter-0.1.2.jar;C:\Users\Korey\AppData\Local\Coursier\cache\v1\https\repo1.maven.org\maven2\com\github\luben\zstd-jni\1.5.0-4\zstd-jni-1.5.0-4.jar;C:\Users\Korey\AppData\Local\Coursier\cache\v1\https\repo1.maven.org\maven2\com\google\code\findbugs\jsr305\3.0.2\jsr305-3.0.2.jar;C:\Users\Korey\AppData\Local\Coursier\cache\v1\https\repo1.maven.org\maven2\com\google\code\gson\gson\2.8.6\gson-2.8.6.jar;C:\Users\Korey\AppData\Local\Coursier\cache\v1\https\repo1.maven.org\maven2\com\google\crypto\tink\tink\1.6.0\tink-1.6.0.jar;C:\Users\Korey\AppData\Local\Coursier\cache\v1\https\repo1.maven.org\maven2\com\google\flatbuffers\flatbuffers-java\1.9.0\flatbuffers-java-1.9.0.jar;C:\Users\Kor
Launcher Type: SUN_STANDARD

[Global flags]
     intx CICompilerCount                          = 3                                         {product} {ergonomic}
     uint ConcGCThreads                            = 1                                         {product} {ergonomic}
     uint G1ConcRefinementThreads                  = 4                                         {product} {ergonomic}
   size_t G1HeapRegionSize                         = 1048576                                   {product} {ergonomic}
    uintx GCDrainStackTargetSize                   = 64                                        {product} {ergonomic}
   size_t InitialHeapSize                          = 134217728                                 {product} {ergonomic}
   size_t MarkStackSize                            = 4194304                                   {product} {ergonomic}
   size_t MaxHeapSize                              = 2122317824                                {product} {ergonomic}
   size_t MaxNewSize                               = 1272971264                                {product} {ergonomic}
   size_t MinHeapDeltaBytes                        = 1048576                                   {product} {ergonomic}
    uintx NonNMethodCodeHeapSize                   = 5830732                                {pd product} {ergonomic}
    uintx NonProfiledCodeHeapSize                  = 122913754                              {pd product} {ergonomic}
    uintx ProfiledCodeHeapSize                     = 122913754                              {pd product} {ergonomic}
    uintx ReservedCodeCacheSize                    = 251658240                              {pd product} {ergonomic}
     bool SegmentedCodeCache                       = true                                      {product} {ergonomic}
     bool UseCompressedClassPointers               = true                                 {lp64_product} {ergonomic}
     bool UseCompressedOops                        = true                                 {lp64_product} {ergonomic}
     bool UseG1GC                                  = true                                      {product} {ergonomic}
     bool UseLargePagesIndividualAllocation        = false                                  {pd product} {ergonomic}

Logging:
Log output configuration:
 #0: stdout all=warning uptime,level,tags
 #1: stderr all=off uptime,level,tags

Environment Variables:
PATH=C:\Program Files\Common Files\Oracle\Java\javapath;C:\Program Files (x86)\Intel\iCLS Client\;C:\Program Files\Intel\iCLS Client\;C:\Windows\system32;C:\Windows;C:\Windows\System32\Wbem;C:\Windows\System32\WindowsPowerShell\v1.0\;C:\Windows\System32\OpenSSH\;C:\Program Files (x86)\sbt\bin;C:\Program Files (x86)\scala\bin;C:\Program Files\Git\cmd;C:\hadoop\bin;C:\spark-3.2.0-bin-hadoop3.2\bin;C:\Program Files\MySQL\MySQL Shell 8.0\bin\;C:\Users\Korey\AppData\Local\Microsoft\WindowsApps;;C:\Program Files\JetBrains\IntelliJ IDEA Community Edition 2021.2.3\bin;
USERNAME=Korey
OS=Windows_NT
PROCESSOR_IDENTIFIER=Intel64 Family 6 Model 61 Stepping 4, GenuineIntel



---------------  S Y S T E M  ---------------

OS: Windows 10 , 64 bit Build 19041 (10.0.19041.1320)
Hyper-V role detected

CPU:total 4 (initial active 4) (2 cores per cpu, 2 threads per core) family 6 model 61 stepping 4 microcode 0x2f, cmov, cx8, fxsr, mmx, sse, sse2, sse3, ssse3, sse4.1, sse4.2, popcnt, avx, avx2, aes, clmul, erms, 3dnowpref, lzcnt, ht, tsc, tscinvbit, bmi1, bmi2, adx, fma

Memory: 4k page, system-wide physical 8094M (1027M free)
TotalPageFile size 10142M (AvailPageFile size 5M)
current process WorkingSet (physical memory assigned to process): 436M, peak: 439M
current process commit charge ("private bytes"): 495M, peak: 498M

vm_info: Java HotSpot(TM) 64-Bit Server VM (11.0.13+10-LTS-370) for windows-amd64 JRE (11.0.13+10-LTS-370), built on Sep 15 2021 22:10:36 by "mach5one" with MS VC++ 15.9 (VS2017)

END.
