#
# There is insufficient memory for the Java Runtime Environment to continue.
# Native memory allocation (malloc) failed to allocate 2376656 bytes for Chunk::new
# Possible reasons:
#   The system is out of physical RAM or swap space
#   The process is running with CompressedOops enabled, and the Java Heap may be blocking the growth of the native heap
# Possible solutions:
#   Reduce memory load on the system
#   Increase physical memory or swap space
#   Check if swap backing store is full
#   Decrease Java heap size (-Xmx/-Xms)
#   Decrease number of Java threads
#   Decrease Java thread stack sizes (-Xss)
#   Set larger code cache with -XX:ReservedCodeCacheSize=
#   JVM is running with Unscaled Compressed Oops mode in which the Java heap is
#     placed in the first 4GB address space. The Java Heap base address is the
#     maximum limit for the native heap growth. Please use -XX:HeapBaseMinAddress
#     to set the Java Heap base and to place the Java Heap above 4GB virtual address.
# This output file may be truncated or incomplete.
#
#  Out of Memory Error (./open/src/hotspot/share/memory/arena.cpp:197), pid=11512, tid=4456
#
# JRE version: Java(TM) SE Runtime Environment 18.9 (11.0.13+10) (build 11.0.13+10-LTS-370)
# Java VM: Java HotSpot(TM) 64-Bit Server VM 18.9 (11.0.13+10-LTS-370, mixed mode, tiered, compressed oops, g1 gc, windows-amd64)
# No core dump will be written. Minidumps are not enabled by default on client versions of Windows
#

---------------  S U M M A R Y ------------

Command Line: -javaagent:C:\Program Files\JetBrains\IntelliJ IDEA Community Edition 2021.2.3\lib\idea_rt.jar=49340:C:\Program Files\JetBrains\IntelliJ IDEA Community Edition 2021.2.3\bin -Dfile.encoding=UTF-8 Main

Host: Intel(R) Core(TM) i5-5257U CPU @ 2.70GHz, 4 cores, 7G,  Windows 10 , 64 bit Build 19041 (10.0.19041.1320)
Time: Tue Nov  9 13:15:45 2021 Pacific Standard Time elapsed time: 21.023228 seconds (0d 0h 0m 21s)

---------------  T H R E A D  ---------------

Current thread (0x000001e8ced59800):  JavaThread "C2 CompilerThread1" daemon [_thread_in_native, id=4456, stack(0x000000c0ac300000,0x000000c0ac400000)]


Current CompileTask:
C2:  21023 9449       4       org.antlr.v4.runtime.atn.ParserATNSimulator::closureCheckingStopState (244 bytes)

Stack: [0x000000c0ac300000,0x000000c0ac400000]
Native frames: (J=compiled Java code, j=interpreted, Vv=VM code, C=native code)
V  [jvm.dll+0x62870a]
V  [jvm.dll+0x761f2f]
V  [jvm.dll+0x7635d9]
V  [jvm.dll+0x763c63]
V  [jvm.dll+0x23d728]
V  [jvm.dll+0xb293c]
V  [jvm.dll+0xb2efc]
V  [jvm.dll+0x3408b7]
V  [jvm.dll+0x18c9e1]
V  [jvm.dll+0x1f8362]
V  [jvm.dll+0x1f743d]
V  [jvm.dll+0x177991]
V  [jvm.dll+0x206d84]
V  [jvm.dll+0x204ebb]
V  [jvm.dll+0x727e70]
V  [jvm.dll+0x720a54]
V  [jvm.dll+0x627606]
C  [ucrtbase.dll+0x21bb2]
C  [KERNEL32.DLL+0x17034]
C  [ntdll.dll+0x52651]


---------------  P R O C E S S  ---------------

Threads class SMR info:
_java_thread_list=0x000001e8c6b714d0, length=57, elements={
0x000001e8a7ba4000, 0x000001e8c51e4000, 0x000001e8c5215800, 0x000001e8c521f800,
0x000001e8c5220800, 0x000001e8c5223800, 0x000001e8c5b73800, 0x000001e8c5b74000,
0x000001e8c5bd0800, 0x000001e8c5dff800, 0x000001e8c6098000, 0x000001e8c80b7000,
0x000001e8c8157000, 0x000001e8c75b4800, 0x000001e8c7564000, 0x000001e8c7565000,
0x000001e8c8098800, 0x000001e8c80b3000, 0x000001e8c80b4000, 0x000001e8c831b000,
0x000001e8c831c000, 0x000001e8c831d000, 0x000001e8c831d800, 0x000001e8c8318000,
0x000001e8c8319800, 0x000001e8c831a800, 0x000001e8c831e800, 0x000001e8c8318800,
0x000001e8c74c6800, 0x000001e8c74c6000, 0x000001e8c74c7800, 0x000001e8c74ca000,
0x000001e8c74c9000, 0x000001e8c74c8800, 0x000001e8c74c4800, 0x000001e8c74cb000,
0x000001e8c74c5000, 0x000001e8c74ce000, 0x000001e8c74d1800, 0x000001e8c74d0800,
0x000001e8c74cf000, 0x000001e8c74cb800, 0x000001e8c74cd800, 0x000001e8c74d2000,
0x000001e8c74cf800, 0x000001e8c74d3000, 0x000001e8c8c94000, 0x000001e8c8c91800,
0x000001e8c8c97800, 0x000001e8c8c93800, 0x000001e8c8c98000, 0x000001e8c8c9b800,
0x000001e8c8c99000, 0x000001e8c8c95800, 0x000001e8c8c9e000, 0x000001e8c8c9c000,
0x000001e8ced59800
}

Java Threads: ( => current thread )
  0x000001e8a7ba4000 JavaThread "main" [_thread_in_Java, id=4636, stack(0x000000c0a8100000,0x000000c0a8200000)]
  0x000001e8c51e4000 JavaThread "Reference Handler" daemon [_thread_blocked, id=4300, stack(0x000000c0a8800000,0x000000c0a8900000)]
  0x000001e8c5215800 JavaThread "Finalizer" daemon [_thread_blocked, id=4648, stack(0x000000c0a8900000,0x000000c0a8a00000)]
  0x000001e8c521f800 JavaThread "Signal Dispatcher" daemon [_thread_blocked, id=7548, stack(0x000000c0a8a00000,0x000000c0a8b00000)]
  0x000001e8c5220800 JavaThread "Attach Listener" daemon [_thread_blocked, id=10336, stack(0x000000c0a8b00000,0x000000c0a8c00000)]
  0x000001e8c5223800 JavaThread "Service Thread" daemon [_thread_blocked, id=9168, stack(0x000000c0a8c00000,0x000000c0a8d00000)]
  0x000001e8c5b73800 JavaThread "C2 CompilerThread0" daemon [_thread_in_native, id=8500, stack(0x000000c0a8d00000,0x000000c0a8e00000)]
  0x000001e8c5b74000 JavaThread "C1 CompilerThread0" daemon [_thread_blocked, id=8088, stack(0x000000c0a8e00000,0x000000c0a8f00000)]
  0x000001e8c5bd0800 JavaThread "Sweeper thread" daemon [_thread_blocked, id=4516, stack(0x000000c0a8f00000,0x000000c0a9000000)]
  0x000001e8c5dff800 JavaThread "Common-Cleaner" daemon [_thread_blocked, id=12172, stack(0x000000c0a9000000,0x000000c0a9100000)]
  0x000001e8c6098000 JavaThread "Monitor Ctrl-Break" daemon [_thread_in_native, id=3580, stack(0x000000c0a9100000,0x000000c0a9200000)]
  0x000001e8c80b7000 JavaThread "rpc-boss-3-1" daemon [_thread_in_native, id=6824, stack(0x000000c0a9500000,0x000000c0a9600000)]
  0x000001e8c8157000 JavaThread "dispatcher-event-loop-0" daemon [_thread_blocked, id=3116, stack(0x000000c0a9600000,0x000000c0a9700000)]
  0x000001e8c75b4800 JavaThread "dispatcher-event-loop-1" daemon [_thread_blocked, id=1440, stack(0x000000c0a9700000,0x000000c0a9800000)]
  0x000001e8c7564000 JavaThread "map-output-dispatcher-0" daemon [_thread_blocked, id=3180, stack(0x000000c0a9800000,0x000000c0a9900000)]
  0x000001e8c7565000 JavaThread "map-output-dispatcher-1" daemon [_thread_blocked, id=8076, stack(0x000000c0a9900000,0x000000c0a9a00000)]
  0x000001e8c8098800 JavaThread "map-output-dispatcher-2" daemon [_thread_blocked, id=9944, stack(0x000000c0a9a00000,0x000000c0a9b00000)]
  0x000001e8c80b3000 JavaThread "map-output-dispatcher-3" daemon [_thread_blocked, id=5460, stack(0x000000c0a9b00000,0x000000c0a9c00000)]
  0x000001e8c80b4000 JavaThread "map-output-dispatcher-4" daemon [_thread_blocked, id=5640, stack(0x000000c0a9c00000,0x000000c0a9d00000)]
  0x000001e8c831b000 JavaThread "map-output-dispatcher-5" daemon [_thread_blocked, id=10344, stack(0x000000c0a9d00000,0x000000c0a9e00000)]
  0x000001e8c831c000 JavaThread "map-output-dispatcher-6" daemon [_thread_blocked, id=9608, stack(0x000000c0a9e00000,0x000000c0a9f00000)]
  0x000001e8c831d000 JavaThread "map-output-dispatcher-7" daemon [_thread_blocked, id=7696, stack(0x000000c0a9f00000,0x000000c0aa000000)]
  0x000001e8c831d800 JavaThread "dispatcher-BlockManagerMaster" daemon [_thread_blocked, id=3068, stack(0x000000c0aa000000,0x000000c0aa100000)]
  0x000001e8c8318000 JavaThread "dispatcher-BlockManagerEndpoint1" daemon [_thread_blocked, id=10360, stack(0x000000c0aa200000,0x000000c0aa300000)]
  0x000001e8c8319800 JavaThread "RemoteBlock-temp-file-clean-thread" daemon [_thread_blocked, id=10504, stack(0x000000c0aa300000,0x000000c0aa400000)]
  0x000001e8c831a800 JavaThread "SparkUI-30" daemon [_thread_in_native, id=11896, stack(0x000000c0aa400000,0x000000c0aa500000)]
  0x000001e8c831e800 JavaThread "SparkUI-31" daemon [_thread_in_native, id=8436, stack(0x000000c0aa500000,0x000000c0aa600000)]
  0x000001e8c8318800 JavaThread "SparkUI-32-acceptor-0@6807fd8f-ServerConnector@66c00eff{HTTP/1.1, (http/1.1)}{0.0.0.0:4040}" daemon [_thread_in_native, id=4640, stack(0x000000c0aa600000,0x000000c0aa700000)]
  0x000001e8c74c6800 JavaThread "SparkUI-33" daemon [_thread_blocked, id=7756, stack(0x000000c0aa700000,0x000000c0aa800000)]
  0x000001e8c74c6000 JavaThread "SparkUI-34" daemon [_thread_blocked, id=9612, stack(0x000000c0aa800000,0x000000c0aa900000)]
  0x000001e8c74c7800 JavaThread "SparkUI-35" daemon [_thread_blocked, id=11996, stack(0x000000c0aa900000,0x000000c0aaa00000)]
  0x000001e8c74ca000 JavaThread "SparkUI-36" daemon [_thread_blocked, id=9148, stack(0x000000c0aaa00000,0x000000c0aab00000)]
  0x000001e8c74c9000 JavaThread "SparkUI-37" daemon [_thread_blocked, id=9184, stack(0x000000c0aab00000,0x000000c0aac00000)]
  0x000001e8c74c8800 JavaThread "heartbeat-receiver-event-loop-thread" daemon [_thread_blocked, id=10636, stack(0x000000c0aac00000,0x000000c0aad00000)]
  0x000001e8c74c4800 JavaThread "task-starvation-timer" daemon [_thread_blocked, id=11824, stack(0x000000c0aad00000,0x000000c0aae00000)]
  0x000001e8c74cb000 JavaThread "task-abort-timer" daemon [_thread_blocked, id=9896, stack(0x000000c0aae00000,0x000000c0aaf00000)]
  0x000001e8c74c5000 JavaThread "netty-rpc-env-timeout" daemon [_thread_blocked, id=7212, stack(0x000000c0aaf00000,0x000000c0ab000000)]
  0x000001e8c74ce000 JavaThread "dag-scheduler-event-loop" daemon [_thread_blocked, id=5404, stack(0x000000c0ab000000,0x000000c0ab100000)]
  0x000001e8c74d1800 JavaThread "driver-heartbeater" daemon [_thread_blocked, id=6984, stack(0x000000c0ab100000,0x000000c0ab200000)]
  0x000001e8c74d0800 JavaThread "executor-heartbeater" daemon [_thread_blocked, id=5288, stack(0x000000c0ab200000,0x000000c0ab300000)]
  0x000001e8c74cf000 JavaThread "shuffle-boss-6-1" daemon [_thread_in_native, id=9188, stack(0x000000c0ab300000,0x000000c0ab400000)]
  0x000001e8c74cb800 JavaThread "Spark Context Cleaner" daemon [_thread_blocked, id=4368, stack(0x000000c0aa100000,0x000000c0aa200000)]
  0x000001e8c74cd800 JavaThread "context-cleaner-periodic-gc" daemon [_thread_blocked, id=3444, stack(0x000000c0ab400000,0x000000c0ab500000)]
  0x000001e8c74d2000 JavaThread "spark-listener-group-appStatus" daemon [_thread_blocked, id=6628, stack(0x000000c0ab500000,0x000000c0ab600000)]
  0x000001e8c74cf800 JavaThread "spark-listener-group-executorManagement" daemon [_thread_blocked, id=6280, stack(0x000000c0ab600000,0x000000c0ab700000)]
  0x000001e8c74d3000 JavaThread "element-tracking-store-worker" daemon [_thread_blocked, id=6980, stack(0x000000c0ab800000,0x000000c0ab900000)]
  0x000001e8c8c94000 JavaThread "spark-listener-group-shared" daemon [_thread_blocked, id=9940, stack(0x000000c0ab900000,0x000000c0aba00000)]
  0x000001e8c8c91800 JavaThread "org.apache.hadoop.fs.FileSystem$Statistics$StatisticsDataReferenceCleaner" daemon [_thread_blocked, id=11316, stack(0x000000c0ab700000,0x000000c0ab800000)]
  0x000001e8c8c97800 JavaThread "Timer-0" daemon [_thread_blocked, id=10744, stack(0x000000c0abb00000,0x000000c0abc00000)]
  0x000001e8c8c93800 JavaThread "derby.rawStoreDaemon" daemon [_thread_blocked, id=6260, stack(0x000000c0abc00000,0x000000c0abd00000)]
  0x000001e8c8c98000 JavaThread "com.google.common.base.internal.Finalizer" daemon [_thread_blocked, id=7448, stack(0x000000c0abd00000,0x000000c0abe00000)]
  0x000001e8c8c9b800 JavaThread "BoneCP-keep-alive-scheduler" daemon [_thread_blocked, id=11828, stack(0x000000c0abe00000,0x000000c0abf00000)]
  0x000001e8c8c99000 JavaThread "BoneCP-pool-watch-thread" daemon [_thread_blocked, id=2364, stack(0x000000c0abf00000,0x000000c0ac000000)]
  0x000001e8c8c95800 JavaThread "com.google.common.base.internal.Finalizer" daemon [_thread_blocked, id=2452, stack(0x000000c0ac000000,0x000000c0ac100000)]
  0x000001e8c8c9e000 JavaThread "BoneCP-keep-alive-scheduler" daemon [_thread_blocked, id=10048, stack(0x000000c0ac100000,0x000000c0ac200000)]
  0x000001e8c8c9c000 JavaThread "BoneCP-pool-watch-thread" daemon [_thread_blocked, id=1964, stack(0x000000c0ac200000,0x000000c0ac300000)]
=>0x000001e8ced59800 JavaThread "C2 CompilerThread1" daemon [_thread_in_native, id=4456, stack(0x000000c0ac300000,0x000000c0ac400000)]

Other Threads:
  0x000001e8c51e2800 VMThread "VM Thread" [stack: 0x000000c0a8700000,0x000000c0a8800000] [id=4800]
  0x000001e8c6592800 WatcherThread [stack: 0x000000c0a9200000,0x000000c0a9300000] [id=1096]
  0x000001e8a7bbb000 GCTaskThread "GC Thread#0" [stack: 0x000000c0a8200000,0x000000c0a8300000] [id=11300]
  0x000001e8c63fa000 GCTaskThread "GC Thread#1" [stack: 0x000000c0a9300000,0x000000c0a9400000] [id=3588]
  0x000001e8c63fa800 GCTaskThread "GC Thread#2" [stack: 0x000000c0a9400000,0x000000c0a9500000] [id=4760]
  0x000001e8cec5a800 GCTaskThread "GC Thread#3" [stack: 0x000000c0aba00000,0x000000c0abb00000] [id=6348]
  0x000001e8a5a4e000 ConcurrentGCThread "G1 Main Marker" [stack: 0x000000c0a8300000,0x000000c0a8400000] [id=5524]
  0x000001e8a7be8000 ConcurrentGCThread "G1 Conc#0" [stack: 0x000000c0a8400000,0x000000c0a8500000] [id=32]
  0x000001e8c504a800 ConcurrentGCThread "G1 Refine#0" [stack: 0x000000c0a8500000,0x000000c0a8600000] [id=12212]
  0x000001e8c504d800 ConcurrentGCThread "G1 Young RemSet Sampling" [stack: 0x000000c0a8600000,0x000000c0a8700000] [id=3752]

Threads with active compile tasks:
C2 CompilerThread0  21071 9460       4       org.antlr.v4.runtime.atn.ParserATNSimulator::closure_ (311 bytes)
C2 CompilerThread1  21071 9449       4       org.antlr.v4.runtime.atn.ParserATNSimulator::closureCheckingStopState (244 bytes)

VM state:not at safepoint (normal execution)

VM Mutex/Monitor currently owned by a thread: None

Heap address: 0x0000000081800000, size: 2024 MB, Compressed Oops mode: 32-bit
Narrow klass base: 0x0000000000000000, Narrow klass shift: 3
Compressed class space size: 1073741824 Address: 0x0000000100000000

Heap:
 garbage-first heap   total 189440K, used 107658K [0x0000000081800000, 0x0000000100000000)
  region size 1024K, 69 young (70656K), 11 survivors (11264K)
 Metaspace       used 125703K, capacity 132468K, committed 132688K, reserved 1161216K
  class space    used 16026K, capacity 20406K, committed 20480K, reserved 1048576K
Heap Regions: E=young(eden), S=young(survivor), O=old, HS=humongous(starts), HC=humongous(continues), CS=collection set, F=free, A=archive, TAMS=top-at-mark-start (previous, next)
|   0|0x0000000081800000, 0x0000000081900000, 0x0000000081900000|100%|HS|  |TAMS 0x0000000081900000, 0x0000000081800000| Complete 
|   1|0x0000000081900000, 0x0000000081a00000, 0x0000000081a00000|100%|HC|  |TAMS 0x0000000081a00000, 0x0000000081900000| Complete 
|   2|0x0000000081a00000, 0x0000000081b00000, 0x0000000081b00000|100%|HS|  |TAMS 0x0000000081b00000, 0x0000000081a00000| Complete 
|   3|0x0000000081b00000, 0x0000000081c00000, 0x0000000081c00000|100%|HC|  |TAMS 0x0000000081c00000, 0x0000000081b00000| Complete 
|   4|0x0000000081c00000, 0x0000000081d00000, 0x0000000081d00000|100%|HC|  |TAMS 0x0000000081d00000, 0x0000000081c00000| Complete 
|   5|0x0000000081d00000, 0x0000000081e00000, 0x0000000081e00000|100%|HS|  |TAMS 0x0000000081e00000, 0x0000000081d00000| Complete 
|   6|0x0000000081e00000, 0x0000000081f00000, 0x0000000081f00000|100%|HS|  |TAMS 0x0000000081f00000, 0x0000000081e00000| Complete 
|   7|0x0000000081f00000, 0x0000000082000000, 0x0000000082000000|100%| O|  |TAMS 0x0000000082000000, 0x0000000081f00000| Untracked 
|   8|0x0000000082000000, 0x0000000082100000, 0x0000000082100000|100%| O|  |TAMS 0x0000000082100000, 0x0000000082000000| Untracked 
|   9|0x0000000082100000, 0x0000000082200000, 0x0000000082200000|100%| O|  |TAMS 0x0000000082200000, 0x0000000082100000| Untracked 
|  10|0x0000000082200000, 0x0000000082300000, 0x0000000082300000|100%| O|  |TAMS 0x0000000082300000, 0x0000000082200000| Untracked 
|  11|0x0000000082300000, 0x0000000082400000, 0x0000000082400000|100%| O|  |TAMS 0x0000000082400000, 0x0000000082300000| Untracked 
|  12|0x0000000082400000, 0x0000000082500000, 0x0000000082500000|100%| O|  |TAMS 0x0000000082500000, 0x0000000082400000| Untracked 
|  13|0x0000000082500000, 0x0000000082600000, 0x0000000082600000|100%| O|  |TAMS 0x0000000082600000, 0x0000000082500000| Untracked 
|  14|0x0000000082600000, 0x0000000082700000, 0x0000000082700000|100%| O|  |TAMS 0x0000000082700000, 0x0000000082600000| Untracked 
|  15|0x0000000082700000, 0x0000000082800000, 0x0000000082800000|100%| O|  |TAMS 0x0000000082800000, 0x0000000082700000| Untracked 
|  16|0x0000000082800000, 0x0000000082900000, 0x0000000082900000|100%| O|  |TAMS 0x0000000082900000, 0x0000000082800000| Untracked 
|  17|0x0000000082900000, 0x0000000082a00000, 0x0000000082a00000|100%| O|  |TAMS 0x0000000082a00000, 0x0000000082900000| Untracked 
|  18|0x0000000082a00000, 0x0000000082b00000, 0x0000000082b00000|100%| O|  |TAMS 0x0000000082b00000, 0x0000000082a00000| Untracked 
|  19|0x0000000082b00000, 0x0000000082c00000, 0x0000000082c00000|100%| O|  |TAMS 0x0000000082c00000, 0x0000000082b00000| Untracked 
|  20|0x0000000082c00000, 0x0000000082d00000, 0x0000000082d00000|100%| O|  |TAMS 0x0000000082d00000, 0x0000000082c00000| Untracked 
|  21|0x0000000082d00000, 0x0000000082e00000, 0x0000000082e00000|100%| O|  |TAMS 0x0000000082e00000, 0x0000000082d00000| Untracked 
|  22|0x0000000082e00000, 0x0000000082f00000, 0x0000000082f00000|100%| O|  |TAMS 0x0000000082f00000, 0x0000000082e00000| Untracked 
|  23|0x0000000082f00000, 0x0000000083000000, 0x0000000083000000|100%| O|  |TAMS 0x0000000083000000, 0x0000000082f00000| Untracked 
|  24|0x0000000083000000, 0x0000000083100000, 0x0000000083100000|100%| O|  |TAMS 0x0000000083100000, 0x0000000083000000| Untracked 
|  25|0x0000000083100000, 0x0000000083200000, 0x0000000083200000|100%| O|  |TAMS 0x0000000083200000, 0x0000000083100000| Untracked 
|  26|0x0000000083200000, 0x0000000083300000, 0x0000000083300000|100%| O|  |TAMS 0x0000000083300000, 0x0000000083200000| Untracked 
|  27|0x0000000083300000, 0x0000000083400000, 0x0000000083400000|100%| O|  |TAMS 0x0000000083400000, 0x0000000083300000| Untracked 
|  28|0x0000000083400000, 0x0000000083500000, 0x0000000083500000|100%| O|  |TAMS 0x0000000083500000, 0x0000000083400000| Untracked 
|  29|0x0000000083500000, 0x0000000083600000, 0x0000000083600000|100%| O|  |TAMS 0x0000000083600000, 0x0000000083500000| Untracked 
|  30|0x0000000083600000, 0x0000000083700000, 0x0000000083700000|100%| O|  |TAMS 0x0000000083700000, 0x0000000083600000| Untracked 
|  31|0x0000000083700000, 0x0000000083800000, 0x0000000083800000|100%| O|  |TAMS 0x0000000083800000, 0x0000000083700000| Untracked 
|  32|0x0000000083800000, 0x0000000083900000, 0x0000000083900000|100%| O|  |TAMS 0x0000000083900000, 0x0000000083800000| Untracked 
|  33|0x0000000083900000, 0x0000000083a00000, 0x0000000083a00000|100%| O|  |TAMS 0x0000000083a00000, 0x0000000083900000| Untracked 
|  34|0x0000000083a00000, 0x0000000083b00000, 0x0000000083b00000|100%| O|  |TAMS 0x0000000083b00000, 0x0000000083a00000| Untracked 
|  35|0x0000000083b00000, 0x0000000083c00000, 0x0000000083c00000|100%| O|  |TAMS 0x0000000083c00000, 0x0000000083b00000| Untracked 
|  36|0x0000000083c00000, 0x0000000083d00000, 0x0000000083d00000|100%| O|  |TAMS 0x0000000083d00000, 0x0000000083c00000| Untracked 
|  37|0x0000000083d00000, 0x0000000083d59000, 0x0000000083e00000| 34%| O|  |TAMS 0x0000000083d59000, 0x0000000083d00000| Untracked 
|  38|0x0000000083e00000, 0x0000000083e00000, 0x0000000083f00000|  0%| F|  |TAMS 0x0000000083e00000, 0x0000000083e00000| Untracked 
|  39|0x0000000083f00000, 0x0000000083f00000, 0x0000000084000000|  0%| F|  |TAMS 0x0000000083f00000, 0x0000000083f00000| Untracked 
|  40|0x0000000084000000, 0x0000000084000000, 0x0000000084100000|  0%| F|  |TAMS 0x0000000084000000, 0x0000000084000000| Untracked 
|  41|0x0000000084100000, 0x0000000084100000, 0x0000000084200000|  0%| F|  |TAMS 0x0000000084100000, 0x0000000084100000| Untracked 
|  42|0x0000000084200000, 0x0000000084200000, 0x0000000084300000|  0%| F|  |TAMS 0x0000000084200000, 0x0000000084200000| Untracked 
|  43|0x0000000084300000, 0x0000000084300000, 0x0000000084400000|  0%| F|  |TAMS 0x0000000084300000, 0x0000000084300000| Untracked 
|  44|0x0000000084400000, 0x0000000084400000, 0x0000000084500000|  0%| F|  |TAMS 0x0000000084400000, 0x0000000084400000| Untracked 
|  45|0x0000000084500000, 0x0000000084500000, 0x0000000084600000|  0%| F|  |TAMS 0x0000000084500000, 0x0000000084500000| Untracked 
|  46|0x0000000084600000, 0x0000000084600000, 0x0000000084700000|  0%| F|  |TAMS 0x0000000084600000, 0x0000000084600000| Untracked 
|  47|0x0000000084700000, 0x0000000084700000, 0x0000000084800000|  0%| F|  |TAMS 0x0000000084700000, 0x0000000084700000| Untracked 
|  48|0x0000000084800000, 0x0000000084800000, 0x0000000084900000|  0%| F|  |TAMS 0x0000000084800000, 0x0000000084800000| Untracked 
|  49|0x0000000084900000, 0x0000000084900000, 0x0000000084a00000|  0%| F|  |TAMS 0x0000000084900000, 0x0000000084900000| Untracked 
|  50|0x0000000084a00000, 0x0000000084a00000, 0x0000000084b00000|  0%| F|  |TAMS 0x0000000084a00000, 0x0000000084a00000| Untracked 
|  51|0x0000000084b00000, 0x0000000084b00000, 0x0000000084c00000|  0%| F|  |TAMS 0x0000000084b00000, 0x0000000084b00000| Untracked 
|  52|0x0000000084c00000, 0x0000000084c00000, 0x0000000084d00000|  0%| F|  |TAMS 0x0000000084c00000, 0x0000000084c00000| Untracked 
|  53|0x0000000084d00000, 0x0000000084d00000, 0x0000000084e00000|  0%| F|  |TAMS 0x0000000084d00000, 0x0000000084d00000| Untracked 
|  54|0x0000000084e00000, 0x0000000084e00000, 0x0000000084f00000|  0%| F|  |TAMS 0x0000000084e00000, 0x0000000084e00000| Untracked 
|  55|0x0000000084f00000, 0x0000000084f00000, 0x0000000085000000|  0%| F|  |TAMS 0x0000000084f00000, 0x0000000084f00000| Untracked 
|  56|0x0000000085000000, 0x0000000085000000, 0x0000000085100000|  0%| F|  |TAMS 0x0000000085000000, 0x0000000085000000| Untracked 
|  57|0x0000000085100000, 0x0000000085100000, 0x0000000085200000|  0%| F|  |TAMS 0x0000000085100000, 0x0000000085100000| Untracked 
|  58|0x0000000085200000, 0x0000000085200000, 0x0000000085300000|  0%| F|  |TAMS 0x0000000085200000, 0x0000000085200000| Untracked 
|  59|0x0000000085300000, 0x0000000085300000, 0x0000000085400000|  0%| F|  |TAMS 0x0000000085300000, 0x0000000085300000| Untracked 
|  60|0x0000000085400000, 0x0000000085400000, 0x0000000085500000|  0%| F|  |TAMS 0x0000000085400000, 0x0000000085400000| Untracked 
|  61|0x0000000085500000, 0x0000000085500000, 0x0000000085600000|  0%| F|  |TAMS 0x0000000085500000, 0x0000000085500000| Untracked 
|  62|0x0000000085600000, 0x0000000085600000, 0x0000000085700000|  0%| F|  |TAMS 0x0000000085600000, 0x0000000085600000| Untracked 
|  63|0x0000000085700000, 0x00000000857c9ba0, 0x0000000085800000| 78%| S|CS|TAMS 0x0000000085700000, 0x0000000085700000| Complete 
|  64|0x0000000085800000, 0x0000000085900000, 0x0000000085900000|100%| S|CS|TAMS 0x0000000085800000, 0x0000000085800000| Complete 
|  65|0x0000000085900000, 0x0000000085a00000, 0x0000000085a00000|100%| S|CS|TAMS 0x0000000085900000, 0x0000000085900000| Complete 
|  66|0x0000000085a00000, 0x0000000085b00000, 0x0000000085b00000|100%| S|CS|TAMS 0x0000000085a00000, 0x0000000085a00000| Complete 
|  67|0x0000000085b00000, 0x0000000085c00000, 0x0000000085c00000|100%| S|CS|TAMS 0x0000000085b00000, 0x0000000085b00000| Complete 
|  68|0x0000000085c00000, 0x0000000085d00000, 0x0000000085d00000|100%| S|CS|TAMS 0x0000000085c00000, 0x0000000085c00000| Complete 
|  69|0x0000000085d00000, 0x0000000085e00000, 0x0000000085e00000|100%| S|CS|TAMS 0x0000000085d00000, 0x0000000085d00000| Complete 
|  70|0x0000000085e00000, 0x0000000085f00000, 0x0000000085f00000|100%| S|CS|TAMS 0x0000000085e00000, 0x0000000085e00000| Complete 
|  71|0x0000000085f00000, 0x0000000086000000, 0x0000000086000000|100%| S|CS|TAMS 0x0000000085f00000, 0x0000000085f00000| Complete 
|  72|0x0000000086000000, 0x0000000086100000, 0x0000000086100000|100%| S|CS|TAMS 0x0000000086000000, 0x0000000086000000| Complete 
|  73|0x0000000086100000, 0x0000000086200000, 0x0000000086200000|100%| S|CS|TAMS 0x0000000086100000, 0x0000000086100000| Complete 
|  74|0x0000000086200000, 0x0000000086200000, 0x0000000086300000|  0%| F|  |TAMS 0x0000000086200000, 0x0000000086200000| Untracked 
|  75|0x0000000086300000, 0x0000000086300000, 0x0000000086400000|  0%| F|  |TAMS 0x0000000086300000, 0x0000000086300000| Untracked 
|  76|0x0000000086400000, 0x0000000086400000, 0x0000000086500000|  0%| F|  |TAMS 0x0000000086400000, 0x0000000086400000| Untracked 
|  77|0x0000000086500000, 0x0000000086500000, 0x0000000086600000|  0%| F|  |TAMS 0x0000000086500000, 0x0000000086500000| Untracked 
|  78|0x0000000086600000, 0x0000000086600000, 0x0000000086700000|  0%| F|  |TAMS 0x0000000086600000, 0x0000000086600000| Untracked 
|  79|0x0000000086700000, 0x0000000086700000, 0x0000000086800000|  0%| F|  |TAMS 0x0000000086700000, 0x0000000086700000| Untracked 
|  80|0x0000000086800000, 0x0000000086800000, 0x0000000086900000|  0%| F|  |TAMS 0x0000000086800000, 0x0000000086800000| Untracked 
|  81|0x0000000086900000, 0x0000000086900000, 0x0000000086a00000|  0%| F|  |TAMS 0x0000000086900000, 0x0000000086900000| Untracked 
|  82|0x0000000086a00000, 0x0000000086a00000, 0x0000000086b00000|  0%| F|  |TAMS 0x0000000086a00000, 0x0000000086a00000| Untracked 
|  83|0x0000000086b00000, 0x0000000086b00000, 0x0000000086c00000|  0%| F|  |TAMS 0x0000000086b00000, 0x0000000086b00000| Untracked 
|  84|0x0000000086c00000, 0x0000000086c00000, 0x0000000086d00000|  0%| F|  |TAMS 0x0000000086c00000, 0x0000000086c00000| Untracked 
|  85|0x0000000086d00000, 0x0000000086d00000, 0x0000000086e00000|  0%| F|  |TAMS 0x0000000086d00000, 0x0000000086d00000| Untracked 
|  86|0x0000000086e00000, 0x0000000086e00000, 0x0000000086f00000|  0%| F|  |TAMS 0x0000000086e00000, 0x0000000086e00000| Untracked 
|  87|0x0000000086f00000, 0x0000000086f00000, 0x0000000087000000|  0%| F|  |TAMS 0x0000000086f00000, 0x0000000086f00000| Untracked 
|  88|0x0000000087000000, 0x0000000087000000, 0x0000000087100000|  0%| F|  |TAMS 0x0000000087000000, 0x0000000087000000| Untracked 
|  89|0x0000000087100000, 0x0000000087100000, 0x0000000087200000|  0%| F|  |TAMS 0x0000000087100000, 0x0000000087100000| Untracked 
|  90|0x0000000087200000, 0x0000000087200000, 0x0000000087300000|  0%| F|  |TAMS 0x0000000087200000, 0x0000000087200000| Untracked 
|  91|0x0000000087300000, 0x0000000087300000, 0x0000000087400000|  0%| F|  |TAMS 0x0000000087300000, 0x0000000087300000| Untracked 
|  92|0x0000000087400000, 0x0000000087400000, 0x0000000087500000|  0%| F|  |TAMS 0x0000000087400000, 0x0000000087400000| Untracked 
|  93|0x0000000087500000, 0x0000000087500000, 0x0000000087600000|  0%| F|  |TAMS 0x0000000087500000, 0x0000000087500000| Untracked 
|  94|0x0000000087600000, 0x0000000087600000, 0x0000000087700000|  0%| F|  |TAMS 0x0000000087600000, 0x0000000087600000| Untracked 
|  95|0x0000000087700000, 0x0000000087700000, 0x0000000087800000|  0%| F|  |TAMS 0x0000000087700000, 0x0000000087700000| Untracked 
|  96|0x0000000087800000, 0x0000000087800000, 0x0000000087900000|  0%| F|  |TAMS 0x0000000087800000, 0x0000000087800000| Untracked 
|  97|0x0000000087900000, 0x0000000087900000, 0x0000000087a00000|  0%| F|  |TAMS 0x0000000087900000, 0x0000000087900000| Untracked 
|  98|0x0000000087a00000, 0x0000000087a00000, 0x0000000087b00000|  0%| F|  |TAMS 0x0000000087a00000, 0x0000000087a00000| Untracked 
|  99|0x0000000087b00000, 0x0000000087b00000, 0x0000000087c00000|  0%| F|  |TAMS 0x0000000087b00000, 0x0000000087b00000| Untracked 
| 100|0x0000000087c00000, 0x0000000087c00000, 0x0000000087d00000|  0%| F|  |TAMS 0x0000000087c00000, 0x0000000087c00000| Untracked 
| 101|0x0000000087d00000, 0x0000000087d00000, 0x0000000087e00000|  0%| F|  |TAMS 0x0000000087d00000, 0x0000000087d00000| Untracked 
| 102|0x0000000087e00000, 0x0000000087e00000, 0x0000000087f00000|  0%| F|  |TAMS 0x0000000087e00000, 0x0000000087e00000| Untracked 
| 103|0x0000000087f00000, 0x0000000087f00000, 0x0000000088000000|  0%| F|  |TAMS 0x0000000087f00000, 0x0000000087f00000| Untracked 
| 104|0x0000000088000000, 0x0000000088000000, 0x0000000088100000|  0%| F|  |TAMS 0x0000000088000000, 0x0000000088000000| Untracked 
| 105|0x0000000088100000, 0x0000000088100000, 0x0000000088200000|  0%| F|  |TAMS 0x0000000088100000, 0x0000000088100000| Untracked 
| 106|0x0000000088200000, 0x0000000088200000, 0x0000000088300000|  0%| F|  |TAMS 0x0000000088200000, 0x0000000088200000| Untracked 
| 107|0x0000000088300000, 0x0000000088300000, 0x0000000088400000|  0%| F|  |TAMS 0x0000000088300000, 0x0000000088300000| Untracked 
| 108|0x0000000088400000, 0x0000000088400000, 0x0000000088500000|  0%| F|  |TAMS 0x0000000088400000, 0x0000000088400000| Untracked 
| 109|0x0000000088500000, 0x0000000088500000, 0x0000000088600000|  0%| F|  |TAMS 0x0000000088500000, 0x0000000088500000| Untracked 
| 110|0x0000000088600000, 0x0000000088600000, 0x0000000088700000|  0%| F|  |TAMS 0x0000000088600000, 0x0000000088600000| Untracked 
| 111|0x0000000088700000, 0x0000000088700000, 0x0000000088800000|  0%| F|  |TAMS 0x0000000088700000, 0x0000000088700000| Untracked 
| 112|0x0000000088800000, 0x0000000088800000, 0x0000000088900000|  0%| F|  |TAMS 0x0000000088800000, 0x0000000088800000| Untracked 
| 113|0x0000000088900000, 0x0000000088900000, 0x0000000088a00000|  0%| F|  |TAMS 0x0000000088900000, 0x0000000088900000| Untracked 
| 114|0x0000000088a00000, 0x0000000088a00000, 0x0000000088b00000|  0%| F|  |TAMS 0x0000000088a00000, 0x0000000088a00000| Untracked 
| 115|0x0000000088b00000, 0x0000000088b00000, 0x0000000088c00000|  0%| F|  |TAMS 0x0000000088b00000, 0x0000000088b00000| Untracked 
| 116|0x0000000088c00000, 0x0000000088c00000, 0x0000000088d00000|  0%| F|  |TAMS 0x0000000088c00000, 0x0000000088c00000| Untracked 
| 117|0x0000000088d00000, 0x0000000088d00000, 0x0000000088e00000|  0%| F|  |TAMS 0x0000000088d00000, 0x0000000088d00000| Untracked 
| 118|0x0000000088e00000, 0x0000000088e00000, 0x0000000088f00000|  0%| F|  |TAMS 0x0000000088e00000, 0x0000000088e00000| Untracked 
| 119|0x0000000088f00000, 0x0000000088f00000, 0x0000000089000000|  0%| F|  |TAMS 0x0000000088f00000, 0x0000000088f00000| Untracked 
| 120|0x0000000089000000, 0x0000000089000000, 0x0000000089100000|  0%| F|  |TAMS 0x0000000089000000, 0x0000000089000000| Untracked 
| 121|0x0000000089100000, 0x0000000089100000, 0x0000000089200000|  0%| F|  |TAMS 0x0000000089100000, 0x0000000089100000| Untracked 
| 122|0x0000000089200000, 0x0000000089200000, 0x0000000089300000|  0%| F|  |TAMS 0x0000000089200000, 0x0000000089200000| Untracked 
| 123|0x0000000089300000, 0x0000000089300000, 0x0000000089400000|  0%| F|  |TAMS 0x0000000089300000, 0x0000000089300000| Untracked 
| 124|0x0000000089400000, 0x0000000089400000, 0x0000000089500000|  0%| F|  |TAMS 0x0000000089400000, 0x0000000089400000| Untracked 
| 125|0x0000000089500000, 0x0000000089500000, 0x0000000089600000|  0%| F|  |TAMS 0x0000000089500000, 0x0000000089500000| Untracked 
| 126|0x0000000089600000, 0x0000000089600000, 0x0000000089700000|  0%| F|  |TAMS 0x0000000089600000, 0x0000000089600000| Untracked 
| 127|0x0000000089700000, 0x0000000089800000, 0x0000000089800000|100%| E|  |TAMS 0x0000000089700000, 0x0000000089700000| Complete 
| 128|0x0000000089800000, 0x0000000089900000, 0x0000000089900000|100%| E|CS|TAMS 0x0000000089800000, 0x0000000089800000| Complete 
| 129|0x0000000089900000, 0x0000000089a00000, 0x0000000089a00000|100%| E|CS|TAMS 0x0000000089900000, 0x0000000089900000| Complete 
| 130|0x0000000089a00000, 0x0000000089b00000, 0x0000000089b00000|100%| E|CS|TAMS 0x0000000089a00000, 0x0000000089a00000| Complete 
| 131|0x0000000089b00000, 0x0000000089c00000, 0x0000000089c00000|100%| E|CS|TAMS 0x0000000089b00000, 0x0000000089b00000| Complete 
| 132|0x0000000089c00000, 0x0000000089d00000, 0x0000000089d00000|100%| E|CS|TAMS 0x0000000089c00000, 0x0000000089c00000| Complete 
| 133|0x0000000089d00000, 0x0000000089e00000, 0x0000000089e00000|100%| E|CS|TAMS 0x0000000089d00000, 0x0000000089d00000| Complete 
| 134|0x0000000089e00000, 0x0000000089f00000, 0x0000000089f00000|100%| E|CS|TAMS 0x0000000089e00000, 0x0000000089e00000| Complete 
| 135|0x0000000089f00000, 0x000000008a000000, 0x000000008a000000|100%| E|CS|TAMS 0x0000000089f00000, 0x0000000089f00000| Complete 
| 136|0x000000008a000000, 0x000000008a100000, 0x000000008a100000|100%| E|CS|TAMS 0x000000008a000000, 0x000000008a000000| Complete 
| 137|0x000000008a100000, 0x000000008a200000, 0x000000008a200000|100%| E|CS|TAMS 0x000000008a100000, 0x000000008a100000| Complete 
| 138|0x000000008a200000, 0x000000008a300000, 0x000000008a300000|100%| E|CS|TAMS 0x000000008a200000, 0x000000008a200000| Complete 
| 139|0x000000008a300000, 0x000000008a400000, 0x000000008a400000|100%| E|CS|TAMS 0x000000008a300000, 0x000000008a300000| Complete 
| 140|0x000000008a400000, 0x000000008a500000, 0x000000008a500000|100%| E|CS|TAMS 0x000000008a400000, 0x000000008a400000| Complete 
| 141|0x000000008a500000, 0x000000008a600000, 0x000000008a600000|100%| E|CS|TAMS 0x000000008a500000, 0x000000008a500000| Complete 
| 142|0x000000008a600000, 0x000000008a700000, 0x000000008a700000|100%| E|CS|TAMS 0x000000008a600000, 0x000000008a600000| Complete 
| 143|0x000000008a700000, 0x000000008a800000, 0x000000008a800000|100%| E|CS|TAMS 0x000000008a700000, 0x000000008a700000| Complete 
| 144|0x000000008a800000, 0x000000008a900000, 0x000000008a900000|100%| E|CS|TAMS 0x000000008a800000, 0x000000008a800000| Complete 
| 145|0x000000008a900000, 0x000000008aa00000, 0x000000008aa00000|100%| E|CS|TAMS 0x000000008a900000, 0x000000008a900000| Complete 
| 146|0x000000008aa00000, 0x000000008ab00000, 0x000000008ab00000|100%| E|CS|TAMS 0x000000008aa00000, 0x000000008aa00000| Complete 
| 147|0x000000008ab00000, 0x000000008ac00000, 0x000000008ac00000|100%| E|CS|TAMS 0x000000008ab00000, 0x000000008ab00000| Complete 
| 148|0x000000008ac00000, 0x000000008ad00000, 0x000000008ad00000|100%| E|CS|TAMS 0x000000008ac00000, 0x000000008ac00000| Complete 
| 149|0x000000008ad00000, 0x000000008ae00000, 0x000000008ae00000|100%| E|CS|TAMS 0x000000008ad00000, 0x000000008ad00000| Complete 
| 150|0x000000008ae00000, 0x000000008af00000, 0x000000008af00000|100%| E|CS|TAMS 0x000000008ae00000, 0x000000008ae00000| Complete 
| 151|0x000000008af00000, 0x000000008b000000, 0x000000008b000000|100%| E|CS|TAMS 0x000000008af00000, 0x000000008af00000| Complete 
| 152|0x000000008b000000, 0x000000008b100000, 0x000000008b100000|100%| E|CS|TAMS 0x000000008b000000, 0x000000008b000000| Complete 
| 153|0x000000008b100000, 0x000000008b200000, 0x000000008b200000|100%| E|CS|TAMS 0x000000008b100000, 0x000000008b100000| Complete 
| 154|0x000000008b200000, 0x000000008b300000, 0x000000008b300000|100%| E|CS|TAMS 0x000000008b200000, 0x000000008b200000| Complete 
| 155|0x000000008b300000, 0x000000008b400000, 0x000000008b400000|100%| E|CS|TAMS 0x000000008b300000, 0x000000008b300000| Complete 
| 156|0x000000008b400000, 0x000000008b500000, 0x000000008b500000|100%| E|CS|TAMS 0x000000008b400000, 0x000000008b400000| Complete 
| 157|0x000000008b500000, 0x000000008b600000, 0x000000008b600000|100%| E|CS|TAMS 0x000000008b500000, 0x000000008b500000| Complete 
| 158|0x000000008b600000, 0x000000008b700000, 0x000000008b700000|100%| E|CS|TAMS 0x000000008b600000, 0x000000008b600000| Complete 
| 159|0x000000008b700000, 0x000000008b800000, 0x000000008b800000|100%| E|CS|TAMS 0x000000008b700000, 0x000000008b700000| Complete 
| 160|0x000000008b800000, 0x000000008b900000, 0x000000008b900000|100%| E|CS|TAMS 0x000000008b800000, 0x000000008b800000| Complete 
| 161|0x000000008b900000, 0x000000008ba00000, 0x000000008ba00000|100%| E|CS|TAMS 0x000000008b900000, 0x000000008b900000| Complete 
| 162|0x000000008ba00000, 0x000000008bb00000, 0x000000008bb00000|100%| E|CS|TAMS 0x000000008ba00000, 0x000000008ba00000| Complete 
| 163|0x000000008bb00000, 0x000000008bc00000, 0x000000008bc00000|100%| E|CS|TAMS 0x000000008bb00000, 0x000000008bb00000| Complete 
| 164|0x000000008bc00000, 0x000000008bd00000, 0x000000008bd00000|100%| E|CS|TAMS 0x000000008bc00000, 0x000000008bc00000| Complete 
| 165|0x000000008bd00000, 0x000000008be00000, 0x000000008be00000|100%| E|CS|TAMS 0x000000008bd00000, 0x000000008bd00000| Complete 
| 166|0x000000008be00000, 0x000000008bf00000, 0x000000008bf00000|100%| E|CS|TAMS 0x000000008be00000, 0x000000008be00000| Complete 
| 167|0x000000008bf00000, 0x000000008c000000, 0x000000008c000000|100%| E|CS|TAMS 0x000000008bf00000, 0x000000008bf00000| Complete 
| 168|0x000000008c000000, 0x000000008c100000, 0x000000008c100000|100%| E|CS|TAMS 0x000000008c000000, 0x000000008c000000| Complete 
| 169|0x000000008c100000, 0x000000008c200000, 0x000000008c200000|100%| E|CS|TAMS 0x000000008c100000, 0x000000008c100000| Complete 
| 170|0x000000008c200000, 0x000000008c300000, 0x000000008c300000|100%| E|CS|TAMS 0x000000008c200000, 0x000000008c200000| Complete 
| 171|0x000000008c300000, 0x000000008c400000, 0x000000008c400000|100%| E|CS|TAMS 0x000000008c300000, 0x000000008c300000| Complete 
| 172|0x000000008c400000, 0x000000008c500000, 0x000000008c500000|100%| E|CS|TAMS 0x000000008c400000, 0x000000008c400000| Complete 
| 173|0x000000008c500000, 0x000000008c600000, 0x000000008c600000|100%| E|CS|TAMS 0x000000008c500000, 0x000000008c500000| Complete 
| 174|0x000000008c600000, 0x000000008c700000, 0x000000008c700000|100%| E|CS|TAMS 0x000000008c600000, 0x000000008c600000| Complete 
| 175|0x000000008c700000, 0x000000008c800000, 0x000000008c800000|100%| E|CS|TAMS 0x000000008c700000, 0x000000008c700000| Complete 
| 176|0x000000008c800000, 0x000000008c900000, 0x000000008c900000|100%| E|CS|TAMS 0x000000008c800000, 0x000000008c800000| Complete 
| 177|0x000000008c900000, 0x000000008ca00000, 0x000000008ca00000|100%| E|CS|TAMS 0x000000008c900000, 0x000000008c900000| Complete 
| 178|0x000000008ca00000, 0x000000008cb00000, 0x000000008cb00000|100%| E|CS|TAMS 0x000000008ca00000, 0x000000008ca00000| Complete 
| 179|0x000000008cb00000, 0x000000008cc00000, 0x000000008cc00000|100%| E|CS|TAMS 0x000000008cb00000, 0x000000008cb00000| Complete 
| 180|0x000000008cc00000, 0x000000008cd00000, 0x000000008cd00000|100%| E|CS|TAMS 0x000000008cc00000, 0x000000008cc00000| Complete 
| 181|0x000000008cd00000, 0x000000008ce00000, 0x000000008ce00000|100%| E|CS|TAMS 0x000000008cd00000, 0x000000008cd00000| Complete 
| 182|0x000000008ce00000, 0x000000008cf00000, 0x000000008cf00000|100%| E|CS|TAMS 0x000000008ce00000, 0x000000008ce00000| Complete 
| 183|0x000000008cf00000, 0x000000008d000000, 0x000000008d000000|100%| E|CS|TAMS 0x000000008cf00000, 0x000000008cf00000| Complete 
| 184|0x000000008d000000, 0x000000008d100000, 0x000000008d100000|100%| E|CS|TAMS 0x000000008d000000, 0x000000008d000000| Complete 

Card table byte_map: [0x000001e8be5b0000,0x000001e8be9b0000] _byte_map_base: 0x000001e8be1a4000

Marking Bits (Prev, Next): (CMBitMap*) 0x000001e8a5a4d050, (CMBitMap*) 0x000001e8a5a4d018
 Prev Bits: [0x000001e8c0d50000, 0x000001e8c2cf0000)
 Next Bits: [0x000001e8bedb0000, 0x000001e8c0d50000)

Polling page: 0x000001e8a5b60000

Metaspace:

Usage:
  Non-class:    109.44 MB capacity,   107.13 MB ( 98%) used,     1.81 MB (  2%) free+waste,   502.44 KB ( <1%) overhead. 
      Class:     19.93 MB capacity,    15.65 MB ( 79%) used,     4.01 MB ( 20%) free+waste,   275.00 KB (  1%) overhead. 
       Both:    129.36 MB capacity,   122.79 MB ( 95%) used,     5.82 MB (  4%) free+waste,   777.44 KB ( <1%) overhead. 

Virtual space:
  Non-class space:      110.00 MB reserved,     109.58 MB (>99%) committed 
      Class space:        1.00 GB reserved,      20.00 MB (  2%) committed 
             Both:        1.11 GB reserved,     129.58 MB ( 11%) committed 

Chunk freelists:
   Non-Class:  2.25 KB
       Class:  0 bytes
        Both:  2.25 KB

CodeHeap 'non-profiled nmethods': size=120064Kb used=5472Kb max_used=5472Kb free=114591Kb
 bounds [0x000001e8b6c70000, 0x000001e8b71d0000, 0x000001e8be1b0000]
CodeHeap 'profiled nmethods': size=120000Kb used=22136Kb max_used=22136Kb free=97863Kb
 bounds [0x000001e8af740000, 0x000001e8b0ce0000, 0x000001e8b6c70000]
CodeHeap 'non-nmethods': size=5696Kb used=1482Kb max_used=1531Kb free=4214Kb
 bounds [0x000001e8af1b0000, 0x000001e8af420000, 0x000001e8af740000]
 total_blobs=10777 nmethods=9816 adapters=870
 compilation: enabled
              stopped_count=0, restarted_count=0
 full_count=0

Compilation events (10 events):
Event: 21.002 Thread 0x000001e8c5b74000 9890   !   2       scala.collection.immutable.Stream$Cons::tail (50 bytes)
Event: 21.003 Thread 0x000001e8c5b74000 nmethod 9890 0x000001e8b0cdb390 code [0x000001e8b0cdb540, 0x000001e8b0cdb948]
Event: 21.004 Thread 0x000001e8c5b74000 9891       2       java.lang.reflect.Constructor::equals (42 bytes)
Event: 21.005 Thread 0x000001e8c5b74000 nmethod 9891 0x000001e8b0cdba90 code [0x000001e8b0cdbc40, 0x000001e8b0cdbe08]
Event: 21.005 Thread 0x000001e8c5b74000 9892       2       java.lang.reflect.Modifier::isSynthetic (14 bytes)
Event: 21.005 Thread 0x000001e8c5b74000 nmethod 9892 0x000001e8b0cdbf10 code [0x000001e8b0cdc0a0, 0x000001e8b0cdc198]
Event: 21.012 Thread 0x000001e8c5b74000 9893       2       java.lang.reflect.Executable::isSynthetic (8 bytes)
Event: 21.012 Thread 0x000001e8c5b74000 nmethod 9893 0x000001e8b0cdc210 code [0x000001e8b0cdc3a0, 0x000001e8b0cdc4e8]
Event: 21.012 Thread 0x000001e8c5b74000 9894       2       java.lang.reflect.Method::isSynthetic (5 bytes)
Event: 21.012 Thread 0x000001e8c5b74000 nmethod 9894 0x000001e8b0cdc590 code [0x000001e8b0cdc720, 0x000001e8b0cdc838]

GC Heap History (10 events):
Event: 9.663 GC heap before
{Heap before GC invocations=13 (full 0):
 garbage-first heap   total 157696K, used 108189K [0x0000000081800000, 0x0000000100000000)
  region size 1024K, 84 young (86016K), 8 survivors (8192K)
 Metaspace       used 71878K, capacity 73753K, committed 73808K, reserved 1114112K
  class space    used 8746K, capacity 9689K, committed 9728K, reserved 1048576K
}
Event: 9.683 GC heap after
{Heap after GC invocations=14 (full 0):
 garbage-first heap   total 157696K, used 35185K [0x0000000081800000, 0x0000000100000000)
  region size 1024K, 9 young (9216K), 9 survivors (9216K)
 Metaspace       used 71878K, capacity 73753K, committed 73808K, reserved 1114112K
  class space    used 8746K, capacity 9689K, committed 9728K, reserved 1048576K
}
Event: 11.604 GC heap before
{Heap before GC invocations=15 (full 0):
 garbage-first heap   total 157696K, used 117105K [0x0000000081800000, 0x0000000100000000)
  region size 1024K, 89 young (91136K), 9 survivors (9216K)
 Metaspace       used 82821K, capacity 84853K, committed 85072K, reserved 1124352K
  class space    used 9990K, capacity 10967K, committed 11008K, reserved 1048576K
}
Event: 11.620 GC heap after
{Heap after GC invocations=16 (full 0):
 garbage-first heap   total 157696K, used 38712K [0x0000000081800000, 0x0000000100000000)
  region size 1024K, 10 young (10240K), 10 survivors (10240K)
 Metaspace       used 82821K, capacity 84853K, committed 85072K, reserved 1124352K
  class space    used 9990K, capacity 10967K, committed 11008K, reserved 1048576K
}
Event: 13.144 GC heap before
{Heap before GC invocations=16 (full 0):
 garbage-first heap   total 157696K, used 119608K [0x0000000081800000, 0x0000000100000000)
  region size 1024K, 89 young (91136K), 10 survivors (10240K)
 Metaspace       used 86929K, capacity 89445K, committed 89552K, reserved 1128448K
  class space    used 10349K, capacity 11615K, committed 11648K, reserved 1048576K
}
Event: 13.162 GC heap after
{Heap after GC invocations=17 (full 0):
 garbage-first heap   total 189440K, used 41958K [0x0000000081800000, 0x0000000100000000)
  region size 1024K, 7 young (7168K), 7 survivors (7168K)
 Metaspace       used 86929K, capacity 89445K, committed 89552K, reserved 1128448K
  class space    used 10349K, capacity 11615K, committed 11648K, reserved 1048576K
}
Event: 15.527 GC heap before
{Heap before GC invocations=17 (full 0):
 garbage-first heap   total 189440K, used 139238K [0x0000000081800000, 0x0000000100000000)
  region size 1024K, 103 young (105472K), 7 survivors (7168K)
 Metaspace       used 103593K, capacity 107408K, committed 107600K, reserved 1142784K
  class space    used 12583K, capacity 14829K, committed 14848K, reserved 1048576K
}
Event: 15.539 GC heap after
{Heap after GC invocations=18 (full 0):
 garbage-first heap   total 189440K, used 44358K [0x0000000081800000, 0x0000000100000000)
  region size 1024K, 10 young (10240K), 10 survivors (10240K)
 Metaspace       used 103593K, capacity 107408K, committed 107600K, reserved 1142784K
  class space    used 12583K, capacity 14829K, committed 14848K, reserved 1048576K
}
Event: 18.508 GC heap before
{Heap before GC invocations=18 (full 0):
 garbage-first heap   total 189440K, used 146758K [0x0000000081800000, 0x0000000100000000)
  region size 1024K, 111 young (113664K), 10 survivors (10240K)
 Metaspace       used 117710K, capacity 123190K, committed 123344K, reserved 1155072K
  class space    used 14655K, capacity 18201K, committed 18304K, reserved 1048576K
}
Event: 18.526 GC heap after
{Heap after GC invocations=19 (full 0):
 garbage-first heap   total 189440K, used 49290K [0x0000000081800000, 0x0000000100000000)
  region size 1024K, 11 young (11264K), 11 survivors (11264K)
 Metaspace       used 117710K, capacity 123190K, committed 123344K, reserved 1155072K
  class space    used 14655K, capacity 18201K, committed 18304K, reserved 1048576K
}

Deoptimization events (10 events):
Event: 19.647 Thread 0x000001e8a7ba4000 Uncommon trap: reason=bimorphic_or_optimized_type_check action=maybe_recompile pc=0x000001e8b6f79630 method=org.apache.derby.iapi.types.DataType.in(Lorg/apache/derby/iapi/types/DataValueDescriptor;[Lorg/apache/derby/iapi/types/DataValueDescriptor;Z)Lorg/a
Event: 19.657 Thread 0x000001e8c74d2000 Uncommon trap: reason=bimorphic_or_optimized_type_check action=maybe_recompile pc=0x000001e8b7077ba0 method=java.util.concurrent.ConcurrentHashMap.putVal(Ljava/lang/Object;Ljava/lang/Object;Z)Ljava/lang/Object; @ 242 c2
Event: 19.658 Thread 0x000001e8c74d3000 Uncommon trap: reason=bimorphic_or_optimized_type_check action=maybe_recompile pc=0x000001e8b7077ba0 method=java.util.concurrent.ConcurrentHashMap.putVal(Ljava/lang/Object;Ljava/lang/Object;Z)Ljava/lang/Object; @ 242 c2
Event: 20.079 Thread 0x000001e8a7ba4000 Uncommon trap: reason=bimorphic_or_optimized_type_check action=maybe_recompile pc=0x000001e8b717fdcc method=java.util.concurrent.ConcurrentHashMap.putVal(Ljava/lang/Object;Ljava/lang/Object;Z)Ljava/lang/Object; @ 159 c2
Event: 20.079 Thread 0x000001e8a7ba4000 Uncommon trap: reason=bimorphic_or_optimized_type_check action=maybe_recompile pc=0x000001e8b717fdcc method=java.util.concurrent.ConcurrentHashMap.putVal(Ljava/lang/Object;Ljava/lang/Object;Z)Ljava/lang/Object; @ 159 c2
Event: 20.270 Thread 0x000001e8a7ba4000 Uncommon trap: reason=array_check action=maybe_recompile pc=0x000001e8b7145090 method=org.antlr.v4.runtime.misc.Array2DHashSet.getOrAddImpl(Ljava/lang/Object;)Ljava/lang/Object; @ 74 c2
Event: 20.270 Thread 0x000001e8a7ba4000 Uncommon trap: reason=array_check action=maybe_recompile pc=0x000001e8b7145330 method=org.antlr.v4.runtime.misc.Array2DHashSet.getOrAddImpl(Ljava/lang/Object;)Ljava/lang/Object; @ 74 c2
Event: 20.270 Thread 0x000001e8a7ba4000 Uncommon trap: reason=array_check action=maybe_recompile pc=0x000001e8b715dbb4 method=org.antlr.v4.runtime.misc.Array2DHashSet.getOrAddImpl(Ljava/lang/Object;)Ljava/lang/Object; @ 74 c2
Event: 20.810 Thread 0x000001e8a7ba4000 Uncommon trap: reason=unstable_if action=reinterpret pc=0x000001e8b7095c34 method=jdk.internal.org.objectweb.asm.Type.getArgumentsAndReturnSizes(Ljava/lang/String;)I @ 100 c2
Event: 20.810 Thread 0x000001e8a7ba4000 Uncommon trap: reason=unstable_if action=reinterpret pc=0x000001e8b706de74 method=jdk.internal.org.objectweb.asm.Type.getArgumentsAndReturnSizes(Ljava/lang/String;)I @ 100 c2

Classes redefined (0 events):
No events

Internal exceptions (10 events):
Event: 19.884 Thread 0x000001e8a7ba4000 Exception <a 'java/lang/NoSuchMethodError'{0x000000008b6b2d78}: java.lang.invoke.DirectMethodHandle$Holder.invokeStatic(Ljava/lang/Object;Ljava/lang/Object;Ljava/lang/Object;Ljava/lang/Object;Ljava/lang/Object;II)Ljava/lang/Object;> (0x000000008b6b2d78) t
Event: 19.885 Thread 0x000001e8a7ba4000 Exception <a 'java/lang/NoSuchMethodError'{0x000000008b6b6730}: java.lang.invoke.DirectMethodHandle$Holder.invokeSpecial(Ljava/lang/Object;Ljava/lang/Object;Ljava/lang/Object;Ljava/lang/Object;Ljava/lang/Object;Ljava/lang/Object;II)Ljava/lang/Object;> (0x
Event: 19.885 Thread 0x000001e8a7ba4000 Exception <a 'java/lang/NoSuchMethodError'{0x000000008b6b9b38}: java.lang.invoke.Invokers$Holder.linkToTargetMethod(Ljava/lang/Object;Ljava/lang/Object;Ljava/lang/Object;Ljava/lang/Object;IILjava/lang/Object;)Ljava/lang/Object;> (0x000000008b6b9b38) throw
Event: 19.989 Thread 0x000001e8c8c9f800 Exception <a 'java/lang/NoSuchMethodError'{0x000000008b23e558}: java.lang.invoke.DirectMethodHandle$Holder.invokeInterface(Ljava/lang/Object;Ljava/lang/Object;Ljava/lang/Object;)J> (0x000000008b23e558) thrown at [./open/src/hotspot/share/interpreter/linkR
Event: 19.996 Thread 0x000001e8c8c9f800 Exception <a 'org/apache/hadoop/io/nativeio/NativeIOException'{0x000000008b269fa0}> (0x000000008b269fa0) thrown at [./open/src/hotspot/share/prims/jni.cpp, line 611]
Event: 20.001 Thread 0x000001e8c8c9f800 Exception <a 'org/apache/hadoop/io/nativeio/NativeIOException'{0x000000008b291c88}> (0x000000008b291c88) thrown at [./open/src/hotspot/share/prims/jni.cpp, line 611]
Event: 20.004 Thread 0x000001e8c8c9f800 Exception <a 'org/apache/hadoop/io/nativeio/NativeIOException'{0x000000008b2a63e0}> (0x000000008b2a63e0) thrown at [./open/src/hotspot/share/prims/jni.cpp, line 611]
Event: 20.389 Thread 0x000001e8a7ba4000 Exception <a 'java/lang/NoSuchMethodError'{0x000000008a8ef790}: java.lang.invoke.DirectMethodHandle$Holder.invokeSpecial(Ljava/lang/Object;Ljava/lang/Object;Ljava/lang/Object;Ljava/lang/Object;Ljava/lang/Object;Ljava/lang/Object;Ljava/lang/Object;Ljava/la
Event: 20.389 Thread 0x000001e8a7ba4000 Exception <a 'java/lang/NoSuchMethodError'{0x000000008a8f3968}: java.lang.invoke.Invokers$Holder.linkToTargetMethod(Ljava/lang/Object;Ljava/lang/Object;Ljava/lang/Object;Ljava/lang/Object;Ljava/lang/Object;Ljava/lang/Object;Ljava/lang/Object;Ljava/lang/Ob
Event: 20.972 Thread 0x000001e8a7ba4000 Exception <a 'java/lang/NoSuchMethodError'{0x0000000089ae67a8}: java.lang.invoke.DirectMethodHandle$Holder.invokeStatic(Ljava/lang/Object;IILjava/lang/Object;)Ljava/lang/Object;> (0x0000000089ae67a8) thrown at [./open/src/hotspot/share/interpreter/linkRes

Events (10 events):
Event: 21.018 loading class scala/Function1
Event: 21.018 loading class scala/Function1 done
Event: 21.018 loading class com/fasterxml/jackson/annotation/JsonAutoDetect$1
Event: 21.018 loading class com/fasterxml/jackson/annotation/JsonAutoDetect$1 done
Event: 21.019 loading class com/fasterxml/jackson/annotation/PropertyAccessor
Event: 21.019 loading class com/fasterxml/jackson/annotation/PropertyAccessor done
Event: 21.019 loading class com/fasterxml/jackson/databind/introspect/MemberKey
Event: 21.019 loading class com/fasterxml/jackson/databind/introspect/MemberKey done
Event: 21.020 loading class com/fasterxml/jackson/databind/introspect/AnnotatedMethodCollector$MethodBuilder
Event: 21.020 loading class com/fasterxml/jackson/databind/introspect/AnnotatedMethodCollector$MethodBuilder done


Dynamic libraries:
0x00007ff659a50000 - 0x00007ff659a5f000 	C:\Program Files\Java\jdk-11.0.13\bin\java.exe
0x00007ffe6c3d0000 - 0x00007ffe6c5c5000 	C:\Windows\SYSTEM32\ntdll.dll
0x00007ffe6bb40000 - 0x00007ffe6bbfe000 	C:\Windows\System32\KERNEL32.DLL
0x00007ffe69ff0000 - 0x00007ffe6a2b8000 	C:\Windows\System32\KERNELBASE.dll
0x00007ffe69b70000 - 0x00007ffe69c70000 	C:\Windows\System32\ucrtbase.dll
0x00007ffe556b0000 - 0x00007ffe556c8000 	C:\Program Files\Java\jdk-11.0.13\bin\jli.dll
0x00007ffe578b0000 - 0x00007ffe578c5000 	C:\Program Files\Java\jdk-11.0.13\bin\VCRUNTIME140.dll
0x00007ffe6af10000 - 0x00007ffe6afbc000 	C:\Windows\System32\ADVAPI32.dll
0x00007ffe6ba40000 - 0x00007ffe6bade000 	C:\Windows\System32\msvcrt.dll
0x00007ffe6afe0000 - 0x00007ffe6b07b000 	C:\Windows\System32\sechost.dll
0x00007ffe6ab90000 - 0x00007ffe6acba000 	C:\Windows\System32\RPCRT4.dll
0x00007ffe6bc70000 - 0x00007ffe6be11000 	C:\Windows\System32\USER32.dll
0x00007ffe69af0000 - 0x00007ffe69b12000 	C:\Windows\System32\win32u.dll
0x00007ffe6b080000 - 0x00007ffe6b0ab000 	C:\Windows\System32\GDI32.dll
0x00007ffe69db0000 - 0x00007ffe69ebb000 	C:\Windows\System32\gdi32full.dll
0x00007ffe599f0000 - 0x00007ffe59c8a000 	C:\Windows\WinSxS\amd64_microsoft.windows.common-controls_6595b64144ccf1df_6.0.19041.1110_none_60b5254171f9507e\COMCTL32.dll
0x00007ffe69f50000 - 0x00007ffe69fed000 	C:\Windows\System32\msvcp_win.dll
0x00007ffe5b740000 - 0x00007ffe5b74a000 	C:\Windows\SYSTEM32\VERSION.dll
0x00007ffe6ab60000 - 0x00007ffe6ab90000 	C:\Windows\System32\IMM32.DLL
0x00007ffe55550000 - 0x00007ffe555eb000 	C:\Program Files\Java\jdk-11.0.13\bin\msvcp140.dll
0x00007ffe09720000 - 0x00007ffe0a233000 	C:\Program Files\Java\jdk-11.0.13\bin\server\jvm.dll
0x00007ffe6be20000 - 0x00007ffe6be28000 	C:\Windows\System32\PSAPI.DLL
0x00007ffe588f0000 - 0x00007ffe588f9000 	C:\Windows\SYSTEM32\WSOCK32.dll
0x00007ffe6b9d0000 - 0x00007ffe6ba3b000 	C:\Windows\System32\WS2_32.dll
0x00007ffe564a0000 - 0x00007ffe564c7000 	C:\Windows\SYSTEM32\WINMM.dll
0x00007ffe68370000 - 0x00007ffe68382000 	C:\Windows\SYSTEM32\kernel.appcore.dll
0x00007ffe62190000 - 0x00007ffe621a0000 	C:\Program Files\Java\jdk-11.0.13\bin\verify.dll
0x00007ffe565e0000 - 0x00007ffe567c4000 	C:\Windows\SYSTEM32\DBGHELP.DLL
0x00007ffe563c0000 - 0x00007ffe563ec000 	C:\Windows\SYSTEM32\dbgcore.DLL
0x00007ffe69d20000 - 0x00007ffe69da3000 	C:\Windows\System32\bcryptPrimitives.dll
0x00007ffe55220000 - 0x00007ffe55248000 	C:\Program Files\Java\jdk-11.0.13\bin\java.dll
0x00007ffe55830000 - 0x00007ffe5583a000 	C:\Program Files\Java\jdk-11.0.13\bin\jimage.dll
0x00007ffe5e270000 - 0x00007ffe5e27e000 	C:\Program Files\Java\jdk-11.0.13\bin\instrument.dll
0x00007ffe55690000 - 0x00007ffe556a6000 	C:\Program Files\Java\jdk-11.0.13\bin\zip.dll
0x00007ffe6a420000 - 0x00007ffe6ab5f000 	C:\Windows\System32\SHELL32.dll
0x00007ffe67a10000 - 0x00007ffe681a0000 	C:\Windows\SYSTEM32\windows.storage.dll
0x00007ffe6b110000 - 0x00007ffe6b465000 	C:\Windows\System32\combase.dll
0x00007ffe69540000 - 0x00007ffe6956e000 	C:\Windows\SYSTEM32\Wldp.dll
0x00007ffe6b920000 - 0x00007ffe6b9cd000 	C:\Windows\System32\SHCORE.dll
0x00007ffe6bae0000 - 0x00007ffe6bb35000 	C:\Windows\System32\shlwapi.dll
0x00007ffe69a30000 - 0x00007ffe69a4f000 	C:\Windows\SYSTEM32\profapi.dll
0x00007ffe55530000 - 0x00007ffe55549000 	C:\Program Files\Java\jdk-11.0.13\bin\net.dll
0x00007ffe59840000 - 0x00007ffe5994c000 	C:\Windows\SYSTEM32\WINHTTP.dll
0x00007ffe692a0000 - 0x00007ffe6930a000 	C:\Windows\system32\mswsock.dll
0x00007ffe55200000 - 0x00007ffe55212000 	C:\Program Files\Java\jdk-11.0.13\bin\nio.dll
0x00007ffe507d0000 - 0x00007ffe507ea000 	C:\Program Files\JetBrains\IntelliJ IDEA Community Edition 2021.2.3\bin\breakgen64.dll
0x00007ffe54c30000 - 0x00007ffe54c47000 	C:\Windows\system32\napinsp.dll
0x00007ffe55060000 - 0x00007ffe5507b000 	C:\Windows\system32\pnrpnsp.dll
0x00007ffe64880000 - 0x00007ffe64895000 	C:\Windows\system32\wshbth.dll
0x00007ffe65310000 - 0x00007ffe6532d000 	C:\Windows\system32\NLAapi.dll
0x00007ffe68f40000 - 0x00007ffe68f7b000 	C:\Windows\SYSTEM32\IPHLPAPI.DLL
0x00007ffe68f80000 - 0x00007ffe6904b000 	C:\Windows\SYSTEM32\DNSAPI.dll
0x00007ffe6acc0000 - 0x00007ffe6acc8000 	C:\Windows\System32\NSI.dll
0x00007ffe55040000 - 0x00007ffe55052000 	C:\Windows\System32\winrnr.dll
0x00007ffe59790000 - 0x00007ffe5979a000 	C:\Windows\System32\rasadhlp.dll
0x00007ffe5b7d0000 - 0x00007ffe5b84f000 	C:\Windows\System32\fwpuclnt.dll
0x00007ffe69f20000 - 0x00007ffe69f47000 	C:\Windows\System32\bcrypt.dll
0x00007ffe5e260000 - 0x00007ffe5e269000 	C:\Program Files\Java\jdk-11.0.13\bin\management.dll
0x00007ffe5e010000 - 0x00007ffe5e01b000 	C:\Program Files\Java\jdk-11.0.13\bin\management_ext.dll
0x00007ffe4c800000 - 0x00007ffe4c81a000 	C:\hadoop\bin\hadoop.dll
0x000000006ddb0000 - 0x000000006de82000 	C:\Windows\SYSTEM32\MSVCR100.dll
0x00007ffe68890000 - 0x00007ffe688dc000 	C:\Windows\SYSTEM32\AUTHZ.dll
0x00007ffe50230000 - 0x00007ffe50248000 	C:\Windows\SYSTEM32\NETAPI32.dll
0x00007ffe69050000 - 0x00007ffe6905c000 	C:\Windows\SYSTEM32\NETUTILS.DLL
0x00007ffe5d960000 - 0x00007ffe5d979000 	C:\Windows\SYSTEM32\SAMCLI.DLL
0x00007ffe58a70000 - 0x00007ffe58a79000 	C:\Program Files\Java\jdk-11.0.13\bin\jaas.dll
0x00007ffe694a0000 - 0x00007ffe694b8000 	C:\Windows\SYSTEM32\CRYPTSP.dll
0x00007ffe68bb0000 - 0x00007ffe68be4000 	C:\Windows\system32\rsaenh.dll
0x00007ffe699f0000 - 0x00007ffe69a1e000 	C:\Windows\SYSTEM32\USERENV.dll
0x00007ffe69490000 - 0x00007ffe6949c000 	C:\Windows\SYSTEM32\CRYPTBASE.dll
0x00007ffe5f470000 - 0x00007ffe5f487000 	C:\Windows\SYSTEM32\dhcpcsvc6.DLL
0x00007ffe5f3e0000 - 0x00007ffe5f3fd000 	C:\Windows\SYSTEM32\dhcpcsvc.DLL
0x00007ffe65480000 - 0x00007ffe654a7000 	C:\Windows\SYSTEM32\SAMLIB.dll
0x00007ffe687e0000 - 0x00007ffe68813000 	C:\Windows\SYSTEM32\ntmarta.dll

dbghelp: loaded successfully - version: 4.0.5 - missing functions: none
symbol engine: initialized successfully - sym options: 0x614 - pdb path: .;C:\Program Files\Java\jdk-11.0.13\bin;C:\Windows\SYSTEM32;C:\Windows\WinSxS\amd64_microsoft.windows.common-controls_6595b64144ccf1df_6.0.19041.1110_none_60b5254171f9507e;C:\Program Files\Java\jdk-11.0.13\bin\server;C:\Program Files\JetBrains\IntelliJ IDEA Community Edition 2021.2.3\bin;C:\hadoop\bin

VM Arguments:
jvm_args: -javaagent:C:\Program Files\JetBrains\IntelliJ IDEA Community Edition 2021.2.3\lib\idea_rt.jar=49340:C:\Program Files\JetBrains\IntelliJ IDEA Community Edition 2021.2.3\bin -Dfile.encoding=UTF-8 
java_command: Main
java_class_path (initial): C:\Users\Korey\IdeaProjects\RevatureP1\target\scala-2.13\classes;C:\Users\Korey\AppData\Local\Coursier\cache\v1\https\repo1.maven.org\maven2\com\clearspring\analytics\stream\2.9.6\stream-2.9.6.jar;C:\Users\Korey\AppData\Local\Coursier\cache\v1\https\repo1.maven.org\maven2\com\esotericsoftware\kryo-shaded\4.0.2\kryo-shaded-4.0.2.jar;C:\Users\Korey\AppData\Local\Coursier\cache\v1\https\repo1.maven.org\maven2\com\esotericsoftware\minlog\1.3.0\minlog-1.3.0.jar;C:\Users\Korey\AppData\Local\Coursier\cache\v1\https\repo1.maven.org\maven2\com\fasterxml\jackson\core\jackson-annotations\2.12.3\jackson-annotations-2.12.3.jar;C:\Users\Korey\AppData\Local\Coursier\cache\v1\https\repo1.maven.org\maven2\com\fasterxml\jackson\core\jackson-core\2.12.3\jackson-core-2.12.3.jar;C:\Users\Korey\AppData\Local\Coursier\cache\v1\https\repo1.maven.org\maven2\com\fasterxml\jackson\core\jackson-databind\2.12.3\jackson-databind-2.12.3.jar;C:\Users\Korey\AppData\Local\Coursier\cache\v1\https\repo1.maven.org\maven2\com\fasterxml\jackson\module\jackson-module-scala_2.13\2.12.3\jackson-module-scala_2.13-2.12.3.jar;C:\Users\Korey\AppData\Local\Coursier\cache\v1\https\repo1.maven.org\maven2\com\github\joshelser\dropwizard-metrics-hadoop-metrics2-reporter\0.1.2\dropwizard-metrics-hadoop-metrics2-reporter-0.1.2.jar;C:\Users\Korey\AppData\Local\Coursier\cache\v1\https\repo1.maven.org\maven2\com\github\luben\zstd-jni\1.5.0-4\zstd-jni-1.5.0-4.jar;C:\Users\Korey\AppData\Local\Coursier\cache\v1\https\repo1.maven.org\maven2\com\google\code\findbugs\jsr305\3.0.2\jsr305-3.0.2.jar;C:\Users\Korey\AppData\Local\Coursier\cache\v1\https\repo1.maven.org\maven2\com\google\code\gson\gson\2.8.6\gson-2.8.6.jar;C:\Users\Korey\AppData\Local\Coursier\cache\v1\https\repo1.maven.org\maven2\com\google\crypto\tink\tink\1.6.0\tink-1.6.0.jar;C:\Users\Korey\AppData\Local\Coursier\cache\v1\https\repo1.maven.org\maven2\com\google\flatbuffers\flatbuffers-java\1.9.0\flatbuffers-java-1.9.0.jar;C:\Users\Kor
Launcher Type: SUN_STANDARD

[Global flags]
     intx CICompilerCount                          = 3                                         {product} {ergonomic}
     uint ConcGCThreads                            = 1                                         {product} {ergonomic}
     uint G1ConcRefinementThreads                  = 4                                         {product} {ergonomic}
   size_t G1HeapRegionSize                         = 1048576                                   {product} {ergonomic}
    uintx GCDrainStackTargetSize                   = 64                                        {product} {ergonomic}
   size_t InitialHeapSize                          = 134217728                                 {product} {ergonomic}
   size_t MarkStackSize                            = 4194304                                   {product} {ergonomic}
   size_t MaxHeapSize                              = 2122317824                                {product} {ergonomic}
   size_t MaxNewSize                               = 1272971264                                {product} {ergonomic}
   size_t MinHeapDeltaBytes                        = 1048576                                   {product} {ergonomic}
    uintx NonNMethodCodeHeapSize                   = 5830732                                {pd product} {ergonomic}
    uintx NonProfiledCodeHeapSize                  = 122913754                              {pd product} {ergonomic}
    uintx ProfiledCodeHeapSize                     = 122913754                              {pd product} {ergonomic}
    uintx ReservedCodeCacheSize                    = 251658240                              {pd product} {ergonomic}
     bool SegmentedCodeCache                       = true                                      {product} {ergonomic}
     bool UseCompressedClassPointers               = true                                 {lp64_product} {ergonomic}
     bool UseCompressedOops                        = true                                 {lp64_product} {ergonomic}
     bool UseG1GC                                  = true                                      {product} {ergonomic}
     bool UseLargePagesIndividualAllocation        = false                                  {pd product} {ergonomic}

Logging:
Log output configuration:
 #0: stdout all=warning uptime,level,tags
 #1: stderr all=off uptime,level,tags

Environment Variables:
PATH=C:\Program Files\Common Files\Oracle\Java\javapath;C:\Program Files (x86)\Intel\iCLS Client\;C:\Program Files\Intel\iCLS Client\;C:\Windows\system32;C:\Windows;C:\Windows\System32\Wbem;C:\Windows\System32\WindowsPowerShell\v1.0\;C:\Windows\System32\OpenSSH\;C:\Program Files (x86)\sbt\bin;C:\Program Files (x86)\scala\bin;C:\Program Files\Git\cmd;C:\hadoop\bin;C:\spark-3.2.0-bin-hadoop3.2\bin;C:\Program Files\MySQL\MySQL Shell 8.0\bin\;C:\Users\Korey\AppData\Local\Microsoft\WindowsApps;;C:\Program Files\JetBrains\IntelliJ IDEA Community Edition 2021.2.3\bin;
USERNAME=Korey
OS=Windows_NT
PROCESSOR_IDENTIFIER=Intel64 Family 6 Model 61 Stepping 4, GenuineIntel



---------------  S Y S T E M  ---------------

OS: Windows 10 , 64 bit Build 19041 (10.0.19041.1320)
Hyper-V role detected

CPU:total 4 (initial active 4) (2 cores per cpu, 2 threads per core) family 6 model 61 stepping 4 microcode 0x2f, cmov, cx8, fxsr, mmx, sse, sse2, sse3, ssse3, sse4.1, sse4.2, popcnt, avx, avx2, aes, clmul, erms, 3dnowpref, lzcnt, ht, tsc, tscinvbit, bmi1, bmi2, adx, fma

Memory: 4k page, system-wide physical 8094M (973M free)
TotalPageFile size 10142M (AvailPageFile size 5M)
current process WorkingSet (physical memory assigned to process): 459M, peak: 461M
current process commit charge ("private bytes"): 516M, peak: 517M

vm_info: Java HotSpot(TM) 64-Bit Server VM (11.0.13+10-LTS-370) for windows-amd64 JRE (11.0.13+10-LTS-370), built on Sep 15 2021 22:10:36 by "mach5one" with MS VC++ 15.9 (VS2017)

END.
