#
# There is insufficient memory for the Java Runtime Environment to continue.
# Native memory allocation (malloc) failed to allocate 1604336 bytes for Chunk::new
# Possible reasons:
#   The system is out of physical RAM or swap space
#   The process is running with CompressedOops enabled, and the Java Heap may be blocking the growth of the native heap
# Possible solutions:
#   Reduce memory load on the system
#   Increase physical memory or swap space
#   Check if swap backing store is full
#   Decrease Java heap size (-Xmx/-Xms)
#   Decrease number of Java threads
#   Decrease Java thread stack sizes (-Xss)
#   Set larger code cache with -XX:ReservedCodeCacheSize=
#   JVM is running with Unscaled Compressed Oops mode in which the Java heap is
#     placed in the first 4GB address space. The Java Heap base address is the
#     maximum limit for the native heap growth. Please use -XX:HeapBaseMinAddress
#     to set the Java Heap base and to place the Java Heap above 4GB virtual address.
# This output file may be truncated or incomplete.
#
#  Out of Memory Error (./open/src/hotspot/share/memory/arena.cpp:197), pid=3220, tid=12440
#
# JRE version: Java(TM) SE Runtime Environment 18.9 (11.0.13+10) (build 11.0.13+10-LTS-370)
# Java VM: Java HotSpot(TM) 64-Bit Server VM 18.9 (11.0.13+10-LTS-370, mixed mode, tiered, compressed oops, g1 gc, windows-amd64)
# No core dump will be written. Minidumps are not enabled by default on client versions of Windows
#

---------------  S U M M A R Y ------------

Command Line: -javaagent:C:\Program Files\JetBrains\IntelliJ IDEA Community Edition 2021.2.3\lib\idea_rt.jar=50920:C:\Program Files\JetBrains\IntelliJ IDEA Community Edition 2021.2.3\bin -Dfile.encoding=UTF-8 Main

Host: Intel(R) Core(TM) i5-5257U CPU @ 2.70GHz, 4 cores, 7G,  Windows 10 , 64 bit Build 19041 (10.0.19041.1320)
Time: Thu Nov 11 12:08:34 2021 Pacific Standard Time elapsed time: 22.714057 seconds (0d 0h 0m 22s)

---------------  T H R E A D  ---------------

Current thread (0x000001ec64e06800):  JavaThread "C2 CompilerThread1" daemon [_thread_in_native, id=12440, stack(0x000000aff6e00000,0x000000aff6f00000)]


Current CompileTask:
C2:  22714 10686       4       jdk.internal.org.objectweb.asm.Frame::execute (2264 bytes)

Stack: [0x000000aff6e00000,0x000000aff6f00000]
Native frames: (J=compiled Java code, j=interpreted, Vv=VM code, C=native code)
V  [jvm.dll+0x62870a]
V  [jvm.dll+0x761f2f]
V  [jvm.dll+0x7635d9]
V  [jvm.dll+0x763c63]
V  [jvm.dll+0x23d728]
V  [jvm.dll+0xb293c]
V  [jvm.dll+0xb2efc]
V  [jvm.dll+0x3408b7]
V  [jvm.dll+0x30e603]
V  [jvm.dll+0x30d94a]
V  [jvm.dll+0x1f8255]
V  [jvm.dll+0x1f743d]
V  [jvm.dll+0x177991]
V  [jvm.dll+0x206d84]
V  [jvm.dll+0x204ebb]
V  [jvm.dll+0x727e70]
V  [jvm.dll+0x720a54]
V  [jvm.dll+0x627606]
C  [ucrtbase.dll+0x21bb2]
C  [KERNEL32.DLL+0x17034]
C  [ntdll.dll+0x52651]


---------------  P R O C E S S  ---------------

Threads class SMR info:
_java_thread_list=0x000001ec680ab850, length=59, elements={
0x000001ec3f88d000, 0x000001ec5ee0a800, 0x000001ec5ee16000, 0x000001ec5ee20000,
0x000001ec5ee21000, 0x000001ec5ee22000, 0x000001ec5ee25800, 0x000001ec5ee4d800,
0x000001ec5f6de000, 0x000001ec5f943800, 0x000001ec5fc1f000, 0x000001ec5fa4d800,
0x000001ec612d8000, 0x000001ec61237800, 0x000001ec62ee5800, 0x000001ec63206800,
0x000001ec63325800, 0x000001ec606f6800, 0x000001ec62f98800, 0x000001ec6043b800,
0x000001ec60438800, 0x000001ec60436000, 0x000001ec6043b000, 0x000001ec60439000,
0x000001ec60437800, 0x000001ec6043c800, 0x000001ec6043a000, 0x000001ec60436800,
0x000001ec628a3800, 0x000001ec628a1000, 0x000001ec628a2000, 0x000001ec628a5000,
0x000001ec628a0800, 0x000001ec628a7000, 0x000001ec628a4800, 0x000001ec628a7800,
0x000001ec628a8800, 0x000001ec628a6000, 0x000001ec628a2800, 0x000001ec628ac800,
0x000001ec628aa000, 0x000001ec628ad800, 0x000001ec628ae000, 0x000001ec628af000,
0x000001ec628ab800, 0x000001ec628a9800, 0x000001ec628ab000, 0x000001ec6309b800,
0x000001ec6309a800, 0x000001ec6309c800, 0x000001ec63096800, 0x000001ec6309d000,
0x000001ec63097800, 0x000001ec6309e000, 0x000001ec630a3800, 0x000001ec6309f800,
0x000001ec630a1000, 0x000001ec64e06800, 0x000001ec630a2000
}

Java Threads: ( => current thread )
  0x000001ec3f88d000 JavaThread "main" [_thread_blocked, id=1472, stack(0x000000aff3400000,0x000000aff3500000)]
  0x000001ec5ee0a800 JavaThread "Reference Handler" daemon [_thread_blocked, id=5948, stack(0x000000aff3b00000,0x000000aff3c00000)]
  0x000001ec5ee16000 JavaThread "Finalizer" daemon [_thread_blocked, id=12652, stack(0x000000aff3c00000,0x000000aff3d00000)]
  0x000001ec5ee20000 JavaThread "Signal Dispatcher" daemon [_thread_blocked, id=3612, stack(0x000000aff3d00000,0x000000aff3e00000)]
  0x000001ec5ee21000 JavaThread "Attach Listener" daemon [_thread_blocked, id=10984, stack(0x000000aff3e00000,0x000000aff3f00000)]
  0x000001ec5ee22000 JavaThread "Service Thread" daemon [_thread_blocked, id=11852, stack(0x000000aff3f00000,0x000000aff4000000)]
  0x000001ec5ee25800 JavaThread "C2 CompilerThread0" daemon [_thread_in_native, id=1504, stack(0x000000aff4000000,0x000000aff4100000)]
  0x000001ec5ee4d800 JavaThread "C1 CompilerThread0" daemon [_thread_blocked, id=2604, stack(0x000000aff4100000,0x000000aff4200000)]
  0x000001ec5f6de000 JavaThread "Sweeper thread" daemon [_thread_blocked, id=11836, stack(0x000000aff4200000,0x000000aff4300000)]
  0x000001ec5f943800 JavaThread "Common-Cleaner" daemon [_thread_blocked, id=9884, stack(0x000000aff4300000,0x000000aff4400000)]
  0x000001ec5fc1f000 JavaThread "Monitor Ctrl-Break" daemon [_thread_in_native, id=11908, stack(0x000000aff4400000,0x000000aff4500000)]
  0x000001ec5fa4d800 JavaThread "mysql-cj-abandoned-connection-cleanup" daemon [_thread_blocked, id=10488, stack(0x000000aff4600000,0x000000aff4700000)]
  0x000001ec612d8000 JavaThread "rpc-boss-3-1" daemon [_thread_in_native, id=7876, stack(0x000000aff4700000,0x000000aff4800000)]
  0x000001ec61237800 JavaThread "dispatcher-event-loop-0" daemon [_thread_blocked, id=8824, stack(0x000000aff4a00000,0x000000aff4b00000)]
  0x000001ec62ee5800 JavaThread "dispatcher-event-loop-1" daemon [_thread_blocked, id=5972, stack(0x000000aff4b00000,0x000000aff4c00000)]
  0x000001ec63206800 JavaThread "map-output-dispatcher-0" daemon [_thread_blocked, id=11956, stack(0x000000aff4c00000,0x000000aff4d00000)]
  0x000001ec63325800 JavaThread "map-output-dispatcher-1" daemon [_thread_blocked, id=3316, stack(0x000000aff4d00000,0x000000aff4e00000)]
  0x000001ec606f6800 JavaThread "map-output-dispatcher-2" daemon [_thread_blocked, id=12880, stack(0x000000aff4e00000,0x000000aff4f00000)]
  0x000001ec62f98800 JavaThread "map-output-dispatcher-3" daemon [_thread_blocked, id=10772, stack(0x000000aff4f00000,0x000000aff5000000)]
  0x000001ec6043b800 JavaThread "map-output-dispatcher-4" daemon [_thread_blocked, id=6068, stack(0x000000aff5000000,0x000000aff5100000)]
  0x000001ec60438800 JavaThread "map-output-dispatcher-5" daemon [_thread_blocked, id=7256, stack(0x000000aff5100000,0x000000aff5200000)]
  0x000001ec60436000 JavaThread "map-output-dispatcher-6" daemon [_thread_blocked, id=1788, stack(0x000000aff5200000,0x000000aff5300000)]
  0x000001ec6043b000 JavaThread "map-output-dispatcher-7" daemon [_thread_blocked, id=12204, stack(0x000000aff5300000,0x000000aff5400000)]
  0x000001ec60439000 JavaThread "dispatcher-BlockManagerMaster" daemon [_thread_blocked, id=8956, stack(0x000000aff5400000,0x000000aff5500000)]
  0x000001ec60437800 JavaThread "dispatcher-BlockManagerEndpoint1" daemon [_thread_blocked, id=3780, stack(0x000000aff5600000,0x000000aff5700000)]
  0x000001ec6043c800 JavaThread "RemoteBlock-temp-file-clean-thread" daemon [_thread_blocked, id=6728, stack(0x000000aff5700000,0x000000aff5800000)]
  0x000001ec6043a000 JavaThread "SparkUI-31" daemon [_thread_in_native, id=8812, stack(0x000000aff5800000,0x000000aff5900000)]
  0x000001ec60436800 JavaThread "SparkUI-32" daemon [_thread_blocked, id=5784, stack(0x000000aff5900000,0x000000aff5a00000)]
  0x000001ec628a3800 JavaThread "SparkUI-33" daemon [_thread_blocked, id=9356, stack(0x000000aff5a00000,0x000000aff5b00000)]
  0x000001ec628a1000 JavaThread "SparkUI-34" daemon [_thread_blocked, id=8380, stack(0x000000aff5b00000,0x000000aff5c00000)]
  0x000001ec628a2000 JavaThread "SparkUI-35" daemon [_thread_blocked, id=11816, stack(0x000000aff5c00000,0x000000aff5d00000)]
  0x000001ec628a5000 JavaThread "SparkUI-36" daemon [_thread_blocked, id=12508, stack(0x000000aff5d00000,0x000000aff5e00000)]
  0x000001ec628a0800 JavaThread "SparkUI-37-acceptor-0@1af17f2b-Spark@14369205{HTTP/1.1, (http/1.1)}{0.0.0.0:4040}" daemon [_thread_in_native, id=11268, stack(0x000000aff5e00000,0x000000aff5f00000)]
  0x000001ec628a7000 JavaThread "SparkUI-38" daemon [_thread_in_native, id=9488, stack(0x000000aff5f00000,0x000000aff6000000)]
  0x000001ec628a4800 JavaThread "heartbeat-receiver-event-loop-thread" daemon [_thread_blocked, id=4836, stack(0x000000aff6000000,0x000000aff6100000)]
  0x000001ec628a7800 JavaThread "task-starvation-timer" daemon [_thread_blocked, id=11452, stack(0x000000aff6100000,0x000000aff6200000)]
  0x000001ec628a8800 JavaThread "task-abort-timer" daemon [_thread_blocked, id=13060, stack(0x000000aff6200000,0x000000aff6300000)]
  0x000001ec628a6000 JavaThread "netty-rpc-env-timeout" daemon [_thread_blocked, id=12512, stack(0x000000aff6300000,0x000000aff6400000)]
  0x000001ec628a2800 JavaThread "dag-scheduler-event-loop" daemon [_thread_blocked, id=11460, stack(0x000000aff6400000,0x000000aff6500000)]
  0x000001ec628ac800 JavaThread "driver-heartbeater" daemon [_thread_blocked, id=9624, stack(0x000000aff5500000,0x000000aff5600000)]
  0x000001ec628aa000 JavaThread "executor-heartbeater" daemon [_thread_blocked, id=12768, stack(0x000000aff6500000,0x000000aff6600000)]
  0x000001ec628ad800 JavaThread "shuffle-boss-6-1" daemon [_thread_in_native, id=11012, stack(0x000000aff6600000,0x000000aff6700000)]
  0x000001ec628ae000 JavaThread "Spark Context Cleaner" daemon [_thread_blocked, id=3012, stack(0x000000aff6700000,0x000000aff6800000)]
  0x000001ec628af000 JavaThread "context-cleaner-periodic-gc" daemon [_thread_blocked, id=4308, stack(0x000000aff6800000,0x000000aff6900000)]
  0x000001ec628ab800 JavaThread "spark-listener-group-appStatus" daemon [_thread_blocked, id=9688, stack(0x000000aff6900000,0x000000aff6a00000)]
  0x000001ec628a9800 JavaThread "spark-listener-group-executorManagement" daemon [_thread_blocked, id=12960, stack(0x000000aff6a00000,0x000000aff6b00000)]
  0x000001ec628ab000 JavaThread "element-tracking-store-worker" daemon [_thread_blocked, id=9000, stack(0x000000aff6c00000,0x000000aff6d00000)]
  0x000001ec6309b800 JavaThread "spark-listener-group-shared" daemon [_thread_blocked, id=8628, stack(0x000000aff6d00000,0x000000aff6e00000)]
  0x000001ec6309a800 JavaThread "org.apache.hadoop.fs.FileSystem$Statistics$StatisticsDataReferenceCleaner" daemon [_thread_blocked, id=8664, stack(0x000000aff6b00000,0x000000aff6c00000)]
  0x000001ec6309c800 JavaThread "Timer-0" daemon [_thread_blocked, id=7248, stack(0x000000aff6f00000,0x000000aff7000000)]
  0x000001ec63096800 JavaThread "derby.rawStoreDaemon" daemon [_thread_blocked, id=3120, stack(0x000000aff7000000,0x000000aff7100000)]
  0x000001ec6309d000 JavaThread "com.google.common.base.internal.Finalizer" daemon [_thread_blocked, id=12488, stack(0x000000aff7100000,0x000000aff7200000)]
  0x000001ec63097800 JavaThread "BoneCP-keep-alive-scheduler" daemon [_thread_blocked, id=8616, stack(0x000000aff7200000,0x000000aff7300000)]
  0x000001ec6309e000 JavaThread "BoneCP-pool-watch-thread" daemon [_thread_blocked, id=10832, stack(0x000000aff7300000,0x000000aff7400000)]
  0x000001ec630a3800 JavaThread "com.google.common.base.internal.Finalizer" daemon [_thread_blocked, id=5024, stack(0x000000aff7400000,0x000000aff7500000)]
  0x000001ec6309f800 JavaThread "BoneCP-keep-alive-scheduler" daemon [_thread_blocked, id=3064, stack(0x000000aff7500000,0x000000aff7600000)]
  0x000001ec630a1000 JavaThread "BoneCP-pool-watch-thread" daemon [_thread_blocked, id=1536, stack(0x000000aff7600000,0x000000aff7700000)]
=>0x000001ec64e06800 JavaThread "C2 CompilerThread1" daemon [_thread_in_native, id=12440, stack(0x000000aff6e00000,0x000000aff6f00000)]
  0x000001ec630a2000 JavaThread "Executor task launch worker for task 0.0 in stage 0.0 (TID 0)" daemon [_thread_in_native, id=2852, stack(0x000000aff7700000,0x000000aff7800000)]

Other Threads:
  0x000001ec5ee05000 VMThread "VM Thread" [stack: 0x000000aff3a00000,0x000000aff3b00000] [id=10296]
  0x000001ec6034c800 WatcherThread [stack: 0x000000aff4500000,0x000000aff4600000] [id=4384]
  0x000001ec3f8a5000 GCTaskThread "GC Thread#0" [stack: 0x000000aff3500000,0x000000aff3600000] [id=7032]
  0x000001ec603b5800 GCTaskThread "GC Thread#1" [stack: 0x000000aff4800000,0x000000aff4900000] [id=10704]
  0x000001ec603bb800 GCTaskThread "GC Thread#2" [stack: 0x000000aff4900000,0x000000aff4a00000] [id=8976]
  0x000001ec3f8d6000 ConcurrentGCThread "G1 Main Marker" [stack: 0x000000aff3600000,0x000000aff3700000] [id=9316]
  0x000001ec3f8d7800 ConcurrentGCThread "G1 Conc#0" [stack: 0x000000aff3700000,0x000000aff3800000] [id=4696]
  0x000001ec5ec6a800 ConcurrentGCThread "G1 Refine#0" [stack: 0x000000aff3800000,0x000000aff3900000] [id=7948]
  0x000001ec5ec6b800 ConcurrentGCThread "G1 Young RemSet Sampling" [stack: 0x000000aff3900000,0x000000aff3a00000] [id=9028]

Threads with active compile tasks:
C2 CompilerThread0  22766 10720       4       java.io.WinNTFileSystem::normalize (224 bytes)
C2 CompilerThread1  22766 10686       4       jdk.internal.org.objectweb.asm.Frame::execute (2264 bytes)

VM state:not at safepoint (normal execution)

VM Mutex/Monitor currently owned by a thread: None

Heap address: 0x0000000081800000, size: 2024 MB, Compressed Oops mode: 32-bit
Narrow klass base: 0x0000000000000000, Narrow klass shift: 3
Compressed class space size: 1073741824 Address: 0x0000000100000000

Heap:
 garbage-first heap   total 157696K, used 66900K [0x0000000081800000, 0x0000000100000000)
  region size 1024K, 19 young (19456K), 8 survivors (8192K)
 Metaspace       used 137568K, capacity 145343K, committed 145532K, reserved 1171456K
  class space    used 17809K, capacity 22682K, committed 22784K, reserved 1048576K
Heap Regions: E=young(eden), S=young(survivor), O=old, HS=humongous(starts), HC=humongous(continues), CS=collection set, F=free, A=archive, TAMS=top-at-mark-start (previous, next)
|   0|0x0000000081800000, 0x0000000081900000, 0x0000000081900000|100%|HS|  |TAMS 0x0000000081900000, 0x0000000081800000| Complete 
|   1|0x0000000081900000, 0x0000000081a00000, 0x0000000081a00000|100%|HC|  |TAMS 0x0000000081a00000, 0x0000000081900000| Complete 
|   2|0x0000000081a00000, 0x0000000081b00000, 0x0000000081b00000|100%|HS|  |TAMS 0x0000000081b00000, 0x0000000081a00000| Complete 
|   3|0x0000000081b00000, 0x0000000081c00000, 0x0000000081c00000|100%|HC|  |TAMS 0x0000000081c00000, 0x0000000081b00000| Complete 
|   4|0x0000000081c00000, 0x0000000081d00000, 0x0000000081d00000|100%|HC|  |TAMS 0x0000000081d00000, 0x0000000081c00000| Complete 
|   5|0x0000000081d00000, 0x0000000081e00000, 0x0000000081e00000|100%|HS|  |TAMS 0x0000000081e00000, 0x0000000081d00000| Complete 
|   6|0x0000000081e00000, 0x0000000081f00000, 0x0000000081f00000|100%|HS|  |TAMS 0x0000000081f00000, 0x0000000081e00000| Complete 
|   7|0x0000000081f00000, 0x0000000082000000, 0x0000000082000000|100%| O|  |TAMS 0x0000000082000000, 0x0000000081f00000| Untracked 
|   8|0x0000000082000000, 0x0000000082100000, 0x0000000082100000|100%| O|  |TAMS 0x0000000082100000, 0x0000000082000000| Untracked 
|   9|0x0000000082100000, 0x0000000082200000, 0x0000000082200000|100%| O|  |TAMS 0x0000000082200000, 0x0000000082100000| Untracked 
|  10|0x0000000082200000, 0x0000000082300000, 0x0000000082300000|100%| O|  |TAMS 0x0000000082300000, 0x0000000082200000| Untracked 
|  11|0x0000000082300000, 0x0000000082400000, 0x0000000082400000|100%| O|  |TAMS 0x0000000082400000, 0x0000000082300000| Untracked 
|  12|0x0000000082400000, 0x0000000082500000, 0x0000000082500000|100%| O|  |TAMS 0x0000000082500000, 0x0000000082400000| Untracked 
|  13|0x0000000082500000, 0x0000000082600000, 0x0000000082600000|100%| O|  |TAMS 0x0000000082600000, 0x0000000082500000| Untracked 
|  14|0x0000000082600000, 0x0000000082700000, 0x0000000082700000|100%| O|  |TAMS 0x0000000082700000, 0x0000000082600000| Untracked 
|  15|0x0000000082700000, 0x0000000082800000, 0x0000000082800000|100%| O|  |TAMS 0x0000000082800000, 0x0000000082700000| Untracked 
|  16|0x0000000082800000, 0x0000000082900000, 0x0000000082900000|100%| O|  |TAMS 0x0000000082900000, 0x0000000082800000| Untracked 
|  17|0x0000000082900000, 0x0000000082a00000, 0x0000000082a00000|100%| O|  |TAMS 0x0000000082a00000, 0x0000000082900000| Untracked 
|  18|0x0000000082a00000, 0x0000000082b00000, 0x0000000082b00000|100%| O|  |TAMS 0x0000000082b00000, 0x0000000082a00000| Untracked 
|  19|0x0000000082b00000, 0x0000000082c00000, 0x0000000082c00000|100%| O|  |TAMS 0x0000000082c00000, 0x0000000082b00000| Untracked 
|  20|0x0000000082c00000, 0x0000000082d00000, 0x0000000082d00000|100%| O|  |TAMS 0x0000000082d00000, 0x0000000082c00000| Untracked 
|  21|0x0000000082d00000, 0x0000000082e00000, 0x0000000082e00000|100%| O|  |TAMS 0x0000000082e00000, 0x0000000082d00000| Untracked 
|  22|0x0000000082e00000, 0x0000000082f00000, 0x0000000082f00000|100%| O|  |TAMS 0x0000000082f00000, 0x0000000082e00000| Untracked 
|  23|0x0000000082f00000, 0x0000000083000000, 0x0000000083000000|100%| O|  |TAMS 0x0000000083000000, 0x0000000082f00000| Untracked 
|  24|0x0000000083000000, 0x0000000083100000, 0x0000000083100000|100%| O|  |TAMS 0x0000000083100000, 0x0000000083000000| Untracked 
|  25|0x0000000083100000, 0x0000000083200000, 0x0000000083200000|100%| O|  |TAMS 0x0000000083200000, 0x0000000083100000| Untracked 
|  26|0x0000000083200000, 0x0000000083300000, 0x0000000083300000|100%| O|  |TAMS 0x0000000083300000, 0x0000000083200000| Untracked 
|  27|0x0000000083300000, 0x0000000083400000, 0x0000000083400000|100%| O|  |TAMS 0x0000000083400000, 0x0000000083300000| Untracked 
|  28|0x0000000083400000, 0x0000000083500000, 0x0000000083500000|100%| O|  |TAMS 0x0000000083500000, 0x0000000083400000| Untracked 
|  29|0x0000000083500000, 0x0000000083600000, 0x0000000083600000|100%| O|  |TAMS 0x0000000083600000, 0x0000000083500000| Untracked 
|  30|0x0000000083600000, 0x0000000083700000, 0x0000000083700000|100%| O|  |TAMS 0x0000000083700000, 0x0000000083600000| Untracked 
|  31|0x0000000083700000, 0x0000000083800000, 0x0000000083800000|100%| O|  |TAMS 0x0000000083800000, 0x0000000083700000| Untracked 
|  32|0x0000000083800000, 0x0000000083900000, 0x0000000083900000|100%| O|  |TAMS 0x0000000083900000, 0x0000000083800000| Untracked 
|  33|0x0000000083900000, 0x0000000083a00000, 0x0000000083a00000|100%| O|  |TAMS 0x0000000083a00000, 0x0000000083900000| Untracked 
|  34|0x0000000083a00000, 0x0000000083b00000, 0x0000000083b00000|100%| O|  |TAMS 0x0000000083b00000, 0x0000000083a00000| Untracked 
|  35|0x0000000083b00000, 0x0000000083c00000, 0x0000000083c00000|100%| O|  |TAMS 0x0000000083c00000, 0x0000000083b00000| Untracked 
|  36|0x0000000083c00000, 0x0000000083d00000, 0x0000000083d00000|100%| O|  |TAMS 0x0000000083d00000, 0x0000000083c00000| Untracked 
|  37|0x0000000083d00000, 0x0000000083e00000, 0x0000000083e00000|100%| O|  |TAMS 0x0000000083e00000, 0x0000000083d00000| Untracked 
|  38|0x0000000083e00000, 0x0000000083f00000, 0x0000000083f00000|100%| O|  |TAMS 0x0000000083f00000, 0x0000000083e00000| Untracked 
|  39|0x0000000083f00000, 0x0000000084000000, 0x0000000084000000|100%| O|  |TAMS 0x0000000084000000, 0x0000000083f00000| Untracked 
|  40|0x0000000084000000, 0x0000000084100000, 0x0000000084100000|100%| O|  |TAMS 0x0000000084100000, 0x0000000084000000| Untracked 
|  41|0x0000000084100000, 0x0000000084200000, 0x0000000084200000|100%| O|  |TAMS 0x0000000084200000, 0x0000000084100000| Untracked 
|  42|0x0000000084200000, 0x0000000084300000, 0x0000000084300000|100%| O|  |TAMS 0x0000000084300000, 0x0000000084200000| Untracked 
|  43|0x0000000084300000, 0x0000000084400000, 0x0000000084400000|100%| O|  |TAMS 0x0000000084375400, 0x0000000084300000| Untracked 
|  44|0x0000000084400000, 0x0000000084400000, 0x0000000084500000|  0%| F|  |TAMS 0x0000000084400000, 0x0000000084400000| Untracked 
|  45|0x0000000084500000, 0x0000000084500000, 0x0000000084600000|  0%| F|  |TAMS 0x0000000084500000, 0x0000000084500000| Untracked 
|  46|0x0000000084600000, 0x0000000084600000, 0x0000000084700000|  0%| F|  |TAMS 0x0000000084600000, 0x0000000084600000| Untracked 
|  47|0x0000000084700000, 0x0000000084700000, 0x0000000084800000|  0%| F|  |TAMS 0x0000000084700000, 0x0000000084700000| Untracked 
|  48|0x0000000084800000, 0x0000000084800000, 0x0000000084900000|  0%| F|  |TAMS 0x0000000084800000, 0x0000000084800000| Untracked 
|  49|0x0000000084900000, 0x0000000084900000, 0x0000000084a00000|  0%| F|  |TAMS 0x0000000084900000, 0x0000000084900000| Untracked 
|  50|0x0000000084a00000, 0x0000000084a00000, 0x0000000084b00000|  0%| F|  |TAMS 0x0000000084a00000, 0x0000000084a00000| Untracked 
|  51|0x0000000084b00000, 0x0000000084b00000, 0x0000000084c00000|  0%| F|  |TAMS 0x0000000084b00000, 0x0000000084b00000| Untracked 
|  52|0x0000000084c00000, 0x0000000084c00000, 0x0000000084d00000|  0%| F|  |TAMS 0x0000000084c00000, 0x0000000084c00000| Untracked 
|  53|0x0000000084d00000, 0x0000000084d00000, 0x0000000084e00000|  0%| F|  |TAMS 0x0000000084d00000, 0x0000000084d00000| Untracked 
|  54|0x0000000084e00000, 0x0000000084f00000, 0x0000000084f00000|100%| O|  |TAMS 0x0000000084e00000, 0x0000000084e00000| Untracked 
|  55|0x0000000084f00000, 0x0000000085000000, 0x0000000085000000|100%| O|  |TAMS 0x0000000084f00000, 0x0000000084f00000| Untracked 
|  56|0x0000000085000000, 0x0000000085100000, 0x0000000085100000|100%| O|  |TAMS 0x0000000085000000, 0x0000000085000000| Untracked 
|  57|0x0000000085100000, 0x0000000085173800, 0x0000000085200000| 45%| O|  |TAMS 0x0000000085100000, 0x0000000085100000| Untracked 
|  58|0x0000000085200000, 0x0000000085200000, 0x0000000085300000|  0%| F|  |TAMS 0x0000000085200000, 0x0000000085200000| Untracked 
|  59|0x0000000085300000, 0x0000000085300000, 0x0000000085400000|  0%| F|  |TAMS 0x0000000085300000, 0x0000000085300000| Untracked 
|  60|0x0000000085400000, 0x0000000085400000, 0x0000000085500000|  0%| F|  |TAMS 0x0000000085400000, 0x0000000085400000| Untracked 
|  61|0x0000000085500000, 0x0000000085500000, 0x0000000085600000|  0%| F|  |TAMS 0x0000000085500000, 0x0000000085500000| Untracked 
|  62|0x0000000085600000, 0x0000000085600000, 0x0000000085700000|  0%| F|  |TAMS 0x0000000085600000, 0x0000000085600000| Untracked 
|  63|0x0000000085700000, 0x0000000085700000, 0x0000000085800000|  0%| F|  |TAMS 0x0000000085700000, 0x0000000085700000| Untracked 
|  64|0x0000000085800000, 0x0000000085800000, 0x0000000085900000|  0%| F|  |TAMS 0x0000000085800000, 0x0000000085800000| Untracked 
|  65|0x0000000085900000, 0x0000000085900000, 0x0000000085a00000|  0%| F|  |TAMS 0x0000000085900000, 0x0000000085900000| Untracked 
|  66|0x0000000085a00000, 0x0000000085a00000, 0x0000000085b00000|  0%| F|  |TAMS 0x0000000085a00000, 0x0000000085a00000| Untracked 
|  67|0x0000000085b00000, 0x0000000085b00000, 0x0000000085c00000|  0%| F|  |TAMS 0x0000000085b00000, 0x0000000085b00000| Untracked 
|  68|0x0000000085c00000, 0x0000000085c00000, 0x0000000085d00000|  0%| F|  |TAMS 0x0000000085c00000, 0x0000000085c00000| Untracked 
|  69|0x0000000085d00000, 0x0000000085d00000, 0x0000000085e00000|  0%| F|  |TAMS 0x0000000085d00000, 0x0000000085d00000| Untracked 
|  70|0x0000000085e00000, 0x0000000085e00000, 0x0000000085f00000|  0%| F|  |TAMS 0x0000000085e00000, 0x0000000085e00000| Untracked 
|  71|0x0000000085f00000, 0x0000000085fe1860, 0x0000000086000000| 88%| S|CS|TAMS 0x0000000085f00000, 0x0000000085f00000| Complete 
|  72|0x0000000086000000, 0x0000000086100000, 0x0000000086100000|100%| S|CS|TAMS 0x0000000086000000, 0x0000000086000000| Complete 
|  73|0x0000000086100000, 0x0000000086100000, 0x0000000086200000|  0%| F|  |TAMS 0x0000000086100000, 0x0000000086100000| Untracked 
|  74|0x0000000086200000, 0x0000000086200000, 0x0000000086300000|  0%| F|  |TAMS 0x0000000086200000, 0x0000000086200000| Untracked 
|  75|0x0000000086300000, 0x0000000086300000, 0x0000000086400000|  0%| F|  |TAMS 0x0000000086300000, 0x0000000086300000| Untracked 
|  76|0x0000000086400000, 0x0000000086400000, 0x0000000086500000|  0%| F|  |TAMS 0x0000000086400000, 0x0000000086400000| Untracked 
|  77|0x0000000086500000, 0x0000000086500000, 0x0000000086600000|  0%| F|  |TAMS 0x0000000086500000, 0x0000000086500000| Untracked 
|  78|0x0000000086600000, 0x0000000086600000, 0x0000000086700000|  0%| F|  |TAMS 0x0000000086600000, 0x0000000086600000| Untracked 
|  79|0x0000000086700000, 0x0000000086700000, 0x0000000086800000|  0%| F|  |TAMS 0x0000000086700000, 0x0000000086700000| Untracked 
|  80|0x0000000086800000, 0x0000000086800000, 0x0000000086900000|  0%| F|  |TAMS 0x0000000086800000, 0x0000000086800000| Untracked 
|  81|0x0000000086900000, 0x0000000086900000, 0x0000000086a00000|  0%| F|  |TAMS 0x0000000086900000, 0x0000000086900000| Untracked 
|  82|0x0000000086a00000, 0x0000000086b00000, 0x0000000086b00000|100%| S|CS|TAMS 0x0000000086a00000, 0x0000000086a00000| Complete 
|  83|0x0000000086b00000, 0x0000000086c00000, 0x0000000086c00000|100%| S|CS|TAMS 0x0000000086b00000, 0x0000000086b00000| Complete 
|  84|0x0000000086c00000, 0x0000000086d00000, 0x0000000086d00000|100%| S|CS|TAMS 0x0000000086c00000, 0x0000000086c00000| Complete 
|  85|0x0000000086d00000, 0x0000000086e00000, 0x0000000086e00000|100%| S|CS|TAMS 0x0000000086d00000, 0x0000000086d00000| Complete 
|  86|0x0000000086e00000, 0x0000000086f00000, 0x0000000086f00000|100%| S|CS|TAMS 0x0000000086e00000, 0x0000000086e00000| Complete 
|  87|0x0000000086f00000, 0x0000000087000000, 0x0000000087000000|100%| S|CS|TAMS 0x0000000086f00000, 0x0000000086f00000| Complete 
|  88|0x0000000087000000, 0x0000000087000000, 0x0000000087100000|  0%| F|  |TAMS 0x0000000087000000, 0x0000000087000000| Untracked 
|  89|0x0000000087100000, 0x0000000087100000, 0x0000000087200000|  0%| F|  |TAMS 0x0000000087100000, 0x0000000087100000| Untracked 
|  90|0x0000000087200000, 0x0000000087200000, 0x0000000087300000|  0%| F|  |TAMS 0x0000000087200000, 0x0000000087200000| Untracked 
|  91|0x0000000087300000, 0x0000000087300000, 0x0000000087400000|  0%| F|  |TAMS 0x0000000087300000, 0x0000000087300000| Untracked 
|  92|0x0000000087400000, 0x0000000087400000, 0x0000000087500000|  0%| F|  |TAMS 0x0000000087400000, 0x0000000087400000| Untracked 
|  93|0x0000000087500000, 0x0000000087500000, 0x0000000087600000|  0%| F|  |TAMS 0x0000000087500000, 0x0000000087500000| Untracked 
|  94|0x0000000087600000, 0x0000000087600000, 0x0000000087700000|  0%| F|  |TAMS 0x0000000087600000, 0x0000000087600000| Untracked 
|  95|0x0000000087700000, 0x0000000087700000, 0x0000000087800000|  0%| F|  |TAMS 0x0000000087700000, 0x0000000087700000| Untracked 
|  96|0x0000000087800000, 0x0000000087800000, 0x0000000087900000|  0%| F|  |TAMS 0x0000000087800000, 0x0000000087800000| Untracked 
|  97|0x0000000087900000, 0x0000000087900000, 0x0000000087a00000|  0%| F|  |TAMS 0x0000000087900000, 0x0000000087900000| Untracked 
|  98|0x0000000087a00000, 0x0000000087a00000, 0x0000000087b00000|  0%| F|  |TAMS 0x0000000087a00000, 0x0000000087a00000| Untracked 
|  99|0x0000000087b00000, 0x0000000087b00000, 0x0000000087c00000|  0%| F|  |TAMS 0x0000000087b00000, 0x0000000087b00000| Untracked 
| 100|0x0000000087c00000, 0x0000000087c00000, 0x0000000087d00000|  0%| F|  |TAMS 0x0000000087c00000, 0x0000000087c00000| Untracked 
| 101|0x0000000087d00000, 0x0000000087d00000, 0x0000000087e00000|  0%| F|  |TAMS 0x0000000087d00000, 0x0000000087d00000| Untracked 
| 102|0x0000000087e00000, 0x0000000087e00000, 0x0000000087f00000|  0%| F|  |TAMS 0x0000000087e00000, 0x0000000087e00000| Untracked 
| 103|0x0000000087f00000, 0x0000000087f00000, 0x0000000088000000|  0%| F|  |TAMS 0x0000000087f00000, 0x0000000087f00000| Untracked 
| 104|0x0000000088000000, 0x0000000088000000, 0x0000000088100000|  0%| F|  |TAMS 0x0000000088000000, 0x0000000088000000| Untracked 
| 105|0x0000000088100000, 0x0000000088100000, 0x0000000088200000|  0%| F|  |TAMS 0x0000000088100000, 0x0000000088100000| Untracked 
| 106|0x0000000088200000, 0x0000000088200000, 0x0000000088300000|  0%| F|  |TAMS 0x0000000088200000, 0x0000000088200000| Untracked 
| 107|0x0000000088300000, 0x0000000088300000, 0x0000000088400000|  0%| F|  |TAMS 0x0000000088300000, 0x0000000088300000| Untracked 
| 108|0x0000000088400000, 0x0000000088400000, 0x0000000088500000|  0%| F|  |TAMS 0x0000000088400000, 0x0000000088400000| Untracked 
| 109|0x0000000088500000, 0x0000000088500000, 0x0000000088600000|  0%| F|  |TAMS 0x0000000088500000, 0x0000000088500000| Untracked 
| 110|0x0000000088600000, 0x0000000088600000, 0x0000000088700000|  0%| F|  |TAMS 0x0000000088600000, 0x0000000088600000| Untracked 
| 111|0x0000000088700000, 0x0000000088700000, 0x0000000088800000|  0%| F|  |TAMS 0x0000000088700000, 0x0000000088700000| Untracked 
| 112|0x0000000088800000, 0x0000000088800000, 0x0000000088900000|  0%| F|  |TAMS 0x0000000088800000, 0x0000000088800000| Untracked 
| 113|0x0000000088900000, 0x0000000088900000, 0x0000000088a00000|  0%| F|  |TAMS 0x0000000088900000, 0x0000000088900000| Untracked 
| 114|0x0000000088a00000, 0x0000000088a00000, 0x0000000088b00000|  0%| F|  |TAMS 0x0000000088a00000, 0x0000000088a00000| Untracked 
| 115|0x0000000088b00000, 0x0000000088b00000, 0x0000000088c00000|  0%| F|  |TAMS 0x0000000088b00000, 0x0000000088b00000| Untracked 
| 116|0x0000000088c00000, 0x0000000088c00000, 0x0000000088d00000|  0%| F|  |TAMS 0x0000000088c00000, 0x0000000088c00000| Untracked 
| 117|0x0000000088d00000, 0x0000000088d00000, 0x0000000088e00000|  0%| F|  |TAMS 0x0000000088d00000, 0x0000000088d00000| Untracked 
| 118|0x0000000088e00000, 0x0000000088e00000, 0x0000000088f00000|  0%| F|  |TAMS 0x0000000088e00000, 0x0000000088e00000| Untracked 
| 119|0x0000000088f00000, 0x0000000088f00000, 0x0000000089000000|  0%| F|  |TAMS 0x0000000088f00000, 0x0000000088f00000| Untracked 
| 120|0x0000000089000000, 0x0000000089000000, 0x0000000089100000|  0%| F|  |TAMS 0x0000000089000000, 0x0000000089000000| Untracked 
| 121|0x0000000089100000, 0x0000000089100000, 0x0000000089200000|  0%| F|  |TAMS 0x0000000089100000, 0x0000000089100000| Untracked 
| 122|0x0000000089200000, 0x0000000089200000, 0x0000000089300000|  0%| F|  |TAMS 0x0000000089200000, 0x0000000089200000| Untracked 
| 123|0x0000000089300000, 0x0000000089300000, 0x0000000089400000|  0%| F|  |TAMS 0x0000000089300000, 0x0000000089300000| Untracked 
| 124|0x0000000089400000, 0x0000000089400000, 0x0000000089500000|  0%| F|  |TAMS 0x0000000089400000, 0x0000000089400000| Untracked 
| 125|0x0000000089500000, 0x0000000089500000, 0x0000000089600000|  0%| F|  |TAMS 0x0000000089500000, 0x0000000089500000| Untracked 
| 126|0x0000000089600000, 0x0000000089600000, 0x0000000089700000|  0%| F|  |TAMS 0x0000000089600000, 0x0000000089600000| Untracked 
| 127|0x0000000089700000, 0x0000000089700000, 0x0000000089800000|  0%| F|  |TAMS 0x0000000089700000, 0x0000000089700000| Untracked 
| 128|0x0000000089800000, 0x0000000089800000, 0x0000000089900000|  0%| F|  |TAMS 0x0000000089800000, 0x0000000089800000| Untracked 
| 129|0x0000000089900000, 0x0000000089900000, 0x0000000089a00000|  0%| F|  |TAMS 0x0000000089900000, 0x0000000089900000| Untracked 
| 130|0x0000000089a00000, 0x0000000089a00000, 0x0000000089b00000|  0%| F|  |TAMS 0x0000000089a00000, 0x0000000089a00000| Untracked 
| 131|0x0000000089b00000, 0x0000000089b00000, 0x0000000089c00000|  0%| F|  |TAMS 0x0000000089b00000, 0x0000000089b00000| Untracked 
| 132|0x0000000089c00000, 0x0000000089c00000, 0x0000000089d00000|  0%| F|  |TAMS 0x0000000089c00000, 0x0000000089c00000| Untracked 
| 133|0x0000000089d00000, 0x0000000089d00000, 0x0000000089e00000|  0%| F|  |TAMS 0x0000000089d00000, 0x0000000089d00000| Untracked 
| 134|0x0000000089e00000, 0x0000000089e00000, 0x0000000089f00000|  0%| F|  |TAMS 0x0000000089e00000, 0x0000000089e00000| Untracked 
| 135|0x0000000089f00000, 0x0000000089f00000, 0x000000008a000000|  0%| F|  |TAMS 0x0000000089f00000, 0x0000000089f00000| Untracked 
| 136|0x000000008a000000, 0x000000008a000000, 0x000000008a100000|  0%| F|  |TAMS 0x000000008a000000, 0x000000008a000000| Untracked 
| 137|0x000000008a100000, 0x000000008a100000, 0x000000008a200000|  0%| F|  |TAMS 0x000000008a100000, 0x000000008a100000| Untracked 
| 138|0x000000008a200000, 0x000000008a200000, 0x000000008a300000|  0%| F|  |TAMS 0x000000008a200000, 0x000000008a200000| Untracked 
| 139|0x000000008a300000, 0x000000008a300000, 0x000000008a400000|  0%| F|  |TAMS 0x000000008a300000, 0x000000008a300000| Untracked 
| 140|0x000000008a400000, 0x000000008a400000, 0x000000008a500000|  0%| F|  |TAMS 0x000000008a400000, 0x000000008a400000| Untracked 
| 141|0x000000008a500000, 0x000000008a500000, 0x000000008a600000|  0%| F|  |TAMS 0x000000008a500000, 0x000000008a500000| Untracked 
| 142|0x000000008a600000, 0x000000008a657940, 0x000000008a700000| 34%| E|  |TAMS 0x000000008a600000, 0x000000008a600000| Complete 
| 143|0x000000008a700000, 0x000000008a800000, 0x000000008a800000|100%| E|CS|TAMS 0x000000008a700000, 0x000000008a700000| Complete 
| 144|0x000000008a800000, 0x000000008a900000, 0x000000008a900000|100%| E|CS|TAMS 0x000000008a800000, 0x000000008a800000| Complete 
| 145|0x000000008a900000, 0x000000008aa00000, 0x000000008aa00000|100%| E|CS|TAMS 0x000000008a900000, 0x000000008a900000| Complete 
| 146|0x000000008aa00000, 0x000000008ab00000, 0x000000008ab00000|100%| E|CS|TAMS 0x000000008aa00000, 0x000000008aa00000| Complete 
| 147|0x000000008ab00000, 0x000000008ac00000, 0x000000008ac00000|100%| E|CS|TAMS 0x000000008ab00000, 0x000000008ab00000| Complete 
| 148|0x000000008ac00000, 0x000000008ad00000, 0x000000008ad00000|100%| E|CS|TAMS 0x000000008ac00000, 0x000000008ac00000| Complete 
| 149|0x000000008ad00000, 0x000000008ae00000, 0x000000008ae00000|100%| E|CS|TAMS 0x000000008ad00000, 0x000000008ad00000| Complete 
| 150|0x000000008ae00000, 0x000000008af00000, 0x000000008af00000|100%| E|CS|TAMS 0x000000008ae00000, 0x000000008ae00000| Complete 
| 151|0x000000008af00000, 0x000000008b000000, 0x000000008b000000|100%| E|CS|TAMS 0x000000008af00000, 0x000000008af00000| Complete 
| 152|0x000000008b000000, 0x000000008b100000, 0x000000008b100000|100%| E|CS|TAMS 0x000000008b000000, 0x000000008b000000| Complete 
| 153|0x000000008b100000, 0x000000008b200000, 0x000000008b200000|100%| E|CS|TAMS 0x000000008b100000, 0x000000008b100000| Complete 

Card table byte_map: [0x000001ec580d0000,0x000001ec584d0000] _byte_map_base: 0x000001ec57cc4000

Marking Bits (Prev, Next): (CMBitMap*) 0x000001ec3f8cd590, (CMBitMap*) 0x000001ec3f8cd558
 Prev Bits: [0x000001ec5a870000, 0x000001ec5c810000)
 Next Bits: [0x000001ec588d0000, 0x000001ec5a870000)

Polling page: 0x000001ec3f6f0000

Metaspace:

Usage:
  Non-class:    119.79 MB capacity,   116.99 MB ( 98%) used,     2.20 MB (  2%) free+waste,   617.88 KB ( <1%) overhead. 
      Class:     22.16 MB capacity,    17.40 MB ( 79%) used,     4.43 MB ( 20%) free+waste,   338.63 KB (  1%) overhead. 
       Both:    141.95 MB capacity,   134.39 MB ( 95%) used,     6.63 MB (  5%) free+waste,   956.50 KB ( <1%) overhead. 

Virtual space:
  Non-class space:      120.00 MB reserved,     119.87 MB (>99%) committed 
      Class space:        1.00 GB reserved,      22.25 MB (  2%) committed 
             Both:        1.12 GB reserved,     142.12 MB ( 12%) committed 

Chunk freelists:
   Non-Class:  1.88 KB
       Class:  128 bytes
        Both:  2.00 KB

CodeHeap 'non-profiled nmethods': size=120064Kb used=6158Kb max_used=6158Kb free=113905Kb
 bounds [0x000001ec50160000, 0x000001ec50770000, 0x000001ec576a0000]
CodeHeap 'profiled nmethods': size=120000Kb used=23820Kb max_used=23820Kb free=96179Kb
 bounds [0x000001ec48c30000, 0x000001ec4a380000, 0x000001ec50160000]
CodeHeap 'non-nmethods': size=5696Kb used=1566Kb max_used=1587Kb free=4129Kb
 bounds [0x000001ec486a0000, 0x000001ec48910000, 0x000001ec48c30000]
 total_blobs=11737 nmethods=10662 adapters=983
 compilation: enabled
              stopped_count=0, restarted_count=0
 full_count=0

Compilation events (10 events):
Event: 22.688 Thread 0x000001ec5ee4d800 nmethod 10715 0x000001ec5075ea90 code [0x000001ec5075ec20, 0x000001ec5075ecd8]
Event: 22.689 Thread 0x000001ec5ee25800 10716       4       java.util.Collections$UnmodifiableCollection$1::hasNext (10 bytes)
Event: 22.690 Thread 0x000001ec5ee25800 nmethod 10716 0x000001ec5075ed90 code [0x000001ec5075ef00, 0x000001ec5075ef98]
Event: 22.690 Thread 0x000001ec5ee25800 10717       4       java.util.Collections$UnmodifiableCollection$1::next (10 bytes)
Event: 22.691 Thread 0x000001ec5ee25800 nmethod 10717 0x000001ec5075f010 code [0x000001ec5075f180, 0x000001ec5075f218]
Event: 22.699 Thread 0x000001ec5ee4d800 10718       3       java.net.URI::toString (60 bytes)
Event: 22.699 Thread 0x000001ec5ee25800 10720       4       java.io.WinNTFileSystem::normalize (224 bytes)
Event: 22.700 Thread 0x000001ec5ee4d800 nmethod 10718 0x000001ec4a36b990 code [0x000001ec4a36bc20, 0x000001ec4a36c688]
Event: 22.700 Thread 0x000001ec5ee4d800 10719       3       java.net.URI::appendSchemeSpecificPart (183 bytes)
Event: 22.702 Thread 0x000001ec5ee4d800 nmethod 10719 0x000001ec4a36ca90 code [0x000001ec4a36cde0, 0x000001ec4a36dd98]

GC Heap History (10 events):
Event: 15.110 GC heap before
{Heap before GC invocations=16 (full 0):
 garbage-first heap   total 157696K, used 124141K [0x0000000081800000, 0x0000000100000000)
  region size 1024K, 89 young (91136K), 7 survivors (7168K)
 Metaspace       used 96729K, capacity 100206K, committed 100400K, reserved 1136640K
  class space    used 11509K, capacity 13587K, committed 13696K, reserved 1048576K
}
Event: 15.122 GC heap after
{Heap after GC invocations=17 (full 0):
 garbage-first heap   total 157696K, used 46236K [0x0000000081800000, 0x0000000100000000)
  region size 1024K, 12 young (12288K), 12 survivors (12288K)
 Metaspace       used 96729K, capacity 100206K, committed 100400K, reserved 1136640K
  class space    used 11509K, capacity 13587K, committed 13696K, reserved 1048576K
}
Event: 16.699 GC heap before
{Heap before GC invocations=17 (full 0):
 garbage-first heap   total 157696K, used 126108K [0x0000000081800000, 0x0000000100000000)
  region size 1024K, 90 young (92160K), 12 survivors (12288K)
 Metaspace       used 110961K, capacity 114887K, committed 115120K, reserved 1148928K
  class space    used 13482K, capacity 15772K, committed 15872K, reserved 1048576K
}
Event: 16.712 GC heap after
{Heap after GC invocations=18 (full 0):
 garbage-first heap   total 157696K, used 46835K [0x0000000081800000, 0x0000000100000000)
  region size 1024K, 7 young (7168K), 7 survivors (7168K)
 Metaspace       used 110961K, capacity 114887K, committed 115120K, reserved 1148928K
  class space    used 13482K, capacity 15772K, committed 15872K, reserved 1048576K
}
Event: 17.790 GC heap before
{Heap before GC invocations=18 (full 0):
 garbage-first heap   total 157696K, used 101107K [0x0000000081800000, 0x0000000100000000)
  region size 1024K, 61 young (62464K), 7 survivors (7168K)
 Metaspace       used 119411K, capacity 123856K, committed 124028K, reserved 1157120K
  class space    used 14799K, capacity 17382K, committed 17408K, reserved 1048576K
}
Event: 17.806 GC heap after
{Heap after GC invocations=19 (full 0):
 garbage-first heap   total 157696K, used 49575K [0x0000000081800000, 0x0000000100000000)
  region size 1024K, 5 young (5120K), 5 survivors (5120K)
 Metaspace       used 119411K, capacity 123856K, committed 124028K, reserved 1157120K
  class space    used 14799K, capacity 17382K, committed 17408K, reserved 1048576K
}
Event: 20.770 GC heap before
{Heap before GC invocations=20 (full 0):
 garbage-first heap   total 157696K, used 118183K [0x0000000081800000, 0x0000000100000000)
  region size 1024K, 72 young (73728K), 5 survivors (5120K)
 Metaspace       used 126025K, capacity 132291K, committed 132476K, reserved 1161216K
  class space    used 15784K, capacity 19919K, committed 19968K, reserved 1048576K
}
Event: 20.784 GC heap after
{Heap after GC invocations=21 (full 0):
 garbage-first heap   total 157696K, used 52993K [0x0000000081800000, 0x0000000100000000)
  region size 1024K, 9 young (9216K), 9 survivors (9216K)
 Metaspace       used 126025K, capacity 132291K, committed 132476K, reserved 1161216K
  class space    used 15784K, capacity 19919K, committed 19968K, reserved 1048576K
}
Event: 22.533 GC heap before
{Heap before GC invocations=21 (full 0):
 garbage-first heap   total 157696K, used 129793K [0x0000000081800000, 0x0000000100000000)
  region size 1024K, 75 young (76800K), 9 survivors (9216K)
 Metaspace       used 136332K, capacity 143881K, committed 144124K, reserved 1171456K
  class space    used 17589K, capacity 22367K, committed 22400K, reserved 1048576K
}
Event: 22.549 GC heap after
{Heap after GC invocations=22 (full 0):
 garbage-first heap   total 157696K, used 56660K [0x0000000081800000, 0x0000000100000000)
  region size 1024K, 8 young (8192K), 8 survivors (8192K)
 Metaspace       used 136332K, capacity 143881K, committed 144124K, reserved 1171456K
  class space    used 17589K, capacity 22367K, committed 22400K, reserved 1048576K
}

Deoptimization events (10 events):
Event: 21.732 Thread 0x000001ec3f88d000 Uncommon trap: reason=unstable_if action=reinterpret pc=0x000001ec502f6c1c method=java.util.HashMap.putMapEntries(Ljava/util/Map;Z)V @ 15 c2
Event: 21.908 Thread 0x000001ec3f88d000 Uncommon trap: reason=unstable_fused_if action=reinterpret pc=0x000001ec502fd344 method=java.io.WinNTFileSystem.isLetter(C)Z @ 15 c2
Event: 22.203 Thread 0x000001ec3f88d000 Uncommon trap: reason=unstable_if action=reinterpret pc=0x000001ec502ec4b0 method=java.lang.String.hashCode()I @ 22 c2
Event: 22.203 Thread 0x000001ec3f88d000 Uncommon trap: reason=unstable_if action=reinterpret pc=0x000001ec50169d08 method=java.lang.String.isLatin1()Z @ 10 c2
Event: 22.254 Thread 0x000001ec3f88d000 Uncommon trap: reason=unstable_if action=reinterpret pc=0x000001ec50738378 method=org.apache.xbean.asm9.ClassReader.readUTF8(I[C)Ljava/lang/String; @ 11 c2
Event: 22.291 Thread 0x000001ec628a2800 Uncommon trap: reason=unstable_if action=reinterpret pc=0x000001ec505188e0 method=java.util.concurrent.ConcurrentHashMap.replaceNode(Ljava/lang/Object;Ljava/lang/Object;Ljava/lang/Object;)Ljava/lang/Object; @ 17 c2
Event: 22.294 Thread 0x000001ec628a2800 Uncommon trap: reason=unstable_if action=reinterpret pc=0x000001ec50598f38 method=scala.runtime.ScalaRunTime$.array_apply(Ljava/lang/Object;I)Ljava/lang/Object; @ 21 c2
Event: 22.341 Thread 0x000001ec628ab800 Uncommon trap: reason=unstable_if action=reinterpret pc=0x000001ec506f844c method=scala.runtime.BoxesRunTime.unboxToInt(Ljava/lang/Object;)I @ 1 c2
Event: 22.575 Thread 0x000001ec630a2000 Uncommon trap: reason=unstable_if action=reinterpret pc=0x000001ec5072d65c method=jdk.internal.org.objectweb.asm.Frame.execute(IILjdk/internal/org/objectweb/asm/ClassWriter;Ljdk/internal/org/objectweb/asm/Item;)V @ 1 c2
Event: 22.587 Thread 0x000001ec630a2000 Uncommon trap: reason=unstable_if action=reinterpret pc=0x000001ec5071ad8c method=jdk.internal.org.objectweb.asm.Frame.type(Ljdk/internal/org/objectweb/asm/ClassWriter;Ljava/lang/String;)I @ 28 c2

Classes redefined (0 events):
No events

Internal exceptions (10 events):
Event: 22.619 Thread 0x000001ec630a2000 Exception <a 'java/lang/NoSuchMethodError'{0x000000008ad20780}: java.lang.invoke.DirectMethodHandle$Holder.invokeSpecial(Ljava/lang/Object;Ljava/lang/Object;Ljava/lang/Object;Ljava/lang/Object;Ljava/lang/Object;Ljava/lang/Object;Ljava/lang/Object;Ljava/la
Event: 22.619 Thread 0x000001ec630a2000 Exception <a 'java/lang/NoSuchMethodError'{0x000000008ad26d68}: java.lang.invoke.DelegatingMethodHandle$Holder.delegate(Ljava/lang/Object;Ljava/lang/Object;Ljava/lang/Object;Ljava/lang/Object;Ljava/lang/Object;Ljava/lang/Object;Ljava/lang/Object;Ljava/lan
Event: 22.623 Thread 0x000001ec630a2000 Exception <a 'java/lang/NoSuchMethodError'{0x000000008ad8b630}: java.lang.invoke.DelegatingMethodHandle$Holder.reinvoke_L(Ljava/lang/Object;Ljava/lang/Object;Ljava/lang/Object;Ljava/lang/Object;Ljava/lang/Object;Ljava/lang/Object;Ljava/lang/Object;Ljava/l
Event: 22.626 Thread 0x000001ec630a2000 Exception <a 'java/lang/NoSuchMethodError'{0x000000008ac0a1f0}: java.lang.invoke.Invokers$Holder.invoker(Ljava/lang/Object;Ljava/lang/Object;Ljava/lang/Object;Ljava/lang/Object;Ljava/lang/Object;Ljava/lang/Object;Ljava/lang/Object;Ljava/lang/Object;Ljava/
Event: 22.626 Thread 0x000001ec630a2000 Exception <a 'java/lang/NoSuchMethodError'{0x000000008ac18c00}: java.lang.invoke.DelegatingMethodHandle$Holder.delegate(Ljava/lang/Object;Ljava/lang/Object;Ljava/lang/Object;Ljava/lang/Object;Ljava/lang/Object;Ljava/lang/Object;Ljava/lang/Object;Ljava/lan
Event: 22.630 Thread 0x000001ec630a2000 Exception <a 'java/lang/NoSuchMethodError'{0x000000008ac533f0}: java.lang.invoke.DelegatingMethodHandle$Holder.delegate(Ljava/lang/Object;Ljava/lang/Object;Ljava/lang/Object;Ljava/lang/Object;Ljava/lang/Object;Ljava/lang/Object;Ljava/lang/Object;Ljava/lan
Event: 22.632 Thread 0x000001ec630a2000 Exception <a 'java/lang/NoSuchMethodError'{0x000000008acc2758}: java.lang.invoke.DelegatingMethodHandle$Holder.reinvoke_L(Ljava/lang/Object;Ljava/lang/Object;Ljava/lang/Object;Ljava/lang/Object;Ljava/lang/Object;Ljava/lang/Object;Ljava/lang/Object;Ljava/l
Event: 22.637 Thread 0x000001ec630a2000 Exception <a 'java/lang/NoSuchMethodError'{0x000000008ab55508}: java.lang.invoke.Invokers$Holder.invoker(Ljava/lang/Object;Ljava/lang/Object;Ljava/lang/Object;Ljava/lang/Object;Ljava/lang/Object;Ljava/lang/Object;Ljava/lang/Object;Ljava/lang/Object;Ljava/
Event: 22.638 Thread 0x000001ec630a2000 Exception <a 'java/lang/NoSuchMethodError'{0x000000008ab64ee0}: java.lang.invoke.DelegatingMethodHandle$Holder.delegate(Ljava/lang/Object;Ljava/lang/Object;Ljava/lang/Object;Ljava/lang/Object;Ljava/lang/Object;Ljava/lang/Object;Ljava/lang/Object;Ljava/lan
Event: 22.662 Thread 0x000001ec630a2000 Exception <a 'java/lang/NoSuchMethodError'{0x000000008aa5ac40}: java.lang.invoke.DirectMethodHandle$Holder.invokeStatic(Ljava/lang/Object;Ljava/lang/Object;Ljava/lang/Object;Ljava/lang/Object;Ljava/lang/Object;I)Ljava/lang/Object;> (0x000000008aa5ac40) th

Events (10 events):
Event: 22.709 loading class org/apache/hadoop/hive/serde2/objectinspector/primitive/WritableConstantHiveDecimalObjectInspector
Event: 22.709 loading class org/apache/hadoop/hive/serde2/objectinspector/primitive/WritableConstantHiveDecimalObjectInspector done
Event: 22.710 loading class org/apache/hadoop/hive/serde2/objectinspector/primitive/WritableConstantTimestampObjectInspector
Event: 22.710 loading class org/apache/hadoop/hive/serde2/objectinspector/primitive/WritableConstantTimestampObjectInspector done
Event: 22.710 loading class org/apache/hadoop/hive/serde2/objectinspector/primitive/WritableConstantIntObjectInspector
Event: 22.710 loading class org/apache/hadoop/hive/serde2/objectinspector/primitive/WritableConstantIntObjectInspector done
Event: 22.710 loading class org/apache/hadoop/hive/serde2/objectinspector/primitive/WritableConstantDoubleObjectInspector
Event: 22.710 loading class org/apache/hadoop/hive/serde2/objectinspector/primitive/WritableConstantDoubleObjectInspector done
Event: 22.711 loading class org/apache/hadoop/hive/serde2/objectinspector/primitive/WritableConstantBooleanObjectInspector
Event: 22.711 loading class org/apache/hadoop/hive/serde2/objectinspector/primitive/WritableConstantBooleanObjectInspector done


Dynamic libraries:
0x00007ff751ce0000 - 0x00007ff751cef000 	C:\Program Files\Java\jdk-11.0.13\bin\java.exe
0x00007fffc8630000 - 0x00007fffc8825000 	C:\Windows\SYSTEM32\ntdll.dll
0x00007fffc76d0000 - 0x00007fffc778e000 	C:\Windows\System32\KERNEL32.DLL
0x00007fffc6280000 - 0x00007fffc6548000 	C:\Windows\System32\KERNELBASE.dll
0x00007fffc6550000 - 0x00007fffc6650000 	C:\Windows\System32\ucrtbase.dll
0x00007fffc1600000 - 0x00007fffc1615000 	C:\Program Files\Java\jdk-11.0.13\bin\VCRUNTIME140.dll
0x00007fffc15e0000 - 0x00007fffc15f8000 	C:\Program Files\Java\jdk-11.0.13\bin\jli.dll
0x00007fffc7900000 - 0x00007fffc79ac000 	C:\Windows\System32\ADVAPI32.dll
0x00007fffc66e0000 - 0x00007fffc677e000 	C:\Windows\System32\msvcrt.dll
0x00007fffc7850000 - 0x00007fffc78eb000 	C:\Windows\System32\sechost.dll
0x00007fffc83a0000 - 0x00007fffc84ca000 	C:\Windows\System32\RPCRT4.dll
0x00007fffc68b0000 - 0x00007fffc6a51000 	C:\Windows\System32\USER32.dll
0x00007fffc6650000 - 0x00007fffc6672000 	C:\Windows\System32\win32u.dll
0x00007fffc6b90000 - 0x00007fffc6bbb000 	C:\Windows\System32\GDI32.dll
0x00007fffc6170000 - 0x00007fffc627b000 	C:\Windows\System32\gdi32full.dll
0x00007fffc6010000 - 0x00007fffc60ad000 	C:\Windows\System32\msvcp_win.dll
0x00007fffb5ce0000 - 0x00007fffb5f7a000 	C:\Windows\WinSxS\amd64_microsoft.windows.common-controls_6595b64144ccf1df_6.0.19041.1110_none_60b5254171f9507e\COMCTL32.dll
0x00007fffba7a0000 - 0x00007fffba7aa000 	C:\Windows\SYSTEM32\VERSION.dll
0x00007fffc7a40000 - 0x00007fffc7a70000 	C:\Windows\System32\IMM32.DLL
0x00007fffc1540000 - 0x00007fffc15db000 	C:\Program Files\Java\jdk-11.0.13\bin\msvcp140.dll
0x00007fff667a0000 - 0x00007fff672b3000 	C:\Program Files\Java\jdk-11.0.13\bin\server\jvm.dll
0x00007fffc78f0000 - 0x00007fffc78f8000 	C:\Windows\System32\PSAPI.DLL
0x00007fff71300000 - 0x00007fff71309000 	C:\Windows\SYSTEM32\WSOCK32.dll
0x00007fffc84d0000 - 0x00007fffc853b000 	C:\Windows\System32\WS2_32.dll
0x00007fffb2f50000 - 0x00007fffb2f77000 	C:\Windows\SYSTEM32\WINMM.dll
0x00007fffc45d0000 - 0x00007fffc45e2000 	C:\Windows\SYSTEM32\kernel.appcore.dll
0x00007fffc1530000 - 0x00007fffc1540000 	C:\Program Files\Java\jdk-11.0.13\bin\verify.dll
0x00007fffb2fd0000 - 0x00007fffb31b4000 	C:\Windows\SYSTEM32\DBGHELP.DLL
0x00007fffb29c0000 - 0x00007fffb29ec000 	C:\Windows\SYSTEM32\dbgcore.DLL
0x00007fffc60e0000 - 0x00007fffc6163000 	C:\Windows\System32\bcryptPrimitives.dll
0x00007fffadaa0000 - 0x00007fffadac8000 	C:\Program Files\Java\jdk-11.0.13\bin\java.dll
0x00007fffbff50000 - 0x00007fffbff5a000 	C:\Program Files\Java\jdk-11.0.13\bin\jimage.dll
0x00007fffbe7f0000 - 0x00007fffbe7fe000 	C:\Program Files\Java\jdk-11.0.13\bin\instrument.dll
0x00007fffb1e00000 - 0x00007fffb1e16000 	C:\Program Files\Java\jdk-11.0.13\bin\zip.dll
0x00007fffc7c60000 - 0x00007fffc839f000 	C:\Windows\System32\SHELL32.dll
0x00007fffc3e30000 - 0x00007fffc45c0000 	C:\Windows\SYSTEM32\windows.storage.dll
0x00007fffc6ca0000 - 0x00007fffc6ff5000 	C:\Windows\System32\combase.dll
0x00007fffc56d0000 - 0x00007fffc56fe000 	C:\Windows\SYSTEM32\Wldp.dll
0x00007fffc6ae0000 - 0x00007fffc6b8d000 	C:\Windows\System32\SHCORE.dll
0x00007fffc6680000 - 0x00007fffc66d5000 	C:\Windows\System32\shlwapi.dll
0x00007fffc5c90000 - 0x00007fffc5caf000 	C:\Windows\SYSTEM32\profapi.dll
0x00007fffaf430000 - 0x00007fffaf449000 	C:\Program Files\Java\jdk-11.0.13\bin\net.dll
0x00007fffb7b80000 - 0x00007fffb7c8c000 	C:\Windows\SYSTEM32\WINHTTP.dll
0x00007fffc5430000 - 0x00007fffc549a000 	C:\Windows\system32\mswsock.dll
0x00007fffada80000 - 0x00007fffada92000 	C:\Program Files\Java\jdk-11.0.13\bin\nio.dll
0x00007fffb3f80000 - 0x00007fffb3f9a000 	C:\Program Files\JetBrains\IntelliJ IDEA Community Edition 2021.2.3\bin\breakgen64.dll
0x00007fffc5160000 - 0x00007fffc522b000 	C:\Windows\SYSTEM32\DNSAPI.dll
0x00007fffc5120000 - 0x00007fffc515b000 	C:\Windows\SYSTEM32\IPHLPAPI.DLL
0x00007fffc7000000 - 0x00007fffc7008000 	C:\Windows\System32\NSI.dll
0x00007fffb61a0000 - 0x00007fffb61aa000 	C:\Windows\System32\rasadhlp.dll
0x00007fffb6f50000 - 0x00007fffb6fcf000 	C:\Windows\System32\fwpuclnt.dll
0x00007fffc60b0000 - 0x00007fffc60d7000 	C:\Windows\System32\bcrypt.dll
0x00007fffb3d10000 - 0x00007fffb3d1d000 	C:\Program Files\Java\jdk-11.0.13\bin\sunmscapi.dll
0x00007fffc5eb0000 - 0x00007fffc6006000 	C:\Windows\System32\CRYPT32.dll
0x00007fffc5740000 - 0x00007fffc5767000 	C:\Windows\SYSTEM32\ncrypt.dll
0x00007fffc5700000 - 0x00007fffc573b000 	C:\Windows\SYSTEM32\NTASN1.dll
0x00007fffb0e40000 - 0x00007fffb0e65000 	C:\Program Files\Java\jdk-11.0.13\bin\sunec.dll
0x00007fffc5620000 - 0x00007fffc5638000 	C:\Windows\SYSTEM32\CRYPTSP.dll
0x00007fffc4db0000 - 0x00007fffc4de4000 	C:\Windows\system32\rsaenh.dll
0x00007fffc5c50000 - 0x00007fffc5c7e000 	C:\Windows\SYSTEM32\USERENV.dll
0x00007fffc5640000 - 0x00007fffc564c000 	C:\Windows\SYSTEM32\CRYPTBASE.dll
0x00007fffbc720000 - 0x00007fffbc737000 	C:\Windows\SYSTEM32\dhcpcsvc6.DLL
0x00007fffbb5e0000 - 0x00007fffbb5fd000 	C:\Windows\SYSTEM32\dhcpcsvc.DLL
0x00007fffb0fd0000 - 0x00007fffb0fe7000 	C:\Windows\system32\napinsp.dll
0x00007fffb0f10000 - 0x00007fffb0f2b000 	C:\Windows\system32\pnrpnsp.dll
0x00007fffc0ab0000 - 0x00007fffc0ac5000 	C:\Windows\system32\wshbth.dll
0x00007fffc1510000 - 0x00007fffc152d000 	C:\Windows\system32\NLAapi.dll
0x00007fffb0d20000 - 0x00007fffb0d32000 	C:\Windows\System32\winrnr.dll
0x00007fffbfe20000 - 0x00007fffbfe29000 	C:\Program Files\Java\jdk-11.0.13\bin\management.dll
0x00007fffbdda0000 - 0x00007fffbddab000 	C:\Program Files\Java\jdk-11.0.13\bin\management_ext.dll
0x00007fffb2560000 - 0x00007fffb257a000 	C:\hadoop\bin\hadoop.dll
0x000000005c120000 - 0x000000005c1f2000 	C:\Windows\SYSTEM32\MSVCR100.dll
0x00007fffc4af0000 - 0x00007fffc4b3c000 	C:\Windows\SYSTEM32\AUTHZ.dll
0x00007fffac790000 - 0x00007fffac7a8000 	C:\Windows\SYSTEM32\NETAPI32.dll
0x00007fffc5230000 - 0x00007fffc523c000 	C:\Windows\SYSTEM32\NETUTILS.DLL
0x00007fffb9ba0000 - 0x00007fffb9bb9000 	C:\Windows\SYSTEM32\SAMCLI.DLL
0x00007fffb5ae0000 - 0x00007fffb5ae9000 	C:\Program Files\Java\jdk-11.0.13\bin\jaas.dll
0x00007fffc16e0000 - 0x00007fffc1707000 	C:\Windows\SYSTEM32\SAMLIB.dll
0x00007fffc4a40000 - 0x00007fffc4a73000 	C:\Windows\SYSTEM32\ntmarta.dll
0x0000000066f40000 - 0x0000000066fc3000 	C:\Users\Korey\AppData\Local\Temp\liblz4-java-1627064587741865718.so

dbghelp: loaded successfully - version: 4.0.5 - missing functions: none
symbol engine: initialized successfully - sym options: 0x614 - pdb path: .;C:\Program Files\Java\jdk-11.0.13\bin;C:\Windows\SYSTEM32;C:\Windows\WinSxS\amd64_microsoft.windows.common-controls_6595b64144ccf1df_6.0.19041.1110_none_60b5254171f9507e;C:\Program Files\Java\jdk-11.0.13\bin\server;C:\Program Files\JetBrains\IntelliJ IDEA Community Edition 2021.2.3\bin;C:\hadoop\bin;C:\Users\Korey\AppData\Local\Temp

VM Arguments:
jvm_args: -javaagent:C:\Program Files\JetBrains\IntelliJ IDEA Community Edition 2021.2.3\lib\idea_rt.jar=50920:C:\Program Files\JetBrains\IntelliJ IDEA Community Edition 2021.2.3\bin -Dfile.encoding=UTF-8 
java_command: Main
java_class_path (initial): C:\Users\Korey\IdeaProjects\RevatureP1\target\scala-2.13\classes;C:\Users\Korey\AppData\Local\Coursier\cache\v1\https\repo1.maven.org\maven2\com\clearspring\analytics\stream\2.9.6\stream-2.9.6.jar;C:\Users\Korey\AppData\Local\Coursier\cache\v1\https\repo1.maven.org\maven2\com\esotericsoftware\kryo-shaded\4.0.2\kryo-shaded-4.0.2.jar;C:\Users\Korey\AppData\Local\Coursier\cache\v1\https\repo1.maven.org\maven2\com\esotericsoftware\minlog\1.3.0\minlog-1.3.0.jar;C:\Users\Korey\AppData\Local\Coursier\cache\v1\https\repo1.maven.org\maven2\com\fasterxml\jackson\core\jackson-annotations\2.12.3\jackson-annotations-2.12.3.jar;C:\Users\Korey\AppData\Local\Coursier\cache\v1\https\repo1.maven.org\maven2\com\fasterxml\jackson\core\jackson-core\2.12.3\jackson-core-2.12.3.jar;C:\Users\Korey\AppData\Local\Coursier\cache\v1\https\repo1.maven.org\maven2\com\fasterxml\jackson\core\jackson-databind\2.12.3\jackson-databind-2.12.3.jar;C:\Users\Korey\AppData\Local\Coursier\cache\v1\https\repo1.maven.org\maven2\com\fasterxml\jackson\module\jackson-module-scala_2.13\2.12.3\jackson-module-scala_2.13-2.12.3.jar;C:\Users\Korey\AppData\Local\Coursier\cache\v1\https\repo1.maven.org\maven2\com\github\joshelser\dropwizard-metrics-hadoop-metrics2-reporter\0.1.2\dropwizard-metrics-hadoop-metrics2-reporter-0.1.2.jar;C:\Users\Korey\AppData\Local\Coursier\cache\v1\https\repo1.maven.org\maven2\com\github\luben\zstd-jni\1.5.0-4\zstd-jni-1.5.0-4.jar;C:\Users\Korey\AppData\Local\Coursier\cache\v1\https\repo1.maven.org\maven2\com\google\code\findbugs\jsr305\3.0.2\jsr305-3.0.2.jar;C:\Users\Korey\AppData\Local\Coursier\cache\v1\https\repo1.maven.org\maven2\com\google\code\gson\gson\2.8.6\gson-2.8.6.jar;C:\Users\Korey\AppData\Local\Coursier\cache\v1\https\repo1.maven.org\maven2\com\google\crypto\tink\tink\1.6.0\tink-1.6.0.jar;C:\Users\Korey\AppData\Local\Coursier\cache\v1\https\repo1.maven.org\maven2\com\google\flatbuffers\flatbuffers-java\1.9.0\flatbuffers-java-1.9.0.jar;C:\Users\Kor
Launcher Type: SUN_STANDARD

[Global flags]
     intx CICompilerCount                          = 3                                         {product} {ergonomic}
     uint ConcGCThreads                            = 1                                         {product} {ergonomic}
     uint G1ConcRefinementThreads                  = 4                                         {product} {ergonomic}
   size_t G1HeapRegionSize                         = 1048576                                   {product} {ergonomic}
    uintx GCDrainStackTargetSize                   = 64                                        {product} {ergonomic}
   size_t InitialHeapSize                          = 134217728                                 {product} {ergonomic}
   size_t MarkStackSize                            = 4194304                                   {product} {ergonomic}
   size_t MaxHeapSize                              = 2122317824                                {product} {ergonomic}
   size_t MaxNewSize                               = 1272971264                                {product} {ergonomic}
   size_t MinHeapDeltaBytes                        = 1048576                                   {product} {ergonomic}
    uintx NonNMethodCodeHeapSize                   = 5830732                                {pd product} {ergonomic}
    uintx NonProfiledCodeHeapSize                  = 122913754                              {pd product} {ergonomic}
    uintx ProfiledCodeHeapSize                     = 122913754                              {pd product} {ergonomic}
    uintx ReservedCodeCacheSize                    = 251658240                              {pd product} {ergonomic}
     bool SegmentedCodeCache                       = true                                      {product} {ergonomic}
     bool UseCompressedClassPointers               = true                                 {lp64_product} {ergonomic}
     bool UseCompressedOops                        = true                                 {lp64_product} {ergonomic}
     bool UseG1GC                                  = true                                      {product} {ergonomic}
     bool UseLargePagesIndividualAllocation        = false                                  {pd product} {ergonomic}

Logging:
Log output configuration:
 #0: stdout all=warning uptime,level,tags
 #1: stderr all=off uptime,level,tags

Environment Variables:
PATH=C:\Program Files\Common Files\Oracle\Java\javapath;C:\Program Files (x86)\Intel\iCLS Client\;C:\Program Files\Intel\iCLS Client\;C:\Windows\system32;C:\Windows;C:\Windows\System32\Wbem;C:\Windows\System32\WindowsPowerShell\v1.0\;C:\Windows\System32\OpenSSH\;C:\Program Files (x86)\sbt\bin;C:\Program Files (x86)\scala\bin;C:\Program Files\Git\cmd;C:\hadoop\bin;C:\spark-3.2.0-bin-hadoop3.2\bin;C:\Program Files\MySQL\MySQL Shell 8.0\bin\;C:\Users\Korey\AppData\Local\Microsoft\WindowsApps;;C:\Program Files\JetBrains\IntelliJ IDEA Community Edition 2021.2.3\bin;
USERNAME=Korey
OS=Windows_NT
PROCESSOR_IDENTIFIER=Intel64 Family 6 Model 61 Stepping 4, GenuineIntel



---------------  S Y S T E M  ---------------

OS: Windows 10 , 64 bit Build 19041 (10.0.19041.1320)
Hyper-V role detected

CPU:total 4 (initial active 4) (2 cores per cpu, 2 threads per core) family 6 model 61 stepping 4 microcode 0x2f, cmov, cx8, fxsr, mmx, sse, sse2, sse3, ssse3, sse4.1, sse4.2, popcnt, avx, avx2, aes, clmul, erms, 3dnowpref, lzcnt, ht, tsc, tscinvbit, bmi1, bmi2, adx, fma

Memory: 4k page, system-wide physical 8094M (1326M free)
TotalPageFile size 10142M (AvailPageFile size 4M)
current process WorkingSet (physical memory assigned to process): 447M, peak: 447M
current process commit charge ("private bytes"): 487M, peak: 487M

vm_info: Java HotSpot(TM) 64-Bit Server VM (11.0.13+10-LTS-370) for windows-amd64 JRE (11.0.13+10-LTS-370), built on Sep 15 2021 22:10:36 by "mach5one" with MS VC++ 15.9 (VS2017)

END.
