#
# There is insufficient memory for the Java Runtime Environment to continue.
# Native memory allocation (mmap) failed to map 134217728 bytes for Failed to commit area from 0x0000000081800000 to 0x0000000089800000 of length 134217728.
# Possible reasons:
#   The system is out of physical RAM or swap space
#   The process is running with CompressedOops enabled, and the Java Heap may be blocking the growth of the native heap
# Possible solutions:
#   Reduce memory load on the system
#   Increase physical memory or swap space
#   Check if swap backing store is full
#   Decrease Java heap size (-Xmx/-Xms)
#   Decrease number of Java threads
#   Decrease Java thread stack sizes (-Xss)
#   Set larger code cache with -XX:ReservedCodeCacheSize=
# This output file may be truncated or incomplete.
#
#  Out of Memory Error (./open/src/hotspot/os/windows/os_windows.cpp:3276), pid=8988, tid=12340
#
# JRE version:  (11.0.13+10) (build )
# Java VM: Java HotSpot(TM) 64-Bit Server VM (11.0.13+10-LTS-370, mixed mode, sharing, tiered, compressed oops, g1 gc, windows-amd64)
# No core dump will be written. Minidumps are not enabled by default on client versions of Windows
#

---------------  S U M M A R Y ------------

Command Line: -javaagent:C:\Program Files\JetBrains\IntelliJ IDEA Community Edition 2021.2.3\lib\idea_rt.jar=54742:C:\Program Files\JetBrains\IntelliJ IDEA Community Edition 2021.2.3\bin -Dfile.encoding=UTF-8 Main

Host: Intel(R) Core(TM) i5-5257U CPU @ 2.70GHz, 4 cores, 7G,  Windows 10 , 64 bit Build 19041 (10.0.19041.1320)
Time: Thu Nov 11 20:10:00 2021 Pacific Standard Time elapsed time: 0.042129 seconds (0d 0h 0m 0s)

---------------  T H R E A D  ---------------

Current thread (0x000002bd8531f800):  JavaThread "Unknown thread" [_thread_in_vm, id=12340, stack(0x000000cc1b700000,0x000000cc1b800000)]

Stack: [0x000000cc1b700000,0x000000cc1b800000]
Native frames: (J=compiled Java code, j=interpreted, Vv=VM code, C=native code)
V  [jvm.dll+0x62870a]
V  [jvm.dll+0x761f2f]
V  [jvm.dll+0x7635d9]
V  [jvm.dll+0x763c63]
V  [jvm.dll+0x23d728]
V  [jvm.dll+0x625aba]
V  [jvm.dll+0x61a855]
V  [jvm.dll+0x2f242c]
V  [jvm.dll+0x2f22b2]
V  [jvm.dll+0x2f6fd6]
V  [jvm.dll+0x3395ff]
V  [jvm.dll+0x339030]
V  [jvm.dll+0x2cfa38]
V  [jvm.dll+0x2d0ba6]
V  [jvm.dll+0x73c547]
V  [jvm.dll+0x73dddf]
V  [jvm.dll+0x346369]
V  [jvm.dll+0x721e60]
V  [jvm.dll+0x3b500f]
V  [jvm.dll+0x3b7121]
C  [jli.dll+0x5207]
C  [ucrtbase.dll+0x21bb2]
C  [KERNEL32.DLL+0x17034]
C  [ntdll.dll+0x52651]


---------------  P R O C E S S  ---------------

Threads class SMR info:
_java_thread_list=0x000002bd831b4fd0, length=0, elements={
}

Java Threads: ( => current thread )

Other Threads:
  0x000002bd85334800 GCTaskThread "GC Thread#0" [stack: 0x000000cc1b800000,0x000000cc1b900000] [id=8680]
  0x000002bd85363800 ConcurrentGCThread "G1 Main Marker" [stack: 0x000000cc1b900000,0x000000cc1ba00000] [id=10796]
  0x000002bd85366000 ConcurrentGCThread "G1 Conc#0" [stack: 0x000000cc1ba00000,0x000000cc1bb00000] [id=2708]

[error occurred during error reporting (printing all threads), id 0xc0000005, EXCEPTION_ACCESS_VIOLATION (0xc0000005) at pc=0x00007fff8625ecc7]

VM state:not at safepoint (not fully initialized)

VM Mutex/Monitor currently owned by a thread:  ([mutex/lock_event])
[0x000002bd8531c320] Heap_lock - owner thread: 0x000002bd8531f800

Heap address: 0x0000000081800000, size: 2024 MB, Compressed Oops mode: Non-zero based: 0x0000000081800000
Narrow klass base: 0x0000000000000000, Narrow klass shift: 0

GC Heap History (0 events):
No events

Deoptimization events (0 events):
No events

Classes redefined (0 events):
No events

Internal exceptions (0 events):
No events

Events (0 events):
No events


Dynamic libraries:
0x00007ff751ce0000 - 0x00007ff751cef000 	C:\Program Files\Java\jdk-11.0.13\bin\java.exe
0x00007fffc8630000 - 0x00007fffc8825000 	C:\Windows\SYSTEM32\ntdll.dll
0x00007fffc76d0000 - 0x00007fffc778e000 	C:\Windows\System32\KERNEL32.DLL
0x00007fffc6280000 - 0x00007fffc6548000 	C:\Windows\System32\KERNELBASE.dll
0x00007fffc6550000 - 0x00007fffc6650000 	C:\Windows\System32\ucrtbase.dll
0x00007fffc15e0000 - 0x00007fffc15f5000 	C:\Program Files\Java\jdk-11.0.13\bin\VCRUNTIME140.dll
0x00007fffb31f0000 - 0x00007fffb3208000 	C:\Program Files\Java\jdk-11.0.13\bin\jli.dll
0x00007fffc7900000 - 0x00007fffc79ac000 	C:\Windows\System32\ADVAPI32.dll
0x00007fffc66e0000 - 0x00007fffc677e000 	C:\Windows\System32\msvcrt.dll
0x00007fffc7850000 - 0x00007fffc78eb000 	C:\Windows\System32\sechost.dll
0x00007fffc83a0000 - 0x00007fffc84ca000 	C:\Windows\System32\RPCRT4.dll
0x00007fffc68b0000 - 0x00007fffc6a51000 	C:\Windows\System32\USER32.dll
0x00007fffc6650000 - 0x00007fffc6672000 	C:\Windows\System32\win32u.dll
0x00007fffc6b90000 - 0x00007fffc6bbb000 	C:\Windows\System32\GDI32.dll
0x00007fffc6170000 - 0x00007fffc627b000 	C:\Windows\System32\gdi32full.dll
0x00007fffc6010000 - 0x00007fffc60ad000 	C:\Windows\System32\msvcp_win.dll
0x00007fffb5ce0000 - 0x00007fffb5f7a000 	C:\Windows\WinSxS\amd64_microsoft.windows.common-controls_6595b64144ccf1df_6.0.19041.1110_none_60b5254171f9507e\COMCTL32.dll
0x00007fffba7a0000 - 0x00007fffba7aa000 	C:\Windows\SYSTEM32\VERSION.dll
0x00007fffc7a40000 - 0x00007fffc7a70000 	C:\Windows\System32\IMM32.DLL
0x00007fffa80e0000 - 0x00007fffa817b000 	C:\Program Files\Java\jdk-11.0.13\bin\msvcp140.dll
0x00007fff85f80000 - 0x00007fff86a93000 	C:\Program Files\Java\jdk-11.0.13\bin\server\jvm.dll
0x00007fffc78f0000 - 0x00007fffc78f8000 	C:\Windows\System32\PSAPI.DLL
0x00007fffb2f50000 - 0x00007fffb2f77000 	C:\Windows\SYSTEM32\WINMM.dll
0x00007fffc31a0000 - 0x00007fffc31a9000 	C:\Windows\SYSTEM32\WSOCK32.dll
0x00007fffc84d0000 - 0x00007fffc853b000 	C:\Windows\System32\WS2_32.dll
0x00007fffc45d0000 - 0x00007fffc45e2000 	C:\Windows\SYSTEM32\kernel.appcore.dll
0x00007fffbdda0000 - 0x00007fffbddb0000 	C:\Program Files\Java\jdk-11.0.13\bin\verify.dll
0x00007fffb2fd0000 - 0x00007fffb31b4000 	C:\Windows\SYSTEM32\DBGHELP.DLL
0x00007fffb29c0000 - 0x00007fffb29ec000 	C:\Windows\SYSTEM32\dbgcore.DLL
0x00007fffc60e0000 - 0x00007fffc6163000 	C:\Windows\System32\bcryptPrimitives.dll
0x00007fffb2500000 - 0x00007fffb2528000 	C:\Program Files\Java\jdk-11.0.13\bin\java.dll
0x00007fffb5ae0000 - 0x00007fffb5aea000 	C:\Program Files\Java\jdk-11.0.13\bin\jimage.dll
0x00007fffc1610000 - 0x00007fffc161e000 	C:\Program Files\Java\jdk-11.0.13\bin\instrument.dll
0x00007fffb1e00000 - 0x00007fffb1e16000 	C:\Program Files\Java\jdk-11.0.13\bin\zip.dll

dbghelp: loaded successfully - version: 4.0.5 - missing functions: none
symbol engine: initialized successfully - sym options: 0x614 - pdb path: .;C:\Program Files\Java\jdk-11.0.13\bin;C:\Windows\SYSTEM32;C:\Windows\WinSxS\amd64_microsoft.windows.common-controls_6595b64144ccf1df_6.0.19041.1110_none_60b5254171f9507e;C:\Program Files\Java\jdk-11.0.13\bin\server

VM Arguments:
jvm_args: -javaagent:C:\Program Files\JetBrains\IntelliJ IDEA Community Edition 2021.2.3\lib\idea_rt.jar=54742:C:\Program Files\JetBrains\IntelliJ IDEA Community Edition 2021.2.3\bin -Dfile.encoding=UTF-8 
java_command: Main
java_class_path (initial): C:\Users\Korey\IdeaProjects\RevatureP1\target\scala-2.13\classes;C:\Users\Korey\AppData\Local\Coursier\cache\v1\https\repo1.maven.org\maven2\com\clearspring\analytics\stream\2.9.6\stream-2.9.6.jar;C:\Users\Korey\AppData\Local\Coursier\cache\v1\https\repo1.maven.org\maven2\com\esotericsoftware\kryo-shaded\4.0.2\kryo-shaded-4.0.2.jar;C:\Users\Korey\AppData\Local\Coursier\cache\v1\https\repo1.maven.org\maven2\com\esotericsoftware\minlog\1.3.0\minlog-1.3.0.jar;C:\Users\Korey\AppData\Local\Coursier\cache\v1\https\repo1.maven.org\maven2\com\fasterxml\jackson\core\jackson-annotations\2.12.3\jackson-annotations-2.12.3.jar;C:\Users\Korey\AppData\Local\Coursier\cache\v1\https\repo1.maven.org\maven2\com\fasterxml\jackson\core\jackson-core\2.12.3\jackson-core-2.12.3.jar;C:\Users\Korey\AppData\Local\Coursier\cache\v1\https\repo1.maven.org\maven2\com\fasterxml\jackson\core\jackson-databind\2.12.3\jackson-databind-2.12.3.jar;C:\Users\Korey\AppData\Local\Coursier\cache\v1\https\repo1.maven.org\maven2\com\fasterxml\jackson\module\jackson-module-scala_2.13\2.12.3\jackson-module-scala_2.13-2.12.3.jar;C:\Users\Korey\AppData\Local\Coursier\cache\v1\https\repo1.maven.org\maven2\com\github\joshelser\dropwizard-metrics-hadoop-metrics2-reporter\0.1.2\dropwizard-metrics-hadoop-metrics2-reporter-0.1.2.jar;C:\Users\Korey\AppData\Local\Coursier\cache\v1\https\repo1.maven.org\maven2\com\github\luben\zstd-jni\1.5.0-4\zstd-jni-1.5.0-4.jar;C:\Users\Korey\AppData\Local\Coursier\cache\v1\https\repo1.maven.org\maven2\com\google\code\findbugs\jsr305\3.0.2\jsr305-3.0.2.jar;C:\Users\Korey\AppData\Local\Coursier\cache\v1\https\repo1.maven.org\maven2\com\google\code\gson\gson\2.8.6\gson-2.8.6.jar;C:\Users\Korey\AppData\Local\Coursier\cache\v1\https\repo1.maven.org\maven2\com\google\crypto\tink\tink\1.6.0\tink-1.6.0.jar;C:\Users\Korey\AppData\Local\Coursier\cache\v1\https\repo1.maven.org\maven2\com\google\flatbuffers\flatbuffers-java\1.9.0\flatbuffers-java-1.9.0.jar;C:\Users\Kor
Launcher Type: SUN_STANDARD

[Global flags]
     intx CICompilerCount                          = 3                                         {product} {ergonomic}
     uint ConcGCThreads                            = 1                                         {product} {ergonomic}
     uint G1ConcRefinementThreads                  = 4                                         {product} {ergonomic}
   size_t G1HeapRegionSize                         = 1048576                                   {product} {ergonomic}
    uintx GCDrainStackTargetSize                   = 64                                        {product} {ergonomic}
   size_t InitialHeapSize                          = 134217728                                 {product} {ergonomic}
   size_t MarkStackSize                            = 4194304                                   {product} {ergonomic}
   size_t MaxHeapSize                              = 2122317824                                {product} {ergonomic}
   size_t MinHeapDeltaBytes                        = 1048576                                   {product} {ergonomic}
    uintx NonNMethodCodeHeapSize                   = 5830732                                {pd product} {ergonomic}
    uintx NonProfiledCodeHeapSize                  = 122913754                              {pd product} {ergonomic}
    uintx ProfiledCodeHeapSize                     = 122913754                              {pd product} {ergonomic}
    uintx ReservedCodeCacheSize                    = 251658240                              {pd product} {ergonomic}
     bool SegmentedCodeCache                       = true                                      {product} {ergonomic}
     bool UseCompressedClassPointers               = true                                 {lp64_product} {ergonomic}
     bool UseCompressedOops                        = true                                 {lp64_product} {ergonomic}
     bool UseG1GC                                  = true                                      {product} {ergonomic}
     bool UseLargePagesIndividualAllocation        = false                                  {pd product} {ergonomic}

Logging:
Log output configuration:
 #0: stdout all=warning uptime,level,tags
 #1: stderr all=off uptime,level,tags

Environment Variables:
PATH=C:\Program Files\Common Files\Oracle\Java\javapath;C:\Program Files (x86)\Intel\iCLS Client\;C:\Program Files\Intel\iCLS Client\;C:\Windows\system32;C:\Windows;C:\Windows\System32\Wbem;C:\Windows\System32\WindowsPowerShell\v1.0\;C:\Windows\System32\OpenSSH\;C:\Program Files (x86)\sbt\bin;C:\Program Files (x86)\scala\bin;C:\Program Files\Git\cmd;C:\hadoop\bin;C:\spark-3.2.0-bin-hadoop3.2\bin;C:\Program Files\MySQL\MySQL Shell 8.0\bin\;C:\Users\Korey\AppData\Local\Microsoft\WindowsApps;;C:\Program Files\JetBrains\IntelliJ IDEA Community Edition 2021.2.3\bin;
USERNAME=Korey
OS=Windows_NT
PROCESSOR_IDENTIFIER=Intel64 Family 6 Model 61 Stepping 4, GenuineIntel



---------------  S Y S T E M  ---------------

OS: Windows 10 , 64 bit Build 19041 (10.0.19041.1320)
Hyper-V role detected

CPU:total 4 (initial active 4) (2 cores per cpu, 2 threads per core) family 6 model 61 stepping 4 microcode 0x2f, cmov, cx8, fxsr, mmx, sse, sse2, sse3, ssse3, sse4.1, sse4.2, popcnt, avx, avx2, aes, clmul, erms, 3dnowpref, lzcnt, ht, tsc, tscinvbit, bmi1, bmi2, adx, fma

Memory: 4k page, system-wide physical 8094M (1647M free)
TotalPageFile size 10142M (AvailPageFile size 75M)
current process WorkingSet (physical memory assigned to process): 10M, peak: 10M
current process commit charge ("private bytes"): 51M, peak: 179M

vm_info: Java HotSpot(TM) 64-Bit Server VM (11.0.13+10-LTS-370) for windows-amd64 JRE (11.0.13+10-LTS-370), built on Sep 15 2021 22:10:36 by "mach5one" with MS VC++ 15.9 (VS2017)

END.
